Log file open, 10/27/17 17:09:25
LogWindows: Failed to load 'aqProf.dll' (GetLastError=126)
LogWindows: File 'aqProf.dll' does not exist
LogWindows: Failed to load 'VtuneApi.dll' (GetLastError=126)
LogWindows: File 'VtuneApi.dll' does not exist
LogWindows: Failed to load 'VtuneApi32e.dll' (GetLastError=126)
LogWindows: File 'VtuneApi32e.dll' does not exist
LogInit: Display: Running engine for game: KnickKnackWackyStack
LogPlatformFile: Not using cached read wrapper
LogInit: Display: RandInit(403930692) SRandInit(403930692).
LogTaskGraph: Started task graph with 5 named threads and 14 total threads with 3 sets of task threads.
LogStats: Stats thread started at 0.220032
LogD3D11RHI: Aftermath initialized
LogPluginManager: Mounting plugin Paper2D
LogPluginManager: Mounting plugin LightPropagationVolume
LogPluginManager: Mounting plugin CodeLiteSourceCodeAccess
LogPluginManager: Mounting plugin GitSourceControl
LogPluginManager: Mounting plugin KDevelopSourceCodeAccess
LogPluginManager: Mounting plugin NullSourceCodeAccess
LogPluginManager: Mounting plugin PerforceSourceControl
LogPluginManager: Mounting plugin SubversionSourceControl
LogPluginManager: Mounting plugin UObjectPlugin
LogPluginManager: Mounting plugin VisualStudioSourceCodeAccess
LogPluginManager: Mounting plugin XCodeSourceCodeAccess
LogPluginManager: Mounting plugin AssetManagerEditor
LogPluginManager: Mounting plugin AudioCapture
LogPluginManager: Mounting plugin FacialAnimation
LogPluginManager: Mounting plugin GameplayTagsEditor
LogPluginManager: Mounting plugin MobileLauncherProfileWizard
LogPluginManager: Mounting plugin PluginBrowser
LogPluginManager: Mounting plugin SpeedTreeImporter
LogPluginManager: Mounting plugin AlembicImporter
LogPluginManager: Mounting plugin CharacterAI
LogPluginManager: Mounting plugin HTML5Networking
LogPluginManager: Mounting plugin AndroidMedia
LogPluginManager: Mounting plugin AvfMedia
LogPluginManager: Mounting plugin MediaPlayerEditor
LogPluginManager: Mounting plugin WmfMedia
LogPluginManager: Mounting plugin TcpMessaging
LogPluginManager: Mounting plugin UdpMessaging
LogPluginManager: Mounting plugin LevelSequenceEditor
LogPluginManager: Mounting plugin MatineeToLevelSequence
LogPluginManager: Mounting plugin OnlineSubsystemGooglePlay
LogPluginManager: Mounting plugin OnlineSubsystemIOS
LogPluginManager: Mounting plugin OnlineSubsystem
LogPluginManager: Mounting plugin OnlineSubsystemNull
LogPluginManager: Mounting plugin OnlineSubsystemUtils
LogPluginManager: Mounting plugin AndroidDeviceProfileSelector
LogPluginManager: Mounting plugin AndroidMoviePlayer
LogPluginManager: Mounting plugin AndroidPermission
LogPluginManager: Mounting plugin AppleMoviePlayer
LogPluginManager: Mounting plugin ArchVisCharacter
LogPluginManager: Mounting plugin CableComponent
LogPluginManager: Mounting plugin CustomMeshComponent
LogPluginManager: Mounting plugin ExampleDeviceProfileSelector
LogPluginManager: Mounting plugin GoogleCloudMessaging
LogPluginManager: Mounting plugin ImmediatePhysics
LogPluginManager: Mounting plugin IOSDeviceProfileSelector
LogPluginManager: Mounting plugin LinuxDeviceProfileSelector
LogPluginManager: Mounting plugin LocationServicesBPLibrary
LogPluginManager: Mounting plugin MobilePatchingUtils
LogPluginManager: Mounting plugin OculusVR
LogPluginManager: Mounting plugin PhysXVehicles
LogPluginManager: Mounting plugin ProceduralMeshComponent
LogPluginManager: Mounting plugin RuntimePhysXCooking
LogPluginManager: Mounting plugin SteamVR
LogPluginManager: Mounting plugin WindowsMoviePlayer
LogInit: Using libcurl 7.47.1
LogInit:  - built for x86_64-pc-win32
LogInit:  - supports SSL with OpenSSL/1.0.2g
LogInit:  - supports HTTP deflate (compression) using libz 1.2.8
LogInit:  - other features:
LogInit:      CURL_VERSION_SSL
LogInit:      CURL_VERSION_LIBZ
LogInit:      CURL_VERSION_IPV6
LogInit:      CURL_VERSION_ASYNCHDNS
LogInit:      CURL_VERSION_LARGEFILE
LogInit:      CURL_VERSION_IDN
LogInit:  CurlRequestOptions (configurable via config and command line):
LogInit:  - bVerifyPeer = false  - Libcurl will NOT verify peer certificate
LogInit:  - bUseHttpProxy = false  - Libcurl will NOT use HTTP proxy
LogInit:  - bDontReuseConnections = false  - Libcurl will reuse connections
LogInit:  - CertBundlePath = nullptr  - Libcurl will use whatever was configured at build time.
LogInit: Build: ++UE4+Release-4.17-CL-3658906
LogInit: Engine Version: 4.17.2-3658906+++UE4+Release-4.17
LogInit: Compatible Engine Version: 4.17.0-3573198+++UE4+Release-4.17
LogInit: Net CL: 3573198
LogDevObjectVersion: Number of dev versions registered: 16
LogDevObjectVersion:   Dev-Blueprints (B0D832E4-1F89-4F0D-ACCF-7EB736FD4AA2): 10
LogDevObjectVersion:   Dev-Build (E1C64328-A22C-4D53-A36C-8E866417BD8C): 0
LogDevObjectVersion:   Dev-Core (375EC13C-06E4-48FB-B500-84F0262A717E): 2
LogDevObjectVersion:   Dev-Editor (E4B068ED-F494-42E9-A231-DA0B2E46BB41): 20
LogDevObjectVersion:   Dev-Framework (CFFC743F-43B0-4480-9391-14DF171D2073): 28
LogDevObjectVersion:   Dev-Mobile (B02B49B5-BB20-44E9-A304-32B752E40360): 0
LogDevObjectVersion:   Dev-Networking (A4E4105C-59A1-49B5-A7C5-40C4547EDFEE): 0
LogDevObjectVersion:   Dev-Online (39C831C9-5AE6-47DC-9A44-9C173E1C8E7C): 0
LogDevObjectVersion:   Dev-Physics (78F01B33-EBEA-4F98-B9B4-84EACCB95AA2): 0
LogDevObjectVersion:   Dev-Platform (6631380F-2D4D-43E0-8009-CF276956A95A): 0
LogDevObjectVersion:   Dev-Rendering (12F88B9F-8875-4AFC-A67C-D90C383ABD29): 19
LogDevObjectVersion:   Dev-Sequencer (7B5AE74C-D270-4C10-A958-57980B212A5A): 4
LogDevObjectVersion:   Dev-VR (D7296918-1DD6-4BDD-9DE2-64A83CC13884): 0
LogDevObjectVersion:   Dev-LoadTimes (C2A15278-BFE7-4AFE-6C17-90FF531DF755): 1
LogDevObjectVersion:   Private-Geometry (6EACA3D4-40EC-4CC1-B786-8BED09428FC5): 1
LogDevObjectVersion:   Dev-AnimPhys (29E575DD-E0A3-4627-9D10-D276232CDCEA): 7
LogInit: Compiled (64-bit): Sep 22 2017 13:47:16
LogInit: Compiled with Visual C++: 19.00.24215.01
LogInit: Build Configuration: Development
LogInit: Branch Name: ++UE4+Release-4.17
LogInit: Command line:  
LogInit: Base directory: D:/UE_4.17/Engine/Binaries/Win64/
LogInit: Installed Engine Build: 1
LogInit: Presizing for max 8388607 objects, including 0 objects not considered by GC, pre-allocating 0 bytes for permanent pool.
LogInit: Object subsystem initialized
[2017.10.28-00.09.26:530][  0]LogInit: Selected Device Profile: [Windows]
[2017.10.28-00.09.26:530][  0]LogInit: Applying CVar settings loaded from the selected device profile: [Windows]
[2017.10.28-00.09.26:567][  0]LogInit: Computer: DESKTOP-H749E0P
[2017.10.28-00.09.26:567][  0]LogInit: User: chris
[2017.10.28-00.09.26:567][  0]LogInit: CPU Page size=4096, Cores=4
[2017.10.28-00.09.26:567][  0]LogInit: High frequency timer resolution =2.531254 MHz
[2017.10.28-00.09.26:567][  0]LogMemory: Memory total: Physical=15.9GB (16GB approx)
[2017.10.28-00.09.26:568][  0]LogMemory: Platform Memory Stats for Windows
[2017.10.28-00.09.26:568][  0]LogMemory: Process Physical Memory: 278.83 MB used, 278.83 MB peak
[2017.10.28-00.09.26:568][  0]LogMemory: Process Virtual Memory: 274.28 MB used, 274.28 MB peak
[2017.10.28-00.09.26:568][  0]LogMemory: Physical Memory: 7207.29 MB used,  9060.29 MB free, 16267.58 MB total
[2017.10.28-00.09.26:568][  0]LogMemory: Virtual Memory: 669.05 MB used,  9060.29 MB free, 134217728.00 MB total
[2017.10.28-00.09.27:052][  0]LogInit: Using OS detected language (en-US).
[2017.10.28-00.09.27:052][  0]LogInit: Using OS detected locale (en-CA).
[2017.10.28-00.09.27:140][  0]LogTextLocalizationManager: No specific localization for 'en-US' exists, so the 'en' localization will be used.
[2017.10.28-00.09.31:336][  0]LogD3D11RHI: D3D11 adapters:
[2017.10.28-00.09.31:399][  0]LogD3D11RHI:    0. 'NVIDIA GeForce GTX 1060' (Feature Level 11_0)
[2017.10.28-00.09.31:399][  0]LogD3D11RHI:       6084/0/8133 MB DedicatedVideo/DedicatedSystem/SharedSystem, Outputs:2, VendorId:0x10de
[2017.10.28-00.09.31:406][  0]LogD3D11RHI:    1. 'Intel(R) HD Graphics 530' (Feature Level 11_0)
[2017.10.28-00.09.31:406][  0]LogD3D11RHI:       128/0/8133 MB DedicatedVideo/DedicatedSystem/SharedSystem, Outputs:0, VendorId:0x8086
[2017.10.28-00.09.31:408][  0]LogD3D11RHI:    2. 'Microsoft Basic Render Driver' (Feature Level 11_0)
[2017.10.28-00.09.31:408][  0]LogD3D11RHI:       0/0/8133 MB DedicatedVideo/DedicatedSystem/SharedSystem, Outputs:0, VendorId:0x1414
[2017.10.28-00.09.31:408][  0]LogD3D11RHI: Chosen D3D11 Adapter: 0
[2017.10.28-00.09.31:424][  0]LogD3D11RHI: Creating new Direct3DDevice
[2017.10.28-00.09.31:424][  0]LogD3D11RHI:     GPU DeviceId: 0x1c20 (for the marketing name, search the web for "GPU Device Id")
[2017.10.28-00.09.31:425][  0]LogWindows: EnumDisplayDevices:
[2017.10.28-00.09.31:425][  0]LogWindows:    0. 'Intel(R) HD Graphics 530' (P:0 D:1)
[2017.10.28-00.09.31:425][  0]LogWindows:    1. 'Intel(R) HD Graphics 530' (P:0 D:0)
[2017.10.28-00.09.31:425][  0]LogWindows:    2. 'Intel(R) HD Graphics 530' (P:0 D:0)
[2017.10.28-00.09.31:426][  0]LogWindows:    3. 'NVIDIA GeForce GTX 1060' (P:1 D:1)
[2017.10.28-00.09.31:426][  0]LogWindows: DebugString: PrimaryIsNotTheChoosenAdapter PrimaryIsNotTheChoosenAdapter PrimaryIsNotTheChoosenAdapter 
[2017.10.28-00.09.31:426][  0]LogD3D11RHI:     Adapter Name: NVIDIA GeForce GTX 1060
[2017.10.28-00.09.31:426][  0]LogD3D11RHI:   Driver Version: 382.05 (internal:22.21.13.8205, unified:382.05)
[2017.10.28-00.09.31:426][  0]LogD3D11RHI:      Driver Date: 5-1-2017
[2017.10.28-00.09.31:426][  0]LogRHI: Texture pool is 1361 MB (70% of 1945 MB)
[2017.10.28-00.09.31:469][  0]LogD3D11RHI: Async texture creation enabled
[2017.10.28-00.09.31:512][  0]LogD3D11RHI: GPU Timing Frequency: 1000.000000 (Debug: 2 1)
[2017.10.28-00.09.31:573][  0]LogShaderCompilers: Guid format shader working directory is -11 characters bigger than the processId version (../../../../Knick_Knack_Wacky_Stack/KnickKnackWackyStack/Intermediate/Shaders/WorkingDirectory/30060/).
[2017.10.28-00.09.31:573][  0]LogShaderCompilers: Cleaned the shader compiler working directory 'C:/Users/chris/AppData/Local/Temp/UnrealShaderWorkingDir/EDD5E87B4C454DB7379719A434C33164/'.
[2017.10.28-00.09.31:574][  0]LogShaderCompilers: Display: Using Local Shader Compiler.
[2017.10.28-00.09.34:626][  0]LogTemp: Display: Loaded TP AllDesktopTargetPlatform
[2017.10.28-00.09.34:670][  0]LogTemp: Display: Loaded TP MacClientTargetPlatform
[2017.10.28-00.09.34:721][  0]LogTemp: Display: Loaded TP MacNoEditorTargetPlatform
[2017.10.28-00.09.34:773][  0]LogTemp: Display: Loaded TP MacServerTargetPlatform
[2017.10.28-00.09.34:833][  0]LogTemp: Display: Loaded TP MacTargetPlatform
[2017.10.28-00.09.34:894][  0]LogTemp: Display: Loaded TP WindowsClientTargetPlatform
[2017.10.28-00.09.34:941][  0]LogTemp: Display: Loaded TP WindowsNoEditorTargetPlatform
[2017.10.28-00.09.34:986][  0]LogTemp: Display: Loaded TP WindowsServerTargetPlatform
[2017.10.28-00.09.35:027][  0]LogTemp: Display: Loaded TP WindowsTargetPlatform
[2017.10.28-00.09.35:085][  0]LogTemp: Display: Loaded TP AndroidTargetPlatform
[2017.10.28-00.09.35:134][  0]LogTemp: Display: Loaded TP Android_ASTCTargetPlatform
[2017.10.28-00.09.35:192][  0]LogTemp: Display: Loaded TP Android_ATCTargetPlatform
[2017.10.28-00.09.35:240][  0]LogTemp: Display: Loaded TP Android_DXTTargetPlatform
[2017.10.28-00.09.35:287][  0]LogTemp: Display: Loaded TP Android_ETC1TargetPlatform
[2017.10.28-00.09.35:338][  0]LogTemp: Display: Loaded TP Android_ETC2TargetPlatform
[2017.10.28-00.09.35:435][  0]LogTemp: Display: Loaded TP Android_MultiTargetPlatform
[2017.10.28-00.09.35:435][  0]LogTemp: Display: Loaded TP Android_PVRTCTargetPlatform
[2017.10.28-00.09.35:473][  0]LogTemp: Display: Loaded TP HTML5TargetPlatform
[2017.10.28-00.09.35:596][  0]LogTemp: Display: Loaded TP IOSTargetPlatform
[2017.10.28-00.09.35:623][  0]LogTemp: Display: Loaded TP TVOSTargetPlatform
[2017.10.28-00.09.35:672][  0]LogTemp: Display: Loaded TP LinuxClientTargetPlatform
[2017.10.28-00.09.35:719][  0]LogTemp: Display: Loaded TP LinuxNoEditorTargetPlatform
[2017.10.28-00.09.35:762][  0]LogTemp: Display: Loaded TP LinuxServerTargetPlatform
[2017.10.28-00.09.35:816][  0]LogTemp: Display: Loaded TP LinuxTargetPlatform
[2017.10.28-00.09.35:816][  0]LogTargetPlatformManager: Display: Building Assets For Windows
[2017.10.28-00.09.36:662][  0]LogDerivedDataCache: Display: Max Cache Size: 512 MB
[2017.10.28-00.09.37:267][  0]LogDerivedDataCache: Loaded boot cache 0.60s 93MB C:/Users/chris/AppData/Local/UnrealEngine/4.17/DerivedDataCache/Boot.ddc.
[2017.10.28-00.09.37:267][  0]LogDerivedDataCache: Display: Loaded Boot cache: C:/Users/chris/AppData/Local/UnrealEngine/4.17/DerivedDataCache/Boot.ddc
[2017.10.28-00.09.37:267][  0]LogDerivedDataCache: FDerivedDataBackendGraph:  Pak pak cache file ../../../../Knick_Knack_Wacky_Stack/KnickKnackWackyStack/DerivedDataCache/DDC.ddp not found, will not use a pak cache.
[2017.10.28-00.09.37:267][  0]LogDerivedDataCache: Unable to find inner node Pak for hierarchical cache Hierarchy.
[2017.10.28-00.09.37:267][  0]LogDerivedDataCache: FDerivedDataBackendGraph:  CompressedPak pak cache file ../../../../Knick_Knack_Wacky_Stack/KnickKnackWackyStack/DerivedDataCache/Compressed.ddp not found, will not use a pak cache.
[2017.10.28-00.09.37:267][  0]LogDerivedDataCache: Unable to find inner node CompressedPak for hierarchical cache Hierarchy.
[2017.10.28-00.09.37:300][  0]LogDerivedDataCache: Display: Pak cache opened for reading ../../../Engine/DerivedDataCache/Compressed.ddp.
[2017.10.28-00.09.37:313][  0]LogDerivedDataCache: Using Local data cache path C:/Users/chris/AppData/Local/UnrealEngine/Common/DerivedDataCache: Writable
[2017.10.28-00.09.37:331][  0]LogMaterial: Verifying Global Shaders for PCD3D_SM5
[2017.10.28-00.09.37:338][  0]LogSlate: Using Freetype 2.6.0
[2017.10.28-00.09.37:363][  0]LogSlate: SlateFontCache - WITH_FREETYPE: 1, WITH_HARFBUZZ: 1
[2017.10.28-00.09.37:364][  0]LogSlate: SlateFontCache - WITH_FREETYPE: 1, WITH_HARFBUZZ: 1
[2017.10.28-00.09.41:258][  0]LogAssetRegistry: FAssetRegistry took 0.0319 seconds to start up
[2017.10.28-00.09.41:458][  0]LogInit: Selected Device Profile: [Windows]
[2017.10.28-00.09.42:003][  0]LogContentStreaming: Texture pool size is 0.00 MB
[2017.10.28-00.09.42:439][  0]LogSimplygon: Simplygon DLL not present - disabling.
[2017.10.28-00.09.42:473][  0]LogMeshReduction: Using SimplygonSwarm for distributed automatic mesh merging
[2017.10.28-00.09.42:474][  0]LogMeshReduction: Using QuadricMeshReduction for automatic static mesh reduction
[2017.10.28-00.09.42:474][  0]LogMeshReduction: No automatic skeletal mesh reduction module available
[2017.10.28-00.09.42:474][  0]LogMeshReduction: No automatic mesh merging module available
[2017.10.28-00.09.42:474][  0]LogMeshMerging: No automatic mesh merging module available
[2017.10.28-00.09.43:456][  0]LogNetVersion: KnickKnackWackyStack , NetCL: 3573198, EngineNetVer: 2, GameNetVer: 0 (Checksum: 3432637998)
[2017.10.28-00.09.43:894][  0]LogPackageLocalizationCache: Processed 5 localized package path(s) for 2 prioritized culture(s) in 0.055553 seconds
[2017.10.28-00.09.43:901][  0]LogUObjectArray: 35825 objects as part of root set at end of initial load.
[2017.10.28-00.09.43:901][  0]LogUObjectAllocator: 7529104 out of 0 bytes used by permanent object pool.
[2017.10.28-00.09.43:901][  0]LogUObjectArray: CloseDisregardForGC: 0/0 objects in disregard for GC pool
[2017.10.28-00.09.43:946][  0]LogInit: WinSock: version 1.1 (2.2), MaxSocks=32767, MaxUdp=65467
[2017.10.28-00.09.50:811][  0]LogTcpMessaging: Initializing TcpMessaging bridge
[2017.10.28-00.09.50:847][  0]LogUdpMessaging: Initializing bridge on interface 0.0.0.0:0 to multicast group 230.0.0.1:6666.
[2017.10.28-00.09.51:531][  0]LogMaterial: Uniform references updated for custom material expression Custom.
[2017.10.28-00.09.51:937][  0]SourceControl: Source control is disabled
[2017.10.28-00.09.51:937][  0]SourceControl: Source control is disabled
[2017.10.28-00.09.51:982][  0]SourceControl: Source control is disabled
[2017.10.28-00.09.52:026][  0]SourceControl: Source control is disabled
[2017.10.28-00.09.52:609][  0]LogAndroidPermission: UAndroidPermissionCallbackProxy::GetInstance
[2017.10.28-00.09.52:818][  0]LogOcInput: OculusInput pre-init called
[2017.10.28-00.09.53:091][  0]LogEngine: Initializing Engine...
[2017.10.28-00.09.53:354][  0]LogHMD: Failed to initialize OpenVR with code 126
[2017.10.28-00.09.53:701][  0]LogStats: UGameplayTagsManager::ConstructGameplayTagTree: Construct from data asset -  0.000 s
[2017.10.28-00.09.53:702][  0]LogStats: UGameplayTagsManager::ConstructGameplayTagTree: GameplayTagTreeChangedEvent.Broadcast -  0.001 s
[2017.10.28-00.09.53:871][  0]LogAIModule: Creating AISystem for world Untitled
[2017.10.28-00.09.53:906][  0]LogInit: XAudio2 using 'HP Spectre 32-C (NVIDIA High Definition Audio)' : 2 channels at 48 kHz using 16 bits per sample (channel mask 0x3)
[2017.10.28-00.09.53:946][  0]LogInit: FAudioDevice initialized.
[2017.10.28-00.09.54:049][  0]LogDerivedDataCache: Saved boot cache 0.10s 93MB C:/Users/chris/AppData/Local/UnrealEngine/4.17/DerivedDataCache/Boot.ddc.
[2017.10.28-00.09.54:067][  0]LogInit: Texture streaming: Enabled
[2017.10.28-00.09.54:152][  0]LogEngineSessionManager: EngineSessionManager initialized
[2017.10.28-00.09.54:423][  0]LogWindowsTextInputMethodSystem: Display: IME system now deactivated.
[2017.10.28-00.09.54:558][  0]LogInit: Transaction tracking system initialized
[2017.10.28-00.09.54:937][  0]BlueprintLog: New page: Editor Load
[2017.10.28-00.09.55:836][  0]LocalizationService: Localization service is disabled
[2017.10.28-00.09.56:481][  0]LogConsoleResponse: Display: 
[2017.10.28-00.09.56:835][  0]LogCook: Display: Max memory allowance for cook 16384mb min free memory 0mb
[2017.10.28-00.09.56:835][  0]LogCook: Display: Mobile HDR setting 1
[2017.10.28-00.09.56:837][  0]LogGameplayTags: Display: UGameplayTagsManager::DoneAddingNativeTags. DelegateIsBound: 0
[2017.10.28-00.09.57:817][  0]SourceControl: Source control is disabled
[2017.10.28-00.09.57:819][  0]Cmd: MAP LOAD FILE="../../../../Knick_Knack_Wacky_Stack/KnickKnackWackyStack/Content/VirtualRealityBP/Maps/StartupMap.umap" TEMPLATE=0 SHOWPROGRESS=1 FEATURELEVEL=3
[2017.10.28-00.09.57:821][  0]LightingResults: New page: Lighting Build
[2017.10.28-00.09.57:870][  0]MapCheck: New page: Map Check
[2017.10.28-00.09.57:870][  0]LightingResults: New page: Lighting Build
[2017.10.28-00.09.58:070][  0]LogAIModule: Creating AISystem for world StartupMap
[2017.10.28-00.09.58:099][  0]LogEditorServer: Finished looking for orphan Actors (0.000 secs)
[2017.10.28-00.09.58:123][  0]Cmd: MAP CHECKDEP NOCLEARLOG
[2017.10.28-00.09.58:181][  0]MapCheck: Map check complete: 0 Error(s), 0 Warning(s), took 57.754ms to complete.
[2017.10.28-00.09.58:181][  0]LogFileHelpers: Loading map 'StartupMap' took 0.363
[2017.10.28-00.09.58:648][  0]LogCollectionManager: Loaded 0 collections in 0.000982 seconds
[2017.10.28-00.09.58:745][  0]LogFileCache: Scanning file cache for directory 'D:/Knick_Knack_Wacky_Stack/KnickKnackWackyStack/Saved/Collections/' took 0.01s
[2017.10.28-00.09.58:745][  0]LogFileCache: Scanning file cache for directory 'D:/Knick_Knack_Wacky_Stack/KnickKnackWackyStack/Content/Developers/chris/Collections/' took 0.01s
[2017.10.28-00.09.58:745][  0]LogFileCache: Scanning file cache for directory 'D:/Knick_Knack_Wacky_Stack/KnickKnackWackyStack/Content/Collections/' took 0.01s
[2017.10.28-00.09.58:745][  0]LogCollectionManager: Rebuilt the GUID cache for 0 collections in 0.000001 seconds
[2017.10.28-00.09.58:760][  0]LogContentBrowser: Native class hierarchy populated in 0.0129 seconds. Added 2386 classes and 500 folders.
[2017.10.28-00.09.58:817][  0]LogContentBrowser: Native class hierarchy updated for 'WidgetCarousel' in 0.0014 seconds. Added 0 classes and 0 folders.
[2017.10.28-00.09.59:378][  0]LogContentBrowser: Native class hierarchy updated for 'AddContentDialog' in 0.0007 seconds. Added 0 classes and 0 folders.
[2017.10.28-00.09.59:420][  0]LogContentBrowser: Native class hierarchy updated for 'SceneOutliner' in 0.0006 seconds. Added 1 classes and 2 folders.
[2017.10.28-00.09.59:627][  0]LogSlate: Took 0.011301 seconds to synchronously load lazily loaded font '../../../Engine/Content/Slate/Fonts/Roboto-Regular.ttf' (155K)
[2017.10.28-00.09.59:639][  0]LogSlate: Took 0.008768 seconds to synchronously load lazily loaded font '../../../Engine/Content/Slate/Fonts/Roboto-Bold.ttf' (160K)
[2017.10.28-00.09.59:657][  0]LogSlate: Took 0.011360 seconds to synchronously load lazily loaded font '../../../Engine/Content/Editor/Slate/Fonts/FontAwesome.ttf' (139K)
[2017.10.28-00.09.59:878][  0]LogRenderer: Reallocating scene render targets to support 1616x808 Format 26 NumSamples 1 (Frame:1).
[2017.10.28-00.10.00:223][  0]LogContentBrowser: Native class hierarchy updated for 'HierarchicalLODOutliner' in 0.0007 seconds. Added 1 classes and 2 folders.
[2017.10.28-00.10.00:223][  0]LogLoad: (Engine Initialization) Total time: 37.72 seconds
[2017.10.28-00.10.00:224][  0]LogLoad: (Engine Initialization) Total Blueprint compile time: 0.00 seconds
[2017.10.28-00.10.00:224][  0]LogExternalProfiler: Found external profiler: VSPerf
[2017.10.28-00.10.00:225][  0]LogExternalProfiler: Using external profiler: VSPerf
[2017.10.28-00.10.00:269][  0]LogContentStreaming: Texture pool size now 1000 MB
[2017.10.28-00.10.00:381][  1]LogAssetRegistry: Asset discovery search completed in 19.1466 seconds
[2017.10.28-00.10.00:384][  1]LogCollectionManager: Rebuilt the object cache for 0 collections in 0.000001 seconds (found 0 objects)
[2017.10.28-00.10.00:384][  1]LogCollectionManager: Fixed up redirectors for 0 collections in 0.000077 seconds (updated 0 objects)
[2017.10.28-00.10.04:277][222]LogSlate: Took 0.014247 seconds to synchronously load lazily loaded font '../../../Engine/Content/Slate/Fonts/Roboto-Light.ttf' (159K)
[2017.10.28-00.10.05:206][222]LogTexture: Display: Building textures: starbox (BGRA8, 1453X1578)
[2017.10.28-00.10.05:206][222]LogTexture: Display: Building textures: Text_Carpet_01 (AutoDXT, 1024X1024)
[2017.10.28-00.10.05:213][222]LogSlate: Took 0.000264 seconds to synchronously load lazily loaded font '../../../Engine/Content/Slate/Fonts/Roboto-Regular.ttf' (155K)
[2017.10.28-00.10.05:223][222]LogMaterial: Missing cached shader map for material Mat_Starbox_01, compiling. 
[2017.10.28-00.10.05:283][222]LogMaterial: Missing cached shader map for material Yellow, compiling. 
[2017.10.28-00.10.05:304][222]LogMaterial: Missing cached shader map for material PaleGreen, compiling. 
[2017.10.28-00.10.05:325][222]LogMaterial: Missing cached shader map for material Opal, compiling. 
[2017.10.28-00.10.05:347][222]LogMaterial: Missing cached shader map for material Lime1, compiling. 
[2017.10.28-00.10.05:368][222]LogMaterial: Missing cached shader map for material Frost, compiling. 
[2017.10.28-00.10.05:406][222]LogMaterial: Missing cached shader map for material Beige, compiling. 
[2017.10.28-00.10.05:434][222]LogStaticMesh: Building static mesh ToyBox...
[2017.10.28-00.10.05:460][222]LogStaticMesh: Built static mesh [0.03s] /Game/VirtualRealityBP/Assets/ToyBox.ToyBox
[2017.10.28-00.10.05:468][222]LogMaterial: Missing cached shader map for material GreenPlastic, compiling. 
[2017.10.28-00.10.06:078][222]LogTexture: Display: Building textures: Text_Table_01 (AutoDXT, 4752X3168)
[2017.10.28-00.10.06:082][222]LogMaterial: Missing cached shader map for material Mat_Carpet_01, compiling. 
[2017.10.28-00.10.06:123][222]LogMaterial: Missing cached shader map for material Gold, compiling. 
[2017.10.28-00.10.06:147][222]LogMaterial: Missing cached shader map for material CyanPlastic, compiling. 
[2017.10.28-00.10.06:170][222]LogStaticMesh: Building static mesh EtchySketchy...
[2017.10.28-00.10.06:184][222]LogStaticMesh: Built static mesh [0.01s] /Game/VirtualRealityBP/Assets/EtchySketchy.EtchySketchy
[2017.10.28-00.10.06:189][222]LogMaterial: Missing cached shader map for material WhitePlastic, compiling. 
[2017.10.28-00.10.06:218][222]LogMaterial: Missing cached shader map for material Ruby, compiling. 
[2017.10.28-00.10.06:243][222]LogMaterial: Missing cached shader map for material RedPlastic, compiling. 
[2017.10.28-00.10.06:267][222]LogMaterial: Missing cached shader map for material Blue1, compiling. 
[2017.10.28-00.10.06:286][222]LogStaticMesh: Building static mesh Dollo...
[2017.10.28-00.10.06:303][222]LogStaticMesh: Built static mesh [0.02s] /Game/VirtualRealityBP/Assets/Dollo.Dollo
[2017.10.28-00.10.06:311][222]LogStaticMesh: Building static mesh SteeringWheel...
[2017.10.28-00.10.06:325][222]LogStaticMesh: Built static mesh [0.02s] /Game/VirtualRealityBP/Assets/SteeringWheel.SteeringWheel
[2017.10.28-00.10.06:341][222]LogStaticMesh: Building static mesh ToyBrick...
[2017.10.28-00.10.06:364][222]LogStaticMesh: Built static mesh [0.02s] /Game/VirtualRealityBP/Assets/ToyBrick.ToyBrick
[2017.10.28-00.10.06:369][222]LogStaticMesh: Building static mesh WoodenTrain...
[2017.10.28-00.10.06:380][222]LogStaticMesh: Built static mesh [0.01s] /Game/VirtualRealityBP/Assets/WoodenTrain.WoodenTrain
[2017.10.28-00.10.06:387][222]LogMaterial: Missing cached shader map for material YellowPlastic, compiling. 
[2017.10.28-00.10.06:404][222]LogStaticMesh: Building static mesh Desk...
[2017.10.28-00.10.06:419][222]LogStaticMesh: Built static mesh [0.01s] /Game/VirtualRealityBP/Assets/Desk.Desk
[2017.10.28-00.10.06:431][222]LogMaterial: Missing cached shader map for material Black1, compiling. 
[2017.10.28-00.10.31:046][222]LogMaterial: Missing cached shader map for material Mat_Table_01, compiling. 
[2017.10.28-00.10.31:427][222]LogMaterial: Missing cached shader map for material Mat_BoundingBox_Purple, compiling. 
[2017.10.28-00.10.31:485][222]LogMaterial: Missing cached shader map for material Mat_BoundingBox_Green, compiling. 
[2017.10.28-00.10.31:642][222]LogAIModule: Creating AISystem for world DemoLevel
[2017.10.28-00.10.31:688][222]Cmd: MAP LOAD FILE="../../../../Knick_Knack_Wacky_Stack/KnickKnackWackyStack/Content/VirtualRealityBP/Maps/DemoLevel.umap" TEMPLATE=0 SHOWPROGRESS=1 FEATURELEVEL=3
[2017.10.28-00.10.31:688][222]LightingResults: New page: Lighting Build
[2017.10.28-00.10.31:690][222]LoadErrors: New page: Loading map: DemoLevel.umap
[2017.10.28-00.10.31:691][222]MapCheck: New page: Map Check
[2017.10.28-00.10.31:692][222]LightingResults: New page: Lighting Build
[2017.10.28-00.10.31:927][222]LogEditorServer: Finished looking for orphan Actors (0.000 secs)
[2017.10.28-00.10.32:101][222]Cmd: MAP CHECKDEP NOCLEARLOG
[2017.10.28-00.10.32:179][222]MapCheck: Map check complete: 0 Error(s), 0 Warning(s), took 78.313ms to complete.
[2017.10.28-00.10.32:181][222]LogFileHelpers: Loading map 'DemoLevel' took 0.497
[2017.10.28-00.10.32:291][223]LogSynthBenchmark: Display: FSynthBenchmark (V0.95):  requested WorkScale=5.00
[2017.10.28-00.10.32:291][223]LogSynthBenchmark: Display: ===============
[2017.10.28-00.10.32:291][223]LogSynthBenchmark: Display: Main Processor:
[2017.10.28-00.10.32:560][223]LogSynthBenchmark: Display:          ... 0.031047 s/Run 'RayIntersect'
[2017.10.28-00.10.32:560][223]LogSynthBenchmark: Display:          ... 0.022566 s/Run 'Fractal'
[2017.10.28-00.10.32:560][223]LogSynthBenchmark: Display: 
[2017.10.28-00.10.32:560][223]LogSynthBenchmark: Display:   CompiledTarget_x_Bits: 64
[2017.10.28-00.10.32:560][223]LogSynthBenchmark: Display:   UE_BUILD_SHIPPING: 0
[2017.10.28-00.10.32:560][223]LogSynthBenchmark: Display:   UE_BUILD_TEST: 0
[2017.10.28-00.10.32:560][223]LogSynthBenchmark: Display:   UE_BUILD_DEBUG: 0
[2017.10.28-00.10.32:560][223]LogSynthBenchmark: Display:   TotalPhysicalGBRam: 16
[2017.10.28-00.10.32:560][223]LogSynthBenchmark: Display:   NumberOfCores (physical): 4
[2017.10.28-00.10.32:560][223]LogSynthBenchmark: Display:   NumberOfCores (logical): 8
[2017.10.28-00.10.32:560][223]LogSynthBenchmark: Display:   CPU Perf Index 0: 82.5 (weight 1.00)
[2017.10.28-00.10.32:560][223]LogSynthBenchmark: Display:   CPU Perf Index 1: 126.7 (weight 1.50)
[2017.10.28-00.10.32:560][223]LogSynthBenchmark: Display:  
[2017.10.28-00.10.32:560][223]LogSynthBenchmark: Display: Graphics:
[2017.10.28-00.10.32:560][223]LogSynthBenchmark: Display:   Adapter Name: 'NVIDIA GeForce GTX 1060'
[2017.10.28-00.10.32:560][223]LogSynthBenchmark: Display:   (On Optimus the name might be wrong, memory should be ok)
[2017.10.28-00.10.32:560][223]LogSynthBenchmark: Display:   Vendor Id: 0x10DE
[2017.10.28-00.10.32:560][223]LogSynthBenchmark: Display:   Device Id: 0x1C20
[2017.10.28-00.10.32:560][223]LogSynthBenchmark: Display:   Device Revision: 0xA1
[2017.10.28-00.10.32:560][223]LogSynthBenchmark: Display:   GPU Memory: 6085/0/8134 MB
[2017.10.28-00.10.32:643][223]LogSynthBenchmark: Display:   GPU first test: 0.02s
[2017.10.28-00.10.32:643][223]LogSynthBenchmark: Display:          ... 4.384 s/GigaPix, Confidence=100% 'ALUHeavyNoise' (likely to be very inaccurate)
[2017.10.28-00.10.32:643][223]LogSynthBenchmark: Display:          ... 3.790 s/GigaPix, Confidence=100% 'TexHeavy' (likely to be very inaccurate)
[2017.10.28-00.10.32:643][223]LogSynthBenchmark: Display:          ... 3.034 s/GigaPix, Confidence=89% 'DepTexHeavy' (likely to be very inaccurate)
[2017.10.28-00.10.32:643][223]LogSynthBenchmark: Display:          ... 14.808 s/GigaPix, Confidence=100% 'FillOnly' (likely to be very inaccurate)
[2017.10.28-00.10.32:643][223]LogSynthBenchmark: Display:          ... 0.535 s/GigaPix, Confidence=100% 'Bandwidth' (likely to be very inaccurate)
[2017.10.28-00.10.32:643][223]LogSynthBenchmark: Display:          ... 10.595 s/GigaVert, Confidence=51% 'VertThroughPut1' (likely to be very inaccurate)
[2017.10.28-00.10.32:643][223]LogSynthBenchmark: Display:          ... 3.806 s/GigaVert, Confidence=100% 'VertThroughPut2' (likely to be very inaccurate)
[2017.10.28-00.10.32:835][223]LogSynthBenchmark: Display:   GPU second test: 0.12s
[2017.10.28-00.10.32:836][223]LogSynthBenchmark: Display:          ... 7.048 s/GigaPix, Confidence=100% 'ALUHeavyNoise' (likely to be inaccurate)
[2017.10.28-00.10.32:836][223]LogSynthBenchmark: Display:          ... 5.683 s/GigaPix, Confidence=100% 'TexHeavy' (likely to be inaccurate)
[2017.10.28-00.10.32:836][223]LogSynthBenchmark: Display:          ... 5.276 s/GigaPix, Confidence=89% 'DepTexHeavy' (likely to be inaccurate)
[2017.10.28-00.10.32:836][223]LogSynthBenchmark: Display:          ... 31.230 s/GigaPix, Confidence=100% 'FillOnly' (likely to be inaccurate)
[2017.10.28-00.10.32:836][223]LogSynthBenchmark: Display:          ... 0.747 s/GigaPix, Confidence=100% 'Bandwidth' (likely to be inaccurate)
[2017.10.28-00.10.32:836][223]LogSynthBenchmark: Display:          ... 4.478 s/GigaVert, Confidence=100% 'VertThroughPut1' (likely to be inaccurate)
[2017.10.28-00.10.32:836][223]LogSynthBenchmark: Display:          ... 4.284 s/GigaVert, Confidence=100% 'VertThroughPut2' (likely to be inaccurate)
[2017.10.28-00.10.32:836][223]LogSynthBenchmark: Display:   GPU Final Results:
[2017.10.28-00.10.32:836][223]LogSynthBenchmark: Display:          ... 7.048 s/GigaPix, Confidence=100% 'ALUHeavyNoise'
[2017.10.28-00.10.32:836][223]LogSynthBenchmark: Display:          ... 5.683 s/GigaPix, Confidence=100% 'TexHeavy'
[2017.10.28-00.10.32:836][223]LogSynthBenchmark: Display:          ... 5.276 s/GigaPix, Confidence=89% 'DepTexHeavy'
[2017.10.28-00.10.32:836][223]LogSynthBenchmark: Display:          ... 31.230 s/GigaPix, Confidence=100% 'FillOnly'
[2017.10.28-00.10.32:836][223]LogSynthBenchmark: Display:          ... 0.747 s/GigaPix, Confidence=100% 'Bandwidth'
[2017.10.28-00.10.32:836][223]LogSynthBenchmark: Display:          ... 4.478 s/GigaVert, Confidence=100% 'VertThroughPut1'
[2017.10.28-00.10.32:836][223]LogSynthBenchmark: Display:          ... 4.284 s/GigaVert, Confidence=100% 'VertThroughPut2'
[2017.10.28-00.10.32:836][223]LogSynthBenchmark: Display: 
[2017.10.28-00.10.32:836][223]LogSynthBenchmark: Display:   GPU Perf Index 0: 153.2 (weight 1.00)
[2017.10.28-00.10.32:837][223]LogSynthBenchmark: Display:   GPU Perf Index 1: 76.3 (weight 0.10)
[2017.10.28-00.10.32:837][223]LogSynthBenchmark: Display:   GPU Perf Index 2: 137.1 (weight 0.10)
[2017.10.28-00.10.32:837][223]LogSynthBenchmark: Display:   GPU Perf Index 3: 122.6 (weight 3.00)
[2017.10.28-00.10.32:837][223]LogSynthBenchmark: Display:   GPU Perf Index 4: 69.7 (weight 1.00)
[2017.10.28-00.10.32:837][223]LogSynthBenchmark: Display:   GPU Perf Index 5: 291.4 (weight 0.00)
[2017.10.28-00.10.32:837][223]LogSynthBenchmark: Display:   GPU Perf Index 6: 242.4 (weight 0.00)
[2017.10.28-00.10.32:837][223]LogSynthBenchmark: Display:   CPUIndex: 109.0
[2017.10.28-00.10.32:837][223]LogSynthBenchmark: Display:   GPUIndex: 117.7
[2017.10.28-00.10.32:837][223]LogSynthBenchmark: Display: 
[2017.10.28-00.10.32:837][223]LogSynthBenchmark: Display:          ... Total Time: 0.545831 sec
[2017.10.28-00.12.46:049][559]LogEditorViewport: Clicking on Actor (LMB): StaticMeshActor (ToyBox)
[2017.10.28-00.12.48:235][672]LogEditorViewport: Clicking on Actor (LMB): StaticMeshActor (ToyBox)
[2017.10.28-00.12.48:330][675]LogEditorViewport: Clicking on Component (LMB): StaticMeshComponent (StaticMeshComponent0)
[2017.10.28-00.12.53:353][901]LogRenderer: Reallocating scene render targets to support 1616x928 Format 26 NumSamples 1 (Frame:1).
[2017.10.28-00.13.19:222][289]LogRenderer: Reallocating scene render targets to support 1912x1284 Format 26 NumSamples 1 (Frame:1275).
[2017.10.28-00.17.55:360][247]Cmd: OBJ SAVEPACKAGE PACKAGE="/Game/VirtualRealityBP/Assets/ToyBox" FILE="../../../../Knick_Knack_Wacky_Stack/KnickKnackWackyStack/Content/VirtualRealityBP/Assets/ToyBox.uasset" SILENT=true
[2017.10.28-00.17.55:400][247]LogSavePackage: Save=22.73ms
[2017.10.28-00.17.55:400][247]LogSavePackage: Moving '../../../../Knick_Knack_Wacky_Stack/KnickKnackWackyStack/Saved/ToyBox7AAE36A145A343578EE28A8A25B42B4F.tmp' to '../../../../Knick_Knack_Wacky_Stack/KnickKnackWackyStack/Content/VirtualRealityBP/Assets/ToyBox.uasset'
[2017.10.28-00.17.55:406][247]LogSavePackage: Display: Finished SavePackage ../../../../Knick_Knack_Wacky_Stack/KnickKnackWackyStack/Content/VirtualRealityBP/Assets/ToyBox.uasset
[2017.10.28-00.18.04:582][754]LogBlueprintUserMessages: Early PlayInEditor Detection: Level '/Game/VirtualRealityBP/Maps/DemoLevel.DemoLevel:PersistentLevel' has LevelScriptBlueprint '/Game/VirtualRealityBP/Maps/DemoLevel.DemoLevel:PersistentLevel.DemoLevel' with GeneratedClass '/Game/VirtualRealityBP/Maps/DemoLevel.DemoLevel_C' with ClassGeneratedBy '/Game/VirtualRealityBP/Maps/DemoLevel.DemoLevel:PersistentLevel.DemoLevel'
[2017.10.28-00.18.04:582][754]LogPlayLevel: PlayLevel: No blueprints needed recompiling
[2017.10.28-00.18.04:583][754]PIE: New page: SIE session: DemoLevel (Oct 27, 2017, 10:18:04 AM)
[2017.10.28-00.18.04:583][754]LogPlayLevel: Creating play world package: /Game/VirtualRealityBP/Maps/UEDPIE_0_DemoLevel
[2017.10.28-00.18.04:589][754]LogPlayLevel: PIE: StaticDuplicateObject took: (0.006101s)
[2017.10.28-00.18.04:590][754]LogAIModule: Creating AISystem for world DemoLevel
[2017.10.28-00.18.04:590][754]LogPlayLevel: PIE: World Init took: (0.000869s)
[2017.10.28-00.18.04:590][754]LogPlayLevel: PIE: Created PIE world by copying editor world from /Game/VirtualRealityBP/Maps/DemoLevel.DemoLevel to /Game/VirtualRealityBP/Maps/UEDPIE_0_DemoLevel.DemoLevel (0.007321s)
[2017.10.28-00.18.04:611][754]LogInit: XAudio2 using 'HP Spectre 32-C (NVIDIA High Definition Audio)' : 2 channels at 48 kHz using 16 bits per sample (channel mask 0x3)
[2017.10.28-00.18.04:619][754]LogInit: FAudioDevice initialized.
[2017.10.28-00.18.04:663][754]LogUObjectGlobals: Warning: Failed to find object 'Class None.'
[2017.10.28-00.18.04:664][754]LogLoad: Game class is 'GameModeBase'
[2017.10.28-00.18.04:668][754]LogWorld: Bringing World /Game/VirtualRealityBP/Maps/UEDPIE_0_DemoLevel.DemoLevel up for play (max tick rate 60) at 2017.10.27-17.18.04
[2017.10.28-00.18.04:671][754]LogWorld: Bringing up level for play took: 0.004702
[2017.10.28-00.18.04:672][754]LogGameMode: FindPlayerStart: PATHS NOT DEFINED or NO PLAYERSTART with positive rating
[2017.10.28-00.18.04:710][754]LogContentBrowser: Native class hierarchy updated for 'MovieSceneCapture' in 0.0009 seconds. Added 11 classes and 0 folders.
[2017.10.28-00.18.04:716][754]LogBlueprintUserMessages: [TableTriggerZone_BP_93] BP_MotionController_C_0TableTriggerZone_BP_93
[2017.10.28-00.18.04:718][754]LogBlueprintUserMessages: [TableTriggerZone_BP_93] BP_MotionController_C_1TableTriggerZone_BP_93
[2017.10.28-00.18.04:720][754]LogBlueprintUserMessages: [SteeringWheel_BP_2] X=-19.164 Y=-19.164 Z=-3.300
[2017.10.28-00.18.04:720][754]LogBlueprintUserMessages: [SteeringWheel_BP_2]  SteeringWheel to 
[2017.10.28-00.18.04:720][754]LogBlueprintUserMessages: [SteeringWheel_BP_2] X=19.164 Y=19.164 Z=4.965
[2017.10.28-00.18.04:720][754]LogBlueprintUserMessages: [SteeringWheel_BP2] X=-19.164 Y=-19.164 Z=-3.300
[2017.10.28-00.18.04:720][754]LogBlueprintUserMessages: [SteeringWheel_BP2]  SteeringWheel to 
[2017.10.28-00.18.04:720][754]LogBlueprintUserMessages: [SteeringWheel_BP2] X=19.164 Y=19.164 Z=4.965
[2017.10.28-00.18.04:720][754]LogBlueprintUserMessages: [SteeringWheel_BP3] X=-19.164 Y=-19.164 Z=-3.300
[2017.10.28-00.18.04:720][754]LogBlueprintUserMessages: [SteeringWheel_BP3]  SteeringWheel to 
[2017.10.28-00.18.04:720][754]LogBlueprintUserMessages: [SteeringWheel_BP3] X=19.164 Y=19.164 Z=4.965
[2017.10.28-00.18.04:720][754]LogBlueprintUserMessages: [SteeringWheel_BP4] X=-19.164 Y=-19.164 Z=-3.300
[2017.10.28-00.18.04:720][754]LogBlueprintUserMessages: [SteeringWheel_BP4]  SteeringWheel to 
[2017.10.28-00.18.04:720][754]LogBlueprintUserMessages: [SteeringWheel_BP4] X=19.164 Y=19.164 Z=4.965
[2017.10.28-00.18.04:720][754]LogBlueprintUserMessages: [SteeringWheel_BP5] X=-19.164 Y=-19.164 Z=-3.300
[2017.10.28-00.18.04:720][754]LogBlueprintUserMessages: [SteeringWheel_BP5]  SteeringWheel to 
[2017.10.28-00.18.04:720][754]LogBlueprintUserMessages: [SteeringWheel_BP5] X=19.164 Y=19.164 Z=4.965
[2017.10.28-00.18.04:720][754]LogBlueprintUserMessages: [SteeringWheel_BP6] X=-19.164 Y=-19.164 Z=-3.300
[2017.10.28-00.18.04:720][754]LogBlueprintUserMessages: [SteeringWheel_BP6]  SteeringWheel to 
[2017.10.28-00.18.04:720][754]LogBlueprintUserMessages: [SteeringWheel_BP6] X=19.164 Y=19.164 Z=4.965
[2017.10.28-00.18.04:721][754]PIE: Play in editor start time for /Game/VirtualRealityBP/Maps/UEDPIE_0_DemoLevel -0.132
[2017.10.28-00.18.04:755][754]LogBlueprintUserMessages: Late PlayInEditor Detection: Level '/Game/VirtualRealityBP/Maps/DemoLevel.DemoLevel:PersistentLevel' has LevelScriptBlueprint '/Game/VirtualRealityBP/Maps/DemoLevel.DemoLevel:PersistentLevel.DemoLevel' with GeneratedClass '/Game/VirtualRealityBP/Maps/DemoLevel.DemoLevel_C' with ClassGeneratedBy '/Game/VirtualRealityBP/Maps/DemoLevel.DemoLevel:PersistentLevel.DemoLevel'
[2017.10.28-00.18.10:948][ 42]LogEditorViewport: Clicking on Actor (LMB): Etch_BP_C (Etch_BP5)
[2017.10.28-00.18.13:009][134]LogBlueprintUserMessages: Early EndPlayMap Detection: Level '/Game/VirtualRealityBP/Maps/DemoLevel.DemoLevel:PersistentLevel' has LevelScriptBlueprint '/Game/VirtualRealityBP/Maps/DemoLevel.DemoLevel:PersistentLevel.DemoLevel' with GeneratedClass '/Game/VirtualRealityBP/Maps/DemoLevel.DemoLevel_C' with ClassGeneratedBy '/Game/VirtualRealityBP/Maps/DemoLevel.DemoLevel:PersistentLevel.DemoLevel'
[2017.10.28-00.18.13:075][134]LogBlueprintUserMessages: Late EndPlayMap Detection: Level '/Game/VirtualRealityBP/Maps/DemoLevel.DemoLevel:PersistentLevel' has LevelScriptBlueprint '/Game/VirtualRealityBP/Maps/DemoLevel.DemoLevel:PersistentLevel.DemoLevel' with GeneratedClass '/Game/VirtualRealityBP/Maps/DemoLevel.DemoLevel_C' with ClassGeneratedBy '/Game/VirtualRealityBP/Maps/DemoLevel.DemoLevel:PersistentLevel.DemoLevel'
[2017.10.28-00.18.15:477][264]LogBlueprintUserMessages: Early PlayInEditor Detection: Level '/Game/VirtualRealityBP/Maps/DemoLevel.DemoLevel:PersistentLevel' has LevelScriptBlueprint '/Game/VirtualRealityBP/Maps/DemoLevel.DemoLevel:PersistentLevel.DemoLevel' with GeneratedClass '/Game/VirtualRealityBP/Maps/DemoLevel.DemoLevel_C' with ClassGeneratedBy '/Game/VirtualRealityBP/Maps/DemoLevel.DemoLevel:PersistentLevel.DemoLevel'
[2017.10.28-00.18.15:478][264]LogPlayLevel: PlayLevel: No blueprints needed recompiling
[2017.10.28-00.18.15:478][264]PIE: New page: PIE session: DemoLevel (Oct 27, 2017, 10:18:15 AM)
[2017.10.28-00.18.15:478][264]LogPlayLevel: Creating play world package: /Game/VirtualRealityBP/Maps/UEDPIE_0_DemoLevel
[2017.10.28-00.18.15:485][264]LogPlayLevel: PIE: StaticDuplicateObject took: (0.006610s)
[2017.10.28-00.18.15:486][264]LogAIModule: Creating AISystem for world DemoLevel
[2017.10.28-00.18.15:486][264]LogPlayLevel: PIE: World Init took: (0.000864s)
[2017.10.28-00.18.15:486][264]LogPlayLevel: PIE: Created PIE world by copying editor world from /Game/VirtualRealityBP/Maps/DemoLevel.DemoLevel to /Game/VirtualRealityBP/Maps/UEDPIE_0_DemoLevel.DemoLevel (0.007863s)
[2017.10.28-00.18.15:505][264]LogInit: XAudio2 using 'HP Spectre 32-C (NVIDIA High Definition Audio)' : 2 channels at 48 kHz using 16 bits per sample (channel mask 0x3)
[2017.10.28-00.18.15:513][264]LogInit: FAudioDevice initialized.
[2017.10.28-00.18.15:546][264]LogUObjectGlobals: Warning: Failed to find object 'Class None.'
[2017.10.28-00.18.15:546][264]LogLoad: Game class is 'GameModeBase'
[2017.10.28-00.18.15:549][264]LogWorld: Bringing World /Game/VirtualRealityBP/Maps/UEDPIE_0_DemoLevel.DemoLevel up for play (max tick rate 60) at 2017.10.27-17.18.15
[2017.10.28-00.18.15:550][264]LogWorld: Bringing up level for play took: 0.002968
[2017.10.28-00.18.15:553][264]LogBlueprintUserMessages: [TableTriggerZone_BP_93] BP_MotionController_C_0TableTriggerZone_BP_93
[2017.10.28-00.18.15:554][264]LogBlueprintUserMessages: [TableTriggerZone_BP_93] BP_MotionController_C_1TableTriggerZone_BP_93
[2017.10.28-00.18.15:556][264]LogBlueprintUserMessages: [SteeringWheel_BP_2] X=-19.164 Y=-19.164 Z=-3.300
[2017.10.28-00.18.15:556][264]LogBlueprintUserMessages: [SteeringWheel_BP_2]  SteeringWheel to 
[2017.10.28-00.18.15:556][264]LogBlueprintUserMessages: [SteeringWheel_BP_2] X=19.164 Y=19.164 Z=4.965
[2017.10.28-00.18.15:556][264]LogBlueprintUserMessages: [SteeringWheel_BP2] X=-19.164 Y=-19.164 Z=-3.300
[2017.10.28-00.18.15:556][264]LogBlueprintUserMessages: [SteeringWheel_BP2]  SteeringWheel to 
[2017.10.28-00.18.15:556][264]LogBlueprintUserMessages: [SteeringWheel_BP2] X=19.164 Y=19.164 Z=4.965
[2017.10.28-00.18.15:556][264]LogBlueprintUserMessages: [SteeringWheel_BP3] X=-19.164 Y=-19.164 Z=-3.300
[2017.10.28-00.18.15:556][264]LogBlueprintUserMessages: [SteeringWheel_BP3]  SteeringWheel to 
[2017.10.28-00.18.15:556][264]LogBlueprintUserMessages: [SteeringWheel_BP3] X=19.164 Y=19.164 Z=4.965
[2017.10.28-00.18.15:556][264]LogBlueprintUserMessages: [SteeringWheel_BP4] X=-19.164 Y=-19.164 Z=-3.300
[2017.10.28-00.18.15:556][264]LogBlueprintUserMessages: [SteeringWheel_BP4]  SteeringWheel to 
[2017.10.28-00.18.15:556][264]LogBlueprintUserMessages: [SteeringWheel_BP4] X=19.164 Y=19.164 Z=4.965
[2017.10.28-00.18.15:556][264]LogBlueprintUserMessages: [SteeringWheel_BP5] X=-19.164 Y=-19.164 Z=-3.300
[2017.10.28-00.18.15:556][264]LogBlueprintUserMessages: [SteeringWheel_BP5]  SteeringWheel to 
[2017.10.28-00.18.15:556][264]LogBlueprintUserMessages: [SteeringWheel_BP5] X=19.164 Y=19.164 Z=4.965
[2017.10.28-00.18.15:556][264]LogBlueprintUserMessages: [SteeringWheel_BP6] X=-19.164 Y=-19.164 Z=-3.300
[2017.10.28-00.18.15:556][264]LogBlueprintUserMessages: [SteeringWheel_BP6]  SteeringWheel to 
[2017.10.28-00.18.15:556][264]LogBlueprintUserMessages: [SteeringWheel_BP6] X=19.164 Y=19.164 Z=4.965
[2017.10.28-00.18.15:556][264]PIE: Play in editor start time for /Game/VirtualRealityBP/Maps/UEDPIE_0_DemoLevel 0.703
[2017.10.28-00.18.15:557][264]LogBlueprintUserMessages: Late PlayInEditor Detection: Level '/Game/VirtualRealityBP/Maps/DemoLevel.DemoLevel:PersistentLevel' has LevelScriptBlueprint '/Game/VirtualRealityBP/Maps/DemoLevel.DemoLevel:PersistentLevel.DemoLevel' with GeneratedClass '/Game/VirtualRealityBP/Maps/DemoLevel.DemoLevel_C' with ClassGeneratedBy '/Game/VirtualRealityBP/Maps/DemoLevel.DemoLevel:PersistentLevel.DemoLevel'
[2017.10.28-00.18.21:508][553]LogBlueprintUserMessages: Early EndPlayMap Detection: Level '/Game/VirtualRealityBP/Maps/DemoLevel.DemoLevel:PersistentLevel' has LevelScriptBlueprint '/Game/VirtualRealityBP/Maps/DemoLevel.DemoLevel:PersistentLevel.DemoLevel' with GeneratedClass '/Game/VirtualRealityBP/Maps/DemoLevel.DemoLevel_C' with ClassGeneratedBy '/Game/VirtualRealityBP/Maps/DemoLevel.DemoLevel:PersistentLevel.DemoLevel'
[2017.10.28-00.18.21:570][553]LogBlueprintUserMessages: Late EndPlayMap Detection: Level '/Game/VirtualRealityBP/Maps/DemoLevel.DemoLevel:PersistentLevel' has LevelScriptBlueprint '/Game/VirtualRealityBP/Maps/DemoLevel.DemoLevel:PersistentLevel.DemoLevel' with GeneratedClass '/Game/VirtualRealityBP/Maps/DemoLevel.DemoLevel_C' with ClassGeneratedBy '/Game/VirtualRealityBP/Maps/DemoLevel.DemoLevel:PersistentLevel.DemoLevel'
[2017.10.28-00.18.27:000][856]LogBlueprintUserMessages: Early PlayInEditor Detection: Level '/Game/VirtualRealityBP/Maps/DemoLevel.DemoLevel:PersistentLevel' has LevelScriptBlueprint '/Game/VirtualRealityBP/Maps/DemoLevel.DemoLevel:PersistentLevel.DemoLevel' with GeneratedClass '/Game/VirtualRealityBP/Maps/DemoLevel.DemoLevel_C' with ClassGeneratedBy '/Game/VirtualRealityBP/Maps/DemoLevel.DemoLevel:PersistentLevel.DemoLevel'
[2017.10.28-00.18.27:000][856]LogPlayLevel: PlayLevel: No blueprints needed recompiling
[2017.10.28-00.18.27:001][856]PIE: New page: PIE session: DemoLevel (Oct 27, 2017, 10:18:27 AM)
[2017.10.28-00.18.27:001][856]LogPlayLevel: Creating play world package: /Game/VirtualRealityBP/Maps/UEDPIE_0_DemoLevel
[2017.10.28-00.18.27:007][856]LogPlayLevel: PIE: StaticDuplicateObject took: (0.005934s)
[2017.10.28-00.18.27:007][856]LogAIModule: Creating AISystem for world DemoLevel
[2017.10.28-00.18.27:008][856]LogPlayLevel: PIE: World Init took: (0.000994s)
[2017.10.28-00.18.27:008][856]LogPlayLevel: PIE: Created PIE world by copying editor world from /Game/VirtualRealityBP/Maps/DemoLevel.DemoLevel to /Game/VirtualRealityBP/Maps/UEDPIE_0_DemoLevel.DemoLevel (0.007297s)
[2017.10.28-00.18.27:030][856]LogInit: XAudio2 using 'HP Spectre 32-C (NVIDIA High Definition Audio)' : 2 channels at 48 kHz using 16 bits per sample (channel mask 0x3)
[2017.10.28-00.18.27:038][856]LogInit: FAudioDevice initialized.
[2017.10.28-00.18.27:074][856]LogUObjectGlobals: Warning: Failed to find object 'Class None.'
[2017.10.28-00.18.27:074][856]LogLoad: Game class is 'GameModeBase'
[2017.10.28-00.18.27:078][856]LogWorld: Bringing World /Game/VirtualRealityBP/Maps/UEDPIE_0_DemoLevel.DemoLevel up for play (max tick rate 60) at 2017.10.27-17.18.27
[2017.10.28-00.18.27:078][856]LogWorld: Bringing up level for play took: 0.002892
[2017.10.28-00.18.27:080][856]LogBlueprintUserMessages: [TableTriggerZone_BP_93] BP_MotionController_C_0TableTriggerZone_BP_93
[2017.10.28-00.18.27:082][856]LogBlueprintUserMessages: [TableTriggerZone_BP_93] BP_MotionController_C_1TableTriggerZone_BP_93
[2017.10.28-00.18.27:084][856]LogBlueprintUserMessages: [SteeringWheel_BP_2] X=-19.164 Y=-19.164 Z=-3.300
[2017.10.28-00.18.27:084][856]LogBlueprintUserMessages: [SteeringWheel_BP_2]  SteeringWheel to 
[2017.10.28-00.18.27:084][856]LogBlueprintUserMessages: [SteeringWheel_BP_2] X=19.164 Y=19.164 Z=4.965
[2017.10.28-00.18.27:084][856]LogBlueprintUserMessages: [SteeringWheel_BP2] X=-19.164 Y=-19.164 Z=-3.300
[2017.10.28-00.18.27:084][856]LogBlueprintUserMessages: [SteeringWheel_BP2]  SteeringWheel to 
[2017.10.28-00.18.27:084][856]LogBlueprintUserMessages: [SteeringWheel_BP2] X=19.164 Y=19.164 Z=4.965
[2017.10.28-00.18.27:084][856]LogBlueprintUserMessages: [SteeringWheel_BP3] X=-19.164 Y=-19.164 Z=-3.300
[2017.10.28-00.18.27:084][856]LogBlueprintUserMessages: [SteeringWheel_BP3]  SteeringWheel to 
[2017.10.28-00.18.27:084][856]LogBlueprintUserMessages: [SteeringWheel_BP3] X=19.164 Y=19.164 Z=4.965
[2017.10.28-00.18.27:084][856]LogBlueprintUserMessages: [SteeringWheel_BP4] X=-19.164 Y=-19.164 Z=-3.300
[2017.10.28-00.18.27:084][856]LogBlueprintUserMessages: [SteeringWheel_BP4]  SteeringWheel to 
[2017.10.28-00.18.27:084][856]LogBlueprintUserMessages: [SteeringWheel_BP4] X=19.164 Y=19.164 Z=4.965
[2017.10.28-00.18.27:084][856]LogBlueprintUserMessages: [SteeringWheel_BP5] X=-19.164 Y=-19.164 Z=-3.300
[2017.10.28-00.18.27:084][856]LogBlueprintUserMessages: [SteeringWheel_BP5]  SteeringWheel to 
[2017.10.28-00.18.27:084][856]LogBlueprintUserMessages: [SteeringWheel_BP5] X=19.164 Y=19.164 Z=4.965
[2017.10.28-00.18.27:084][856]LogBlueprintUserMessages: [SteeringWheel_BP6] X=-19.164 Y=-19.164 Z=-3.300
[2017.10.28-00.18.27:084][856]LogBlueprintUserMessages: [SteeringWheel_BP6]  SteeringWheel to 
[2017.10.28-00.18.27:084][856]LogBlueprintUserMessages: [SteeringWheel_BP6] X=19.164 Y=19.164 Z=4.965
[2017.10.28-00.18.27:084][856]PIE: Play in editor start time for /Game/VirtualRealityBP/Maps/UEDPIE_0_DemoLevel 0.231
[2017.10.28-00.18.27:085][856]LogBlueprintUserMessages: Late PlayInEditor Detection: Level '/Game/VirtualRealityBP/Maps/DemoLevel.DemoLevel:PersistentLevel' has LevelScriptBlueprint '/Game/VirtualRealityBP/Maps/DemoLevel.DemoLevel:PersistentLevel.DemoLevel' with GeneratedClass '/Game/VirtualRealityBP/Maps/DemoLevel.DemoLevel_C' with ClassGeneratedBy '/Game/VirtualRealityBP/Maps/DemoLevel.DemoLevel:PersistentLevel.DemoLevel'
[2017.10.28-00.19.11:842][881]LogEditorViewport: Clicking on Actor (LMB): StaticMeshActor (Plane)
[2017.10.28-00.19.13:147][941]LogEditorViewport: Clicking on Actor (LMB): SteeringWheel_BP_C (SteeringWheel_BP3)
[2017.10.28-00.19.16:666][115]LogBlueprintUserMessages: Early EndPlayMap Detection: Level '/Game/VirtualRealityBP/Maps/DemoLevel.DemoLevel:PersistentLevel' has LevelScriptBlueprint '/Game/VirtualRealityBP/Maps/DemoLevel.DemoLevel:PersistentLevel.DemoLevel' with GeneratedClass '/Game/VirtualRealityBP/Maps/DemoLevel.DemoLevel_C' with ClassGeneratedBy '/Game/VirtualRealityBP/Maps/DemoLevel.DemoLevel:PersistentLevel.DemoLevel'
[2017.10.28-00.19.16:720][115]LogBlueprintUserMessages: Late EndPlayMap Detection: Level '/Game/VirtualRealityBP/Maps/DemoLevel.DemoLevel:PersistentLevel' has LevelScriptBlueprint '/Game/VirtualRealityBP/Maps/DemoLevel.DemoLevel:PersistentLevel.DemoLevel' with GeneratedClass '/Game/VirtualRealityBP/Maps/DemoLevel.DemoLevel_C' with ClassGeneratedBy '/Game/VirtualRealityBP/Maps/DemoLevel.DemoLevel:PersistentLevel.DemoLevel'
[2017.10.28-00.19.18:587][220]LogEditorViewport: Clicking on Actor (LMB): Etch_BP_C (Etch_BP5)
[2017.10.28-00.19.23:379][392]LogTemp: Executing iPhonePackager certificates Engine -bundlename com.YourCompany.KnickKnackWackyStack
[2017.10.28-00.19.23:379][392]LogTemp: CWD: D:\UE_4.17\Engine\Binaries\DotNET\IOS
[2017.10.28-00.19.23:379][392]LogTemp: Initial Dir: D:\UE_4.17
[2017.10.28-00.19.23:379][392]LogTemp: Env CWD: D:\UE_4.17\Engine\Binaries\DotNET\IOS
[2017.10.28-00.19.23:379][392]LogTemp: BranchPath = DESKTOP-H749E0P/D/UE_4.17/Engine/Binaries --- GameBranchPath = DESKTOP-H749E0P/D/UE_4.17/Engine/Binaries
[2017.10.28-00.19.23:379][392]LogTemp: IPP ERROR: Could not find provision directory 'C:\Users\chris\AppData\Local/Apple Computer/MobileDevice/Provisioning Profiles/'.
[2017.10.28-00.20.14:218][185]LogTemp: Repeating last play command: Selected Viewport
[2017.10.28-00.20.14:238][185]LogBlueprintUserMessages: Early PlayInEditor Detection: Level '/Game/VirtualRealityBP/Maps/DemoLevel.DemoLevel:PersistentLevel' has LevelScriptBlueprint '/Game/VirtualRealityBP/Maps/DemoLevel.DemoLevel:PersistentLevel.DemoLevel' with GeneratedClass '/Game/VirtualRealityBP/Maps/DemoLevel.DemoLevel_C' with ClassGeneratedBy '/Game/VirtualRealityBP/Maps/DemoLevel.DemoLevel:PersistentLevel.DemoLevel'
[2017.10.28-00.20.14:238][185]LogPlayLevel: PlayLevel: No blueprints needed recompiling
[2017.10.28-00.20.14:238][185]PIE: New page: PIE session: DemoLevel (Oct 27, 2017, 10:20:14 AM)
[2017.10.28-00.20.14:238][185]LogPlayLevel: Creating play world package: /Game/VirtualRealityBP/Maps/UEDPIE_0_DemoLevel
[2017.10.28-00.20.14:243][185]LogPlayLevel: PIE: StaticDuplicateObject took: (0.004727s)
[2017.10.28-00.20.14:244][185]LogAIModule: Creating AISystem for world DemoLevel
[2017.10.28-00.20.14:244][185]LogPlayLevel: PIE: World Init took: (0.000696s)
[2017.10.28-00.20.14:244][185]LogPlayLevel: PIE: Created PIE world by copying editor world from /Game/VirtualRealityBP/Maps/DemoLevel.DemoLevel to /Game/VirtualRealityBP/Maps/UEDPIE_0_DemoLevel.DemoLevel (0.005785s)
[2017.10.28-00.20.14:260][185]LogInit: XAudio2 using 'HP Spectre 32-C (NVIDIA High Definition Audio)' : 2 channels at 48 kHz using 16 bits per sample (channel mask 0x3)
[2017.10.28-00.20.14:268][185]LogInit: FAudioDevice initialized.
[2017.10.28-00.20.14:305][185]LogUObjectGlobals: Warning: Failed to find object 'Class None.'
[2017.10.28-00.20.14:305][185]LogLoad: Game class is 'GameModeBase'
[2017.10.28-00.20.14:311][185]LogWorld: Bringing World /Game/VirtualRealityBP/Maps/UEDPIE_0_DemoLevel.DemoLevel up for play (max tick rate 60) at 2017.10.27-17.20.14
[2017.10.28-00.20.14:311][185]LogWorld: Bringing up level for play took: 0.003050
[2017.10.28-00.20.14:314][185]LogBlueprintUserMessages: [TableTriggerZone_BP_93] BP_MotionController_C_0TableTriggerZone_BP_93
[2017.10.28-00.20.14:315][185]LogBlueprintUserMessages: [TableTriggerZone_BP_93] BP_MotionController_C_1TableTriggerZone_BP_93
[2017.10.28-00.20.14:317][185]LogBlueprintUserMessages: [SteeringWheel_BP_2] X=-19.164 Y=-19.164 Z=-3.300
[2017.10.28-00.20.14:317][185]LogBlueprintUserMessages: [SteeringWheel_BP_2]  SteeringWheel to 
[2017.10.28-00.20.14:317][185]LogBlueprintUserMessages: [SteeringWheel_BP_2] X=19.164 Y=19.164 Z=4.965
[2017.10.28-00.20.14:317][185]LogBlueprintUserMessages: [SteeringWheel_BP2] X=-19.164 Y=-19.164 Z=-3.300
[2017.10.28-00.20.14:317][185]LogBlueprintUserMessages: [SteeringWheel_BP2]  SteeringWheel to 
[2017.10.28-00.20.14:317][185]LogBlueprintUserMessages: [SteeringWheel_BP2] X=19.164 Y=19.164 Z=4.965
[2017.10.28-00.20.14:317][185]LogBlueprintUserMessages: [SteeringWheel_BP3] X=-19.164 Y=-19.164 Z=-3.300
[2017.10.28-00.20.14:317][185]LogBlueprintUserMessages: [SteeringWheel_BP3]  SteeringWheel to 
[2017.10.28-00.20.14:317][185]LogBlueprintUserMessages: [SteeringWheel_BP3] X=19.164 Y=19.164 Z=4.965
[2017.10.28-00.20.14:317][185]LogBlueprintUserMessages: [SteeringWheel_BP4] X=-19.164 Y=-19.164 Z=-3.300
[2017.10.28-00.20.14:317][185]LogBlueprintUserMessages: [SteeringWheel_BP4]  SteeringWheel to 
[2017.10.28-00.20.14:317][185]LogBlueprintUserMessages: [SteeringWheel_BP4] X=19.164 Y=19.164 Z=4.965
[2017.10.28-00.20.14:317][185]LogBlueprintUserMessages: [SteeringWheel_BP5] X=-19.164 Y=-19.164 Z=-3.300
[2017.10.28-00.20.14:317][185]LogBlueprintUserMessages: [SteeringWheel_BP5]  SteeringWheel to 
[2017.10.28-00.20.14:317][185]LogBlueprintUserMessages: [SteeringWheel_BP5] X=19.164 Y=19.164 Z=4.965
[2017.10.28-00.20.14:317][185]LogBlueprintUserMessages: [SteeringWheel_BP6] X=-19.164 Y=-19.164 Z=-3.300
[2017.10.28-00.20.14:317][185]LogBlueprintUserMessages: [SteeringWheel_BP6]  SteeringWheel to 
[2017.10.28-00.20.14:317][185]LogBlueprintUserMessages: [SteeringWheel_BP6] X=19.164 Y=19.164 Z=4.965
[2017.10.28-00.20.14:317][185]PIE: Play in editor start time for /Game/VirtualRealityBP/Maps/UEDPIE_0_DemoLevel -0.536
[2017.10.28-00.20.14:317][185]LogBlueprintUserMessages: Late PlayInEditor Detection: Level '/Game/VirtualRealityBP/Maps/DemoLevel.DemoLevel:PersistentLevel' has LevelScriptBlueprint '/Game/VirtualRealityBP/Maps/DemoLevel.DemoLevel:PersistentLevel.DemoLevel' with GeneratedClass '/Game/VirtualRealityBP/Maps/DemoLevel.DemoLevel_C' with ClassGeneratedBy '/Game/VirtualRealityBP/Maps/DemoLevel.DemoLevel:PersistentLevel.DemoLevel'
[2017.10.28-00.20.32:439][ 46]LogEditorViewport: Clicking on Actor (LMB): Etch_BP_C (Etch_BP5)
[2017.10.28-00.20.41:202][391]LogEditorViewport: Clicking on Actor (LMB): Etch_BP_C (Etch_BP4)
[2017.10.28-00.20.44:394][512]LogEditorViewport: Clicking on Actor (LMB): Dollo_BP_C (Dollo_BP7)
[2017.10.28-00.20.45:707][567]Cmd: CAMERA ALIGN ACTIVEVIEWPORTONLY
[2017.10.28-00.20.48:172][664]Cmd: CAMERA ALIGN ACTIVEVIEWPORTONLY
[2017.10.28-00.20.50:382][764]LogEditorViewport: Clicking on Actor (LMB): SteeringWheel_BP_C (SteeringWheel_BP4)
[2017.10.28-00.20.54:771][938]LogEditorViewport: Clicking on Actor (LMB): Dollo_BP_C (Dollo_BP7)
[2017.10.28-00.21.14:610][735]LogEditorViewport: Clicking on Actor (LMB): Etch_BP_C (Etch_BP2)
[2017.10.28-00.21.19:483][938]LogBlueprintUserMessages: Early EndPlayMap Detection: Level '/Game/VirtualRealityBP/Maps/DemoLevel.DemoLevel:PersistentLevel' has LevelScriptBlueprint '/Game/VirtualRealityBP/Maps/DemoLevel.DemoLevel:PersistentLevel.DemoLevel' with GeneratedClass '/Game/VirtualRealityBP/Maps/DemoLevel.DemoLevel_C' with ClassGeneratedBy '/Game/VirtualRealityBP/Maps/DemoLevel.DemoLevel:PersistentLevel.DemoLevel'
[2017.10.28-00.21.19:540][938]LogBlueprintUserMessages: Late EndPlayMap Detection: Level '/Game/VirtualRealityBP/Maps/DemoLevel.DemoLevel:PersistentLevel' has LevelScriptBlueprint '/Game/VirtualRealityBP/Maps/DemoLevel.DemoLevel:PersistentLevel.DemoLevel' with GeneratedClass '/Game/VirtualRealityBP/Maps/DemoLevel.DemoLevel_C' with ClassGeneratedBy '/Game/VirtualRealityBP/Maps/DemoLevel.DemoLevel:PersistentLevel.DemoLevel'
[2017.10.28-00.21.22:682][113]LogEditorViewport: Clicking on Actor (LMB): StaticMeshActor (Plane)
[2017.10.28-00.21.23:011][128]LogEditorViewport: Clicking on Actor (LMB): TableTriggerZone_BP_C (TableTriggerZone_BP)
[2017.10.28-00.21.23:735][164]LogEditorViewport: Clicking on Actor (LMB): Table_BP_C (Table_BP)
[2017.10.28-00.21.24:145][185]Cmd: CAMERA ALIGN ACTIVEVIEWPORTONLY
[2017.10.28-00.21.26:914][344]LogEditorViewport: Clicking on Actor (LMB): Brick_BP_C (Brick_BP2)
[2017.10.28-00.21.27:309][362]LogEditorViewport: Clicking on Actor (LMB): Brick_BP_C (Brick_BP2)
[2017.10.28-00.21.29:925][510]LogEditorViewport: Clicking on Actor (LMB): Brick_BP_C (Brick_BP3)
[2017.10.28-00.21.31:724][608]Cmd: TRANSACTION UNDO
[2017.10.28-00.21.31:724][608]LogEditorTransaction: Undo Move Actors
[2017.10.28-00.21.31:755][608]LogSlate: Took 0.000421 seconds to synchronously load lazily loaded font '../../../Engine/Content/Slate/Fonts/Roboto-Light.ttf' (159K)
[2017.10.28-00.21.35:713][825]LogTemp: Repeating last play command: Selected Viewport
[2017.10.28-00.21.35:737][825]LogBlueprintUserMessages: Early PlayInEditor Detection: Level '/Game/VirtualRealityBP/Maps/DemoLevel.DemoLevel:PersistentLevel' has LevelScriptBlueprint '/Game/VirtualRealityBP/Maps/DemoLevel.DemoLevel:PersistentLevel.DemoLevel' with GeneratedClass '/Game/VirtualRealityBP/Maps/DemoLevel.DemoLevel_C' with ClassGeneratedBy '/Game/VirtualRealityBP/Maps/DemoLevel.DemoLevel:PersistentLevel.DemoLevel'
[2017.10.28-00.21.35:737][825]LogPlayLevel: PlayLevel: No blueprints needed recompiling
[2017.10.28-00.21.35:738][825]PIE: New page: PIE session: DemoLevel (Oct 27, 2017, 10:21:35 AM)
[2017.10.28-00.21.35:738][825]LogPlayLevel: Creating play world package: /Game/VirtualRealityBP/Maps/UEDPIE_0_DemoLevel
[2017.10.28-00.21.35:742][825]LogPlayLevel: PIE: StaticDuplicateObject took: (0.004174s)
[2017.10.28-00.21.35:743][825]LogAIModule: Creating AISystem for world DemoLevel
[2017.10.28-00.21.35:743][825]LogPlayLevel: PIE: World Init took: (0.000828s)
[2017.10.28-00.21.35:743][825]LogPlayLevel: PIE: Created PIE world by copying editor world from /Game/VirtualRealityBP/Maps/DemoLevel.DemoLevel to /Game/VirtualRealityBP/Maps/UEDPIE_0_DemoLevel.DemoLevel (0.005257s)
[2017.10.28-00.21.35:759][825]LogInit: XAudio2 using 'HP Spectre 32-C (NVIDIA High Definition Audio)' : 2 channels at 48 kHz using 16 bits per sample (channel mask 0x3)
[2017.10.28-00.21.35:767][825]LogInit: FAudioDevice initialized.
[2017.10.28-00.21.35:801][825]LogUObjectGlobals: Warning: Failed to find object 'Class None.'
[2017.10.28-00.21.35:801][825]LogLoad: Game class is 'GameModeBase'
[2017.10.28-00.21.35:807][825]LogWorld: Bringing World /Game/VirtualRealityBP/Maps/UEDPIE_0_DemoLevel.DemoLevel up for play (max tick rate 60) at 2017.10.27-17.21.35
[2017.10.28-00.21.35:808][825]LogWorld: Bringing up level for play took: 0.003827
[2017.10.28-00.21.35:810][825]LogBlueprintUserMessages: [TableTriggerZone_BP_93] BP_MotionController_C_0TableTriggerZone_BP_93
[2017.10.28-00.21.35:811][825]LogBlueprintUserMessages: [TableTriggerZone_BP_93] BP_MotionController_C_1TableTriggerZone_BP_93
[2017.10.28-00.21.35:813][825]LogBlueprintUserMessages: [SteeringWheel_BP_2] X=-19.164 Y=-19.164 Z=-3.300
[2017.10.28-00.21.35:813][825]LogBlueprintUserMessages: [SteeringWheel_BP_2]  SteeringWheel to 
[2017.10.28-00.21.35:813][825]LogBlueprintUserMessages: [SteeringWheel_BP_2] X=19.164 Y=19.164 Z=4.965
[2017.10.28-00.21.35:813][825]LogBlueprintUserMessages: [SteeringWheel_BP2] X=-19.164 Y=-19.164 Z=-3.300
[2017.10.28-00.21.35:813][825]LogBlueprintUserMessages: [SteeringWheel_BP2]  SteeringWheel to 
[2017.10.28-00.21.35:813][825]LogBlueprintUserMessages: [SteeringWheel_BP2] X=19.164 Y=19.164 Z=4.965
[2017.10.28-00.21.35:813][825]LogBlueprintUserMessages: [SteeringWheel_BP3] X=-19.164 Y=-19.164 Z=-3.300
[2017.10.28-00.21.35:813][825]LogBlueprintUserMessages: [SteeringWheel_BP3]  SteeringWheel to 
[2017.10.28-00.21.35:813][825]LogBlueprintUserMessages: [SteeringWheel_BP3] X=19.164 Y=19.164 Z=4.965
[2017.10.28-00.21.35:813][825]LogBlueprintUserMessages: [SteeringWheel_BP4] X=-19.164 Y=-19.164 Z=-3.300
[2017.10.28-00.21.35:813][825]LogBlueprintUserMessages: [SteeringWheel_BP4]  SteeringWheel to 
[2017.10.28-00.21.35:813][825]LogBlueprintUserMessages: [SteeringWheel_BP4] X=19.164 Y=19.164 Z=4.965
[2017.10.28-00.21.35:813][825]LogBlueprintUserMessages: [SteeringWheel_BP5] X=-19.164 Y=-19.164 Z=-3.300
[2017.10.28-00.21.35:813][825]LogBlueprintUserMessages: [SteeringWheel_BP5]  SteeringWheel to 
[2017.10.28-00.21.35:813][825]LogBlueprintUserMessages: [SteeringWheel_BP5] X=19.164 Y=19.164 Z=4.965
[2017.10.28-00.21.35:813][825]LogBlueprintUserMessages: [SteeringWheel_BP6] X=-19.164 Y=-19.164 Z=-3.300
[2017.10.28-00.21.35:813][825]LogBlueprintUserMessages: [SteeringWheel_BP6]  SteeringWheel to 
[2017.10.28-00.21.35:813][825]LogBlueprintUserMessages: [SteeringWheel_BP6] X=19.164 Y=19.164 Z=4.965
[2017.10.28-00.21.35:813][825]PIE: Play in editor start time for /Game/VirtualRealityBP/Maps/UEDPIE_0_DemoLevel 0.96
[2017.10.28-00.21.35:814][825]LogBlueprintUserMessages: Late PlayInEditor Detection: Level '/Game/VirtualRealityBP/Maps/DemoLevel.DemoLevel:PersistentLevel' has LevelScriptBlueprint '/Game/VirtualRealityBP/Maps/DemoLevel.DemoLevel:PersistentLevel.DemoLevel' with GeneratedClass '/Game/VirtualRealityBP/Maps/DemoLevel.DemoLevel_C' with ClassGeneratedBy '/Game/VirtualRealityBP/Maps/DemoLevel.DemoLevel:PersistentLevel.DemoLevel'
[2017.10.28-00.21.42:732][166]LogEditorViewport: Clicking on Actor (LMB): TableTriggerZone_BP_C (TableTriggerZone_BP)
[2017.10.28-00.21.43:316][188]LogEditorViewport: Clicking on Actor (LMB): TableTriggerZone_BP_C (TableTriggerZone_BP)
[2017.10.28-00.21.43:738][206]LogEditorViewport: Clicking on Actor (LMB): TableTriggerZone_BP_C (TableTriggerZone_BP)
[2017.10.28-00.21.44:148][224]LogEditorViewport: Clicking on Actor (LMB): TableTriggerZone_BP_C (TableTriggerZone_BP)
[2017.10.28-00.21.45:175][276]LogBlueprintUserMessages: Early EndPlayMap Detection: Level '/Game/VirtualRealityBP/Maps/DemoLevel.DemoLevel:PersistentLevel' has LevelScriptBlueprint '/Game/VirtualRealityBP/Maps/DemoLevel.DemoLevel:PersistentLevel.DemoLevel' with GeneratedClass '/Game/VirtualRealityBP/Maps/DemoLevel.DemoLevel_C' with ClassGeneratedBy '/Game/VirtualRealityBP/Maps/DemoLevel.DemoLevel:PersistentLevel.DemoLevel'
[2017.10.28-00.21.45:227][276]LogBlueprintUserMessages: Late EndPlayMap Detection: Level '/Game/VirtualRealityBP/Maps/DemoLevel.DemoLevel:PersistentLevel' has LevelScriptBlueprint '/Game/VirtualRealityBP/Maps/DemoLevel.DemoLevel:PersistentLevel.DemoLevel' with GeneratedClass '/Game/VirtualRealityBP/Maps/DemoLevel.DemoLevel_C' with ClassGeneratedBy '/Game/VirtualRealityBP/Maps/DemoLevel.DemoLevel:PersistentLevel.DemoLevel'
[2017.10.28-00.21.46:443][321]LogSavePackage: Save=320.95ms
[2017.10.28-00.21.46:443][321]LogSavePackage: Moving '../../../../Knick_Knack_Wacky_Stack/KnickKnackWackyStack/Saved/DemoLevel79775C60426434DC88A22C8ED53A4E8E.tmp' to '../../../../Knick_Knack_Wacky_Stack/KnickKnackWackyStack/Content/VirtualRealityBP/Maps/DemoLevel.umap'
[2017.10.28-00.21.46:449][321]LogSavePackage: Display: Finished SavePackage ../../../../Knick_Knack_Wacky_Stack/KnickKnackWackyStack/Content/VirtualRealityBP/Maps/DemoLevel.umap
[2017.10.28-00.22.28:059][726]LogEditorViewport: Clicking on Actor (LMB): Etch_BP_C (Etch_BP4)
[2017.10.28-00.22.29:438][798]LogEditorViewport: Clicking on Actor (LMB): StaticMeshActor (Plane)
[2017.10.28-00.22.30:762][869]LogEditorViewport: Clicking on Actor (LMB): Table_BP_C (Table_BP)
[2017.10.28-00.27.16:596][415]LogAudio: Warning: Current Audio Device with ID {0.0.0.00000000}.{98da5439-0647-460f-b763-b01ba96a5d19} was removed. Shutting down audio device.
[2017.10.28-00.27.38:451][684]LogAudio: Warning: Current Audio Device with ID {0.0.0.00000000}.{98da5439-0647-460f-b763-b01ba96a5d19} was removed. Shutting down audio device.
[2017.10.28-00.28.15:931][701]Cmd: QUIT_EDITOR
[2017.10.28-00.28.16:523][701]LogWindowsTextInputMethodSystem: Display: IME system now deactivated.
[2017.10.28-00.28.16:544][701]LogExit: Preparing to exit.
[2017.10.28-00.28.17:337][701]LogExit: Editor shut down
[2017.10.28-00.28.17:347][701]LogExit: Transaction tracking system shut down
[2017.10.28-00.28.17:501][701]LogDirectoryWatcher: A directory notification for '../../../Engine/Content/' was aborted.
[2017.10.28-00.28.17:501][701]LogDirectoryWatcher: A directory notification for '../../../../Knick_Knack_Wacky_Stack/KnickKnackWackyStack/Content/' was aborted.
[2017.10.28-00.28.17:502][701]LogDirectoryWatcher: A directory notification for '../../../Engine/Plugins/2D/Paper2D/Content/' was aborted.
[2017.10.28-00.28.17:502][701]LogDirectoryWatcher: A directory notification for '../../../Engine/Plugins/Runtime/Oculus/OculusVR/Content/' was aborted.
[2017.10.28-00.28.17:502][701]LogDirectoryWatcher: A directory notification for '../../../Engine/Plugins/Runtime/Steam/SteamVR/Content/' was aborted.
[2017.10.28-00.28.17:592][701]LogExit: Object subsystem successfully closed.
[2017.10.28-00.28.17:614][701]LogD3D11RHI: Shutdown
[2017.10.28-00.28.17:615][701]LogD3D11RHI: CleanupD3DDevice
[2017.10.28-00.28.17:713][701]LogD3D11RHI: ~FD3D11DynamicRHI
[2017.10.28-00.28.17:732][701]LogModuleManager: Shutting down and abandoning module ExternalImagePicker (538)
[2017.10.28-00.28.17:732][701]LogModuleManager: Shutting down and abandoning module MovieSceneCapture (536)
[2017.10.28-00.28.17:732][701]LogModuleManager: Shutting down and abandoning module StaticMeshEditor (534)
[2017.10.28-00.28.17:732][701]LogModuleManager: Shutting down and abandoning module SynthBenchmark (532)
[2017.10.28-00.28.17:732][701]LogModuleManager: Shutting down and abandoning module HierarchicalLODOutliner (530)
[2017.10.28-00.28.17:732][701]LogModuleManager: Shutting down and abandoning module SceneOutliner (528)
[2017.10.28-00.28.17:732][701]LogModuleManager: Shutting down and abandoning module AddContentDialog (526)
[2017.10.28-00.28.17:732][701]LogDirectoryWatcher: A directory notification for 'D:/UE_4.17/FeaturePacks/' was aborted.
[2017.10.28-00.28.17:733][701]LogModuleManager: Shutting down and abandoning module WidgetCarousel (525)
[2017.10.28-00.28.17:733][701]LogModuleManager: Shutting down and abandoning module EditorWidgets (522)
[2017.10.28-00.28.17:733][701]LogModuleManager: Shutting down and abandoning module CollectionManager (520)
[2017.10.28-00.28.17:733][701]LogDirectoryWatcher: A directory notification for 'D:/Knick_Knack_Wacky_Stack/KnickKnackWackyStack/Content/Collections/' was aborted.
[2017.10.28-00.28.17:733][701]LogDirectoryWatcher: A directory notification for 'D:/Knick_Knack_Wacky_Stack/KnickKnackWackyStack/Content/Developers/chris/Collections/' was aborted.
[2017.10.28-00.28.17:733][701]LogDirectoryWatcher: A directory notification for 'D:/Knick_Knack_Wacky_Stack/KnickKnackWackyStack/Saved/Collections/' was aborted.
[2017.10.28-00.28.17:733][701]LogModuleManager: Shutting down and abandoning module StatsViewer (518)
[2017.10.28-00.28.17:733][701]LogModuleManager: Shutting down and abandoning module FoliageEdit (516)
[2017.10.28-00.28.17:733][701]LogModuleManager: Shutting down and abandoning module LandscapeEditor (514)
[2017.10.28-00.28.17:734][701]LogModuleManager: Shutting down and abandoning module MeshPaintMode (512)
[2017.10.28-00.28.17:734][701]LogModuleManager: Shutting down and abandoning module SceneDepthPickerMode (510)
[2017.10.28-00.28.17:734][701]LogModuleManager: Shutting down and abandoning module ActorPickerMode (508)
[2017.10.28-00.28.17:734][701]LogModuleManager: Shutting down and abandoning module GeometryMode (506)
[2017.10.28-00.28.17:734][701]LogModuleManager: Shutting down and abandoning module TextureAlignMode (504)
[2017.10.28-00.28.17:734][701]LogModuleManager: Shutting down and abandoning module BspMode (502)
[2017.10.28-00.28.17:734][701]LogModuleManager: Shutting down and abandoning module PIEPreviewDeviceProfileSelector (500)
[2017.10.28-00.28.17:734][701]LogModuleManager: Shutting down and abandoning module HardwareSurvey (498)
[2017.10.28-00.28.17:734][701]LogModuleManager: Shutting down and abandoning module SequenceRecorderSections (496)
[2017.10.28-00.28.17:734][701]LogModuleManager: Shutting down and abandoning module AutomationWorker (494)
[2017.10.28-00.28.17:734][701]LogModuleManager: Shutting down and abandoning module MatineeToLevelSequence (492)
[2017.10.28-00.28.17:734][701]LogModuleManager: Shutting down and abandoning module LevelSequenceEditor (490)
[2017.10.28-00.28.17:735][701]LogModuleManager: Shutting down and abandoning module PlacementMode (489)
[2017.10.28-00.28.17:735][701]LogModuleManager: Shutting down and abandoning module WmfMediaFactory (486)
[2017.10.28-00.28.17:735][701]LogModuleManager: Shutting down and abandoning module WmfMediaEditor (484)
[2017.10.28-00.28.17:735][701]LogModuleManager: Shutting down and abandoning module AvfMediaFactory (482)
[2017.10.28-00.28.17:735][701]LogModuleManager: Shutting down and abandoning module AvfMediaEditor (480)
[2017.10.28-00.28.17:735][701]LogModuleManager: Shutting down and abandoning module AndroidMediaFactory (478)
[2017.10.28-00.28.17:735][701]LogModuleManager: Shutting down and abandoning module Media (477)
[2017.10.28-00.28.17:735][701]LogModuleManager: Shutting down and abandoning module AndroidMediaEditor (474)
[2017.10.28-00.28.17:735][701]LogModuleManager: Shutting down and abandoning module CharacterAI (472)
[2017.10.28-00.28.17:735][701]LogModuleManager: Shutting down and abandoning module AudioCapture (470)
[2017.10.28-00.28.17:735][701]LogModuleManager: Shutting down and abandoning module SequenceRecorder (469)
[2017.10.28-00.28.17:735][701]LogModuleManager: Shutting down and abandoning module SmartSnapping (466)
[2017.10.28-00.28.17:735][701]LogModuleManager: Shutting down and abandoning module SessionServices (464)
[2017.10.28-00.28.17:735][701]LogModuleManager: Shutting down and abandoning module ViewportSnapping (462)
[2017.10.28-00.28.17:735][701]LogModuleManager: Shutting down and abandoning module ViewportInteraction (460)
[2017.10.28-00.28.17:735][701]LogModuleManager: Shutting down and abandoning module ClothPainter (458)
[2017.10.28-00.28.17:736][701]LogModuleManager: Shutting down and abandoning module LogVisualizer (456)
[2017.10.28-00.28.17:736][701]LogModuleManager: Shutting down and abandoning module IntroTutorials (454)
[2017.10.28-00.28.17:736][701]LogModuleManager: Shutting down and abandoning module GameProjectGeneration (453)
[2017.10.28-00.28.17:737][701]LogModuleManager: Shutting down and abandoning module IOSPlatformEditor (450)
[2017.10.28-00.28.17:737][701]LogModuleManager: Shutting down and abandoning module HTML5PlatformEditor (448)
[2017.10.28-00.28.17:737][701]LogModuleManager: Shutting down and abandoning module AndroidPlatformEditor (446)
[2017.10.28-00.28.17:737][701]LogModuleManager: Shutting down and abandoning module AndroidDeviceDetection (445)
[2017.10.28-00.28.18:487][701]LogModuleManager: Shutting down and abandoning module WindowsPlatformEditor (442)
[2017.10.28-00.28.18:487][701]LogModuleManager: Shutting down and abandoning module IOSRuntimeSettings (440)
[2017.10.28-00.28.18:487][701]LogModuleManager: Shutting down and abandoning module AndroidRuntimeSettings (438)
[2017.10.28-00.28.18:487][701]LogModuleManager: Shutting down and abandoning module InputBindingEditor (436)
[2017.10.28-00.28.18:493][701]LogModuleManager: Shutting down and abandoning module MergeActors (434)
[2017.10.28-00.28.18:493][701]LogModuleManager: Shutting down and abandoning module SizeMap (432)
[2017.10.28-00.28.18:493][701]LogModuleManager: Shutting down and abandoning module TreeMap (430)
[2017.10.28-00.28.18:493][701]LogModuleManager: Shutting down and abandoning module ReferenceViewer (428)
[2017.10.28-00.28.18:493][701]LogModuleManager: Shutting down and abandoning module LocalizationDashboard (426)
[2017.10.28-00.28.18:494][701]LogModuleManager: Shutting down and abandoning module LocalizationService (425)
[2017.10.28-00.28.18:494][701]LogModuleManager: Shutting down and abandoning module HardwareTargeting (422)
[2017.10.28-00.28.18:494][701]LogModuleManager: Shutting down and abandoning module DeviceProfileEditor (420)
[2017.10.28-00.28.18:494][701]LogModuleManager: Shutting down and abandoning module UndoHistory (418)
[2017.10.28-00.28.18:494][701]LogModuleManager: Shutting down and abandoning module XmlParser (416)
[2017.10.28-00.28.18:494][701]LogModuleManager: Shutting down and abandoning module Blutility (414)
[2017.10.28-00.28.18:494][701]LogModuleManager: Shutting down and abandoning module ProjectSettingsViewer (412)
[2017.10.28-00.28.18:494][701]LogModuleManager: Shutting down and abandoning module ProjectTargetPlatformEditor (411)
[2017.10.28-00.28.18:494][701]LogModuleManager: Shutting down and abandoning module EditorSettingsViewer (408)
[2017.10.28-00.28.18:494][701]LogModuleManager: Shutting down and abandoning module SettingsEditor (406)
[2017.10.28-00.28.18:494][701]LogModuleManager: Shutting down and abandoning module ProjectLauncher (404)
[2017.10.28-00.28.18:495][701]LogModuleManager: Shutting down and abandoning module SessionFrontend (402)
[2017.10.28-00.28.18:495][701]LogModuleManager: Shutting down and abandoning module ProfilerClient (400)
[2017.10.28-00.28.18:495][701]LogModuleManager: Shutting down and abandoning module DeviceManager (398)
[2017.10.28-00.28.18:495][701]LogModuleManager: Shutting down and abandoning module TargetDeviceServices (397)
[2017.10.28-00.28.18:550][701]LogModuleManager: Shutting down and abandoning module AutomationController (394)
[2017.10.28-00.28.18:550][701]LogModuleManager: Shutting down and abandoning module AutomationWindow (392)
[2017.10.28-00.28.18:551][701]LogModuleManager: Shutting down and abandoning module Layers (390)
[2017.10.28-00.28.18:552][701]LogModuleManager: Shutting down and abandoning module ComponentVisualizers (388)
[2017.10.28-00.28.18:552][701]LogModuleManager: Shutting down and abandoning module DetailCustomizations (386)
[2017.10.28-00.28.18:553][701]LogModuleManager: Shutting down and abandoning module PackagesDialog (384)
[2017.10.28-00.28.18:553][701]LogModuleManager: Shutting down and abandoning module Persona (382)
[2017.10.28-00.28.18:554][701]LogModuleManager: Shutting down and abandoning module AdvancedPreviewScene (381)
[2017.10.28-00.28.18:554][701]LogModuleManager: Shutting down and abandoning module AnimGraph (379)
[2017.10.28-00.28.18:554][701]LogModuleManager: Shutting down and abandoning module Kismet (376)
[2017.10.28-00.28.18:555][701]LogModuleManager: Shutting down and abandoning module ClassViewer (374)
[2017.10.28-00.28.18:555][701]LogModuleManager: Shutting down and abandoning module Toolbox (372)
[2017.10.28-00.28.18:555][701]LogModuleManager: Shutting down and abandoning module ModuleUI (370)
[2017.10.28-00.28.18:556][701]LogModuleManager: Shutting down and abandoning module MovieSceneTools (368)
[2017.10.28-00.28.18:556][701]LogModuleManager: Shutting down and abandoning module OutputLog (366)
[2017.10.28-00.28.18:556][701]LogModuleManager: Shutting down and abandoning module GammaUI (364)
[2017.10.28-00.28.18:557][701]LogModuleManager: Shutting down and abandoning module Documentation (362)
[2017.10.28-00.28.18:557][701]LogModuleManager: Shutting down and abandoning module MovieSceneTracks (360)
[2017.10.28-00.28.18:557][701]LogModuleManager: Shutting down and abandoning module MovieScene (358)
[2017.10.28-00.28.18:557][701]LogModuleManager: Shutting down and abandoning module Niagara (356)
[2017.10.28-00.28.18:557][701]LogModuleManager: Shutting down and abandoning module NiagaraEditor (355)
[2017.10.28-00.28.18:557][701]LogModuleManager: Shutting down and abandoning module StreamingPauseRendering (352)
[2017.10.28-00.28.18:557][701]LogModuleManager: Shutting down and abandoning module LauncherPlatform (350)
[2017.10.28-00.28.18:557][701]LogModuleManager: Shutting down and abandoning module AnalyticsET (348)
[2017.10.28-00.28.18:557][701]LogModuleManager: Shutting down and abandoning module PortalServices (346)
[2017.10.28-00.28.18:557][701]LogModuleManager: Shutting down and abandoning module PortalRpc (344)
[2017.10.28-00.28.18:557][701]LogModuleManager: Shutting down and abandoning module MessagingRpc (342)
[2017.10.28-00.28.18:557][701]LogModuleManager: Shutting down and abandoning module AIModule (340)
[2017.10.28-00.28.18:558][701]LogModuleManager: Shutting down and abandoning module GameplayDebugger (339)
[2017.10.28-00.28.18:558][701]LogModuleManager: Shutting down and abandoning module AITestSuite (337)
[2017.10.28-00.28.18:558][701]LogModuleManager: Shutting down and abandoning module ProfilerService (334)
[2017.10.28-00.28.18:697][701]LogModuleManager: Shutting down and abandoning module TaskGraph (332)
[2017.10.28-00.28.18:703][701]LogModuleManager: Shutting down and abandoning module SteamVRController (330)
[2017.10.28-00.28.18:703][701]LogModuleManager: Shutting down and abandoning module ProceduralMeshComponentEditor (328)
[2017.10.28-00.28.18:703][701]LogModuleManager: Shutting down and abandoning module ProceduralMeshComponent (326)
[2017.10.28-00.28.18:703][701]LogModuleManager: Shutting down and abandoning module OculusInput (324)
[2017.10.28-00.28.18:703][701]LogModuleManager: Shutting down and abandoning module MobilePatchingUtils (322)
[2017.10.28-00.28.18:703][701]LogModuleManager: Shutting down and abandoning module CustomMeshComponent (320)
[2017.10.28-00.28.18:703][701]LogModuleManager: Shutting down and abandoning module CableComponent (318)
[2017.10.28-00.28.18:703][701]LogModuleManager: Shutting down and abandoning module ArchVisCharacter (316)
[2017.10.28-00.28.18:703][701]LogModuleManager: Shutting down and abandoning module AndroidPermission (314)
[2017.10.28-00.28.18:703][701]LogModuleManager: Shutting down and abandoning module MediaPlayerEditor (310)
[2017.10.28-00.28.18:704][701]LogModuleManager: Shutting down and abandoning module HTML5Networking (308)
[2017.10.28-00.28.18:704][701]LogModuleManager: Shutting down and abandoning module AlembicImporter (306)
[2017.10.28-00.28.18:704][701]LogModuleManager: Shutting down and abandoning module AlembicLibrary (305)
[2017.10.28-00.28.18:704][701]LogModuleManager: Shutting down and abandoning module GeometryCache (304)
[2017.10.28-00.28.18:704][701]LogModuleManager: Shutting down and abandoning module GeometryCacheEd (303)
[2017.10.28-00.28.18:704][701]LogModuleManager: Shutting down and abandoning module SpeedTreeImporter (298)
[2017.10.28-00.28.18:704][701]LogModuleManager: Shutting down and abandoning module PluginBrowser (296)
[2017.10.28-00.28.18:705][701]LogModuleManager: Shutting down and abandoning module MobileLauncherProfileWizard (294)
[2017.10.28-00.28.18:706][701]LogModuleManager: Shutting down and abandoning module VisualStudioSourceCodeAccess (292)
[2017.10.28-00.28.18:707][701]LogModuleManager: Shutting down and abandoning module DesktopPlatform (291)
[2017.10.28-00.28.18:707][701]LogModuleManager: Shutting down and abandoning module UObjectPlugin (288)
[2017.10.28-00.28.18:707][701]LogModuleManager: Shutting down and abandoning module SubversionSourceControl (286)
[2017.10.28-00.28.18:707][701]LogModuleManager: Shutting down and abandoning module PerforceSourceControl (284)
[2017.10.28-00.28.18:707][701]LogModuleManager: Shutting down and abandoning module GitSourceControl (282)
[2017.10.28-00.28.18:707][701]LogModuleManager: Shutting down and abandoning module SourceControl (281)
[2017.10.28-00.28.18:707][701]LogModuleManager: Shutting down and abandoning module LightPropagationVolumeEditor (278)
[2017.10.28-00.28.18:707][701]LogModuleManager: Shutting down and abandoning module PaperTiledImporter (276)
[2017.10.28-00.28.18:707][701]LogModuleManager: Shutting down and abandoning module PaperSpriteSheetImporter (274)
[2017.10.28-00.28.18:707][701]LogModuleManager: Shutting down and abandoning module Paper2DEditor (272)
[2017.10.28-00.28.18:707][701]LogModuleManager: Shutting down and abandoning module MeshPaint (271)
[2017.10.28-00.28.18:707][701]LogModuleManager: Shutting down and abandoning module LevelEditor (269)
[2017.10.28-00.28.18:708][701]LogModuleManager: Shutting down and abandoning module PixelInspectorModule (268)
[2017.10.28-00.28.18:708][701]LogModuleManager: Shutting down and abandoning module MainFrame (266)
[2017.10.28-00.28.18:709][701]LogModuleManager: Shutting down and abandoning module HotReload (265)
[2017.10.28-00.28.18:709][701]LogModuleManager: Shutting down and abandoning module RuntimePhysXCooking (260)
[2017.10.28-00.28.18:709][701]LogModuleManager: Shutting down and abandoning module PhysXVehiclesEditor (258)
[2017.10.28-00.28.18:709][701]LogModuleManager: Shutting down and abandoning module PhysXVehicles (256)
[2017.10.28-00.28.18:709][701]LogModuleManager: Shutting down and abandoning module OculusEditor (254)
[2017.10.28-00.28.18:709][701]LogModuleManager: Shutting down and abandoning module LocationServicesBPLibrary (252)
[2017.10.28-00.28.18:709][701]LogModuleManager: Shutting down and abandoning module ImmediatePhysicsEditor (250)
[2017.10.28-00.28.18:709][701]LogModuleManager: Shutting down and abandoning module ImmediatePhysics (248)
[2017.10.28-00.28.18:709][701]LogModuleManager: Shutting down and abandoning module UdpMessaging (246)
[2017.10.28-00.28.18:810][701]LogModuleManager: Shutting down and abandoning module TcpMessaging (244)
[2017.10.28-00.28.18:910][701]LogModuleManager: Shutting down and abandoning module GameplayTagsEditor (242)
[2017.10.28-00.28.18:910][701]LogModuleManager: Shutting down and abandoning module FacialAnimationEditor (240)
[2017.10.28-00.28.18:910][701]LogModuleManager: Shutting down and abandoning module FacialAnimation (238)
[2017.10.28-00.28.18:910][701]LogModuleManager: Shutting down and abandoning module AssetManagerEditor (236)
[2017.10.28-00.28.18:910][701]LogModuleManager: Shutting down and abandoning module GraphEditor (235)
[2017.10.28-00.28.18:916][701]LogModuleManager: Shutting down and abandoning module ContentBrowser (233)
[2017.10.28-00.28.18:918][701]LogModuleManager: Shutting down and abandoning module LightPropagationVolumeRuntime (230)
[2017.10.28-00.28.18:918][701]LogModuleManager: Shutting down and abandoning module Paper2D (228)
[2017.10.28-00.28.18:918][701]LogModuleManager: Shutting down and abandoning module WindowsMoviePlayer (226)
[2017.10.28-00.28.18:918][701]LogModuleManager: Shutting down and abandoning module WmfMedia (224)
[2017.10.28-00.28.18:919][701]LogModuleManager: Shutting down and abandoning module PacketHandler (222)
[2017.10.28-00.28.18:919][701]LogModuleManager: Shutting down and abandoning module ClothingSystemEditor (220)
[2017.10.28-00.28.18:919][701]LogModuleManager: Shutting down and abandoning module ClothingSystemRuntime (218)
[2017.10.28-00.28.18:919][701]LogModuleManager: Shutting down and abandoning module Overlay (216)
[2017.10.28-00.28.18:919][701]LogModuleManager: Shutting down and abandoning module OverlayEditor (215)
[2017.10.28-00.28.18:919][701]LogModuleManager: Shutting down and abandoning module MediaAssets (212)
[2017.10.28-00.28.18:919][701]LogModuleManager: Shutting down and abandoning module VREditor (210)
[2017.10.28-00.28.18:920][701]LogModuleManager: Shutting down and abandoning module StringTableEditor (208)
[2017.10.28-00.28.18:920][701]LogModuleManager: Shutting down and abandoning module GameplayTasksEditor (206)
[2017.10.28-00.28.18:920][701]LogModuleManager: Shutting down and abandoning module BehaviorTreeEditor (204)
[2017.10.28-00.28.18:921][701]LogModuleManager: Shutting down and abandoning module FunctionalTesting (202)
[2017.10.28-00.28.18:921][701]LogModuleManager: Shutting down and abandoning module CollisionAnalyzer (200)
[2017.10.28-00.28.18:921][701]LogModuleManager: Shutting down and abandoning module WorkspaceMenuStructure (199)
[2017.10.28-00.28.18:921][701]LogModuleManager: Shutting down and abandoning module UMG (196)
[2017.10.28-00.28.18:922][701]LogModuleManager: Shutting down and abandoning module UMGEditor (195)
[2017.10.28-00.28.18:923][701]LogModuleManager: Shutting down and abandoning module Sequencer (194)
[2017.10.28-00.28.18:923][701]LogModuleManager: Shutting down and abandoning module MessageLog (191)
[2017.10.28-00.28.18:923][701]LogModuleManager: Shutting down and abandoning module SlateReflector (186)
[2017.10.28-00.28.18:924][701]LogModuleManager: Shutting down and abandoning module Slate (184)
[2017.10.28-00.28.18:925][701]LogModuleManager: Shutting down and abandoning module EditorStyle (182)
[2017.10.28-00.28.18:926][701]LogModuleManager: Shutting down and abandoning module MRMesh (180)
[2017.10.28-00.28.18:926][701]LogModuleManager: Shutting down and abandoning module SourceCodeAccess (178)
[2017.10.28-00.28.18:927][701]LogModuleManager: Shutting down and abandoning module HeadMountedDisplay (176)
[2017.10.28-00.28.18:927][701]LogModuleManager: Shutting down and abandoning module XAudio2 (174)
[2017.10.28-00.28.18:927][701]LogModuleManager: Shutting down and abandoning module Networking (172)
[2017.10.28-00.28.18:927][701]LogModuleManager: Shutting down and abandoning module Core (168)
[2017.10.28-00.28.18:927][701]LogModuleManager: Shutting down and abandoning module KismetCompiler (164)
[2017.10.28-00.28.18:927][701]LogModuleManager: Shutting down and abandoning module LevelSequence (162)
[2017.10.28-00.28.18:927][701]LogModuleManager: Shutting down and abandoning module MeshUtilities (160)
[2017.10.28-00.28.18:927][701]LogModuleManager: Shutting down and abandoning module MeshMergeUtilities (159)
[2017.10.28-00.28.18:927][701]LogModuleManager: Shutting down and abandoning module MeshReductionInterface (158)
[2017.10.28-00.28.18:927][701]LogModuleManager: Shutting down and abandoning module SimplygonSwarm (157)
[2017.10.28-00.28.18:928][701]LogModuleManager: Shutting down and abandoning module SimplygonMeshReduction (155)
[2017.10.28-00.28.18:928][701]LogModuleManager: Shutting down and abandoning module QuadricMeshReduction (153)
[2017.10.28-00.28.18:928][701]LogModuleManager: Shutting down and abandoning module MaterialBaking (149)
[2017.10.28-00.28.18:928][701]LogModuleManager: Shutting down and abandoning module DirectoryWatcher (146)
[2017.10.28-00.28.18:929][701]LogModuleManager: Shutting down and abandoning module DerivedDataCache (144)
[2017.10.28-00.28.19:007][701]LogDerivedDataCache: Shutdown
[2017.10.28-00.28.19:007][701]LogModuleManager: Shutting down and abandoning module TargetPlatform (142)
[2017.10.28-00.28.19:007][701]LogModuleManager: Shutting down and abandoning module VulkanShaderFormat (141)
[2017.10.28-00.28.19:007][701]LogModuleManager: Shutting down and abandoning module ShaderFormatVectorVM (139)
[2017.10.28-00.28.19:007][701]LogModuleManager: Shutting down and abandoning module ShaderFormatOpenGL (137)
[2017.10.28-00.28.19:008][701]LogModuleManager: Shutting down and abandoning module ShaderFormatD3D (135)
[2017.10.28-00.28.19:008][701]LogModuleManager: Shutting down and abandoning module MetalShaderFormat (133)
[2017.10.28-00.28.19:008][701]LogModuleManager: Shutting down and abandoning module TextureFormatUncompressed (131)
[2017.10.28-00.28.19:009][701]LogModuleManager: Shutting down and abandoning module TextureFormatPVR (129)
[2017.10.28-00.28.19:009][701]LogModuleManager: Shutting down and abandoning module TextureFormatDXT (127)
[2017.10.28-00.28.19:009][701]LogModuleManager: Shutting down and abandoning module TextureFormatIntelISPCTexComp (125)
[2017.10.28-00.28.19:009][701]LogModuleManager: Shutting down and abandoning module TextureFormatASTC (123)
[2017.10.28-00.28.19:009][701]LogModuleManager: Shutting down and abandoning module ImageWrapper (122)
[2017.10.28-00.28.19:009][701]LogModuleManager: Shutting down and abandoning module TextureFormatAndroid (119)
[2017.10.28-00.28.19:009][701]LogModuleManager: Shutting down and abandoning module AudioFormatOpus (117)
[2017.10.28-00.28.19:009][701]LogModuleManager: Shutting down and abandoning module AudioFormatOgg (115)
[2017.10.28-00.28.19:009][701]LogModuleManager: Shutting down and abandoning module AudioFormatADPCM (113)
[2017.10.28-00.28.19:009][701]LogModuleManager: Shutting down and abandoning module LinuxTargetPlatform (111)
[2017.10.28-00.28.19:009][701]LogModuleManager: Shutting down and abandoning module LinuxServerTargetPlatform (109)
[2017.10.28-00.28.19:009][701]LogModuleManager: Shutting down and abandoning module LinuxNoEditorTargetPlatform (107)
[2017.10.28-00.28.19:009][701]LogModuleManager: Shutting down and abandoning module LinuxClientTargetPlatform (105)
[2017.10.28-00.28.19:009][701]LogModuleManager: Shutting down and abandoning module TVOSTargetPlatform (103)
[2017.10.28-00.28.19:009][701]LogModuleManager: Shutting down and abandoning module Messaging (101)
[2017.10.28-00.28.19:009][701]LogModuleManager: Shutting down and abandoning module IOSTargetPlatform (99)
[2017.10.28-00.28.19:009][701]LogModuleManager: Shutting down and abandoning module HTML5TargetPlatform (97)
[2017.10.28-00.28.19:009][701]LogModuleManager: Shutting down and abandoning module Android_PVRTCTargetPlatform (95)
[2017.10.28-00.28.19:009][701]LogModuleManager: Shutting down and abandoning module Android_MultiTargetPlatform (93)
[2017.10.28-00.28.19:009][701]LogModuleManager: Shutting down and abandoning module Android_ETC2TargetPlatform (91)
[2017.10.28-00.28.19:009][701]LogModuleManager: Shutting down and abandoning module Android_ETC1TargetPlatform (89)
[2017.10.28-00.28.19:009][701]LogModuleManager: Shutting down and abandoning module Android_DXTTargetPlatform (87)
[2017.10.28-00.28.19:009][701]LogModuleManager: Shutting down and abandoning module Android_ATCTargetPlatform (85)
[2017.10.28-00.28.19:009][701]LogModuleManager: Shutting down and abandoning module Android_ASTCTargetPlatform (83)
[2017.10.28-00.28.19:009][701]LogModuleManager: Shutting down and abandoning module AndroidTargetPlatform (81)
[2017.10.28-00.28.19:009][701]LogModuleManager: Shutting down and abandoning module WindowsTargetPlatform (79)
[2017.10.28-00.28.19:009][701]LogModuleManager: Shutting down and abandoning module WindowsServerTargetPlatform (77)
[2017.10.28-00.28.19:009][701]LogModuleManager: Shutting down and abandoning module WindowsNoEditorTargetPlatform (75)
[2017.10.28-00.28.19:009][701]LogModuleManager: Shutting down and abandoning module WindowsClientTargetPlatform (73)
[2017.10.28-00.28.19:009][701]LogModuleManager: Shutting down and abandoning module MacTargetPlatform (71)
[2017.10.28-00.28.19:009][701]LogModuleManager: Shutting down and abandoning module MacServerTargetPlatform (69)
[2017.10.28-00.28.19:010][701]LogModuleManager: Shutting down and abandoning module MacNoEditorTargetPlatform (67)
[2017.10.28-00.28.19:010][701]LogModuleManager: Shutting down and abandoning module MacClientTargetPlatform (65)
[2017.10.28-00.28.19:010][701]LogModuleManager: Shutting down and abandoning module AllDesktopTargetPlatform (63)
[2017.10.28-00.28.19:010][701]LogModuleManager: Shutting down and abandoning module InputCore (60)
[2017.10.28-00.28.19:010][701]LogModuleManager: Shutting down and abandoning module Settings (58)
[2017.10.28-00.28.19:010][701]LogModuleManager: Shutting down and abandoning module PhysXCooking (56)
[2017.10.28-00.28.19:010][701]LogModuleManager: Shutting down and abandoning module SteamVR (54)
[2017.10.28-00.28.19:010][701]LogModuleManager: Shutting down and abandoning module OculusHMD (52)
[2017.10.28-00.28.19:010][701]LogModuleManager: Shutting down and abandoning module ExampleDeviceProfileSelector (50)
[2017.10.28-00.28.19:010][701]LogModuleManager: Shutting down and abandoning module OnlineBlueprintSupport (48)
[2017.10.28-00.28.19:010][701]LogModuleManager: Shutting down and abandoning module OnlineSubsystem (44)
[2017.10.28-00.28.19:010][701]LogOnline: Display: Unloading online subsystem: NULL
[2017.10.28-00.28.19:011][701]LogModuleManager: Shutting down and abandoning module XMPP (43)
[2017.10.28-00.28.19:011][701]LogModuleManager: Shutting down and abandoning module HTTP (41)
[2017.10.28-00.28.19:011][701]LogHttp: Display: Http module shutting down, but needs to wait on 1 outstanding Http requests:
[2017.10.28-00.28.19:011][701]LogHttp: Display: 	verb=[POST] url=[https://datarouter.ol.epicgames.com/datarouter/api/v1/public/data?SessionID=%7B3B5B1785-49CF-7AF5-43D5-119A2CD98882%7D&AppID=UEEditor.Rocket.Release&AppVersion=4.17.2-3658906%2B%2B%2BUE4%2BRelease-4.17&UserID=47e6c851456f365c56423fa59bd34f8b%7Cbb44b1d174b14293a1be1f54911c3d40%7Cebf9bc94-f4db-4e4f-b6fe-6ec4f0f39a73&AppEnvironment=datacollector-binary&UploadType=eteventstream] status=Processing
[2017.10.28-00.28.19:038][701]LogModuleManager: Shutting down and abandoning module SSL (40)
[2017.10.28-00.28.19:040][701]LogModuleManager: Shutting down and abandoning module AnimationModifiers (36)
[2017.10.28-00.28.19:041][701]LogModuleManager: Shutting down and abandoning module PropertyEditor (35)
[2017.10.28-00.28.19:041][701]LogModuleManager: Shutting down and abandoning module AudioEditor (32)
[2017.10.28-00.28.19:041][701]LogModuleManager: Shutting down and abandoning module TextureCompressor (30)
[2017.10.28-00.28.19:041][701]LogModuleManager: Shutting down and abandoning module ShaderCore (28)
[2017.10.28-00.28.19:041][701]LogModuleManager: Shutting down and abandoning module Landscape (26)
[2017.10.28-00.28.19:041][701]LogModuleManager: Shutting down and abandoning module SlateRHIRenderer (24)
[2017.10.28-00.28.19:043][701]LogModuleManager: Shutting down and abandoning module OpenGLDrv (22)
[2017.10.28-00.28.19:043][701]LogModuleManager: Shutting down and abandoning module D3D11RHI (20)
[2017.10.28-00.28.19:043][701]LogModuleManager: Shutting down and abandoning module AnimGraphRuntime (18)
[2017.10.28-00.28.19:044][701]LogModuleManager: Shutting down and abandoning module Renderer (16)
[2017.10.28-00.28.19:044][701]LogModuleManager: Shutting down and abandoning module Engine (14)
[2017.10.28-00.28.19:044][701]LogModuleManager: Shutting down and abandoning module CoreUObject (12)
[2017.10.28-00.28.19:044][701]LogModuleManager: Shutting down and abandoning module NetworkFile (10)
[2017.10.28-00.28.19:044][701]LogModuleManager: Shutting down and abandoning module CookedIterativeFile (8)
[2017.10.28-00.28.19:044][701]LogModuleManager: Shutting down and abandoning module StreamingFile (6)
[2017.10.28-00.28.19:044][701]LogModuleManager: Shutting down and abandoning module SandboxFile (4)
[2017.10.28-00.28.19:044][701]LogModuleManager: Shutting down and abandoning module PakFile (2)
[2017.10.28-00.28.19:048][701]LogExit: Exiting.
[2017.10.28-00.28.19:073][701]Log file closed, 10/27/17 17:28:19
