Log file open, 10/06/17 10:47:05
LogWindows: Failed to load 'aqProf.dll' (GetLastError=126)
LogWindows: File 'aqProf.dll' does not exist
LogWindows: Failed to load 'VtuneApi.dll' (GetLastError=126)
LogWindows: File 'VtuneApi.dll' does not exist
LogWindows: Failed to load 'VtuneApi32e.dll' (GetLastError=126)
LogWindows: File 'VtuneApi32e.dll' does not exist
LogInit: Display: Running engine for game: KnickKnackWackyStack
LogPlatformFile: Not using cached read wrapper
LogInit: Display: RandInit(-1755667388) SRandInit(-1755667388).
LogTaskGraph: Started task graph with 5 named threads and 14 total threads with 3 sets of task threads.
LogStats: Stats thread started at 0.160863
LogD3D11RHI: Aftermath initialized
LogPluginManager: Mounting plugin Paper2D
LogPluginManager: Mounting plugin LightPropagationVolume
LogPluginManager: Mounting plugin CodeLiteSourceCodeAccess
LogPluginManager: Mounting plugin GitSourceControl
LogPluginManager: Mounting plugin KDevelopSourceCodeAccess
LogPluginManager: Mounting plugin NullSourceCodeAccess
LogPluginManager: Mounting plugin PerforceSourceControl
LogPluginManager: Mounting plugin SubversionSourceControl
LogPluginManager: Mounting plugin UObjectPlugin
LogPluginManager: Mounting plugin VisualStudioSourceCodeAccess
LogPluginManager: Mounting plugin XCodeSourceCodeAccess
LogPluginManager: Mounting plugin AssetManagerEditor
LogPluginManager: Mounting plugin AudioCapture
LogPluginManager: Mounting plugin FacialAnimation
LogPluginManager: Mounting plugin GameplayTagsEditor
LogPluginManager: Mounting plugin MobileLauncherProfileWizard
LogPluginManager: Mounting plugin PluginBrowser
LogPluginManager: Mounting plugin SpeedTreeImporter
LogPluginManager: Mounting plugin AlembicImporter
LogPluginManager: Mounting plugin CharacterAI
LogPluginManager: Mounting plugin HTML5Networking
LogPluginManager: Mounting plugin AndroidMedia
LogPluginManager: Mounting plugin AvfMedia
LogPluginManager: Mounting plugin MediaPlayerEditor
LogPluginManager: Mounting plugin WmfMedia
LogPluginManager: Mounting plugin TcpMessaging
LogPluginManager: Mounting plugin UdpMessaging
LogPluginManager: Mounting plugin LevelSequenceEditor
LogPluginManager: Mounting plugin MatineeToLevelSequence
LogPluginManager: Mounting plugin OnlineSubsystemGooglePlay
LogPluginManager: Mounting plugin OnlineSubsystemIOS
LogPluginManager: Mounting plugin OnlineSubsystem
LogPluginManager: Mounting plugin OnlineSubsystemNull
LogPluginManager: Mounting plugin OnlineSubsystemUtils
LogPluginManager: Mounting plugin AndroidDeviceProfileSelector
LogPluginManager: Mounting plugin AndroidMoviePlayer
LogPluginManager: Mounting plugin AndroidPermission
LogPluginManager: Mounting plugin AppleMoviePlayer
LogPluginManager: Mounting plugin ArchVisCharacter
LogPluginManager: Mounting plugin CableComponent
LogPluginManager: Mounting plugin CustomMeshComponent
LogPluginManager: Mounting plugin ExampleDeviceProfileSelector
LogPluginManager: Mounting plugin GoogleCloudMessaging
LogPluginManager: Mounting plugin ImmediatePhysics
LogPluginManager: Mounting plugin IOSDeviceProfileSelector
LogPluginManager: Mounting plugin LinuxDeviceProfileSelector
LogPluginManager: Mounting plugin LocationServicesBPLibrary
LogPluginManager: Mounting plugin MobilePatchingUtils
LogPluginManager: Mounting plugin OculusVR
LogPluginManager: Mounting plugin PhysXVehicles
LogPluginManager: Mounting plugin ProceduralMeshComponent
LogPluginManager: Mounting plugin RuntimePhysXCooking
LogPluginManager: Mounting plugin SteamVR
LogPluginManager: Mounting plugin WindowsMoviePlayer
LogInit: Using libcurl 7.47.1
LogInit:  - built for x86_64-pc-win32
LogInit:  - supports SSL with OpenSSL/1.0.2g
LogInit:  - supports HTTP deflate (compression) using libz 1.2.8
LogInit:  - other features:
LogInit:      CURL_VERSION_SSL
LogInit:      CURL_VERSION_LIBZ
LogInit:      CURL_VERSION_IPV6
LogInit:      CURL_VERSION_ASYNCHDNS
LogInit:      CURL_VERSION_LARGEFILE
LogInit:      CURL_VERSION_IDN
LogInit:  CurlRequestOptions (configurable via config and command line):
LogInit:  - bVerifyPeer = false  - Libcurl will NOT verify peer certificate
LogInit:  - bUseHttpProxy = false  - Libcurl will NOT use HTTP proxy
LogInit:  - bDontReuseConnections = false  - Libcurl will reuse connections
LogInit:  - CertBundlePath = nullptr  - Libcurl will use whatever was configured at build time.
LogHMD: Failed initializing OVRPlugin 1.15.0
LogInit: Build: ++UE4+Release-4.17-CL-3658906
LogInit: Engine Version: 4.17.2-3658906+++UE4+Release-4.17
LogInit: Compatible Engine Version: 4.17.0-3573198+++UE4+Release-4.17
LogInit: Net CL: 3573198
LogDevObjectVersion: Number of dev versions registered: 16
LogDevObjectVersion:   Dev-Blueprints (B0D832E4-1F89-4F0D-ACCF-7EB736FD4AA2): 10
LogDevObjectVersion:   Dev-Build (E1C64328-A22C-4D53-A36C-8E866417BD8C): 0
LogDevObjectVersion:   Dev-Core (375EC13C-06E4-48FB-B500-84F0262A717E): 2
LogDevObjectVersion:   Dev-Editor (E4B068ED-F494-42E9-A231-DA0B2E46BB41): 20
LogDevObjectVersion:   Dev-Framework (CFFC743F-43B0-4480-9391-14DF171D2073): 28
LogDevObjectVersion:   Dev-Mobile (B02B49B5-BB20-44E9-A304-32B752E40360): 0
LogDevObjectVersion:   Dev-Networking (A4E4105C-59A1-49B5-A7C5-40C4547EDFEE): 0
LogDevObjectVersion:   Dev-Online (39C831C9-5AE6-47DC-9A44-9C173E1C8E7C): 0
LogDevObjectVersion:   Dev-Physics (78F01B33-EBEA-4F98-B9B4-84EACCB95AA2): 0
LogDevObjectVersion:   Dev-Platform (6631380F-2D4D-43E0-8009-CF276956A95A): 0
LogDevObjectVersion:   Dev-Rendering (12F88B9F-8875-4AFC-A67C-D90C383ABD29): 19
LogDevObjectVersion:   Dev-Sequencer (7B5AE74C-D270-4C10-A958-57980B212A5A): 4
LogDevObjectVersion:   Dev-VR (D7296918-1DD6-4BDD-9DE2-64A83CC13884): 0
LogDevObjectVersion:   Dev-LoadTimes (C2A15278-BFE7-4AFE-6C17-90FF531DF755): 1
LogDevObjectVersion:   Private-Geometry (6EACA3D4-40EC-4CC1-B786-8BED09428FC5): 1
LogDevObjectVersion:   Dev-AnimPhys (29E575DD-E0A3-4627-9D10-D276232CDCEA): 7
LogInit: Compiled (64-bit): Sep 22 2017 13:47:16
LogInit: Compiled with Visual C++: 19.00.24215.01
LogInit: Build Configuration: Development
LogInit: Branch Name: ++UE4+Release-4.17
LogInit: Command line:  
LogInit: Base directory: C:/Program Files/Epic Games/UE_4.17/Engine/Binaries/Win64/
LogInit: Installed Engine Build: 1
LogInit: Presizing for max 8388607 objects, including 0 objects not considered by GC, pre-allocating 0 bytes for permanent pool.
LogInit: Object subsystem initialized
[2017.10.06-17.47.06:323][  0]LogInit: Selected Device Profile: [Windows]
[2017.10.06-17.47.06:323][  0]LogInit: Applying CVar settings loaded from the selected device profile: [Windows]
[2017.10.06-17.47.06:362][  0]LogInit: Computer: DIT2010US
[2017.10.06-17.47.06:362][  0]LogInit: User: christopherreilly
[2017.10.06-17.47.06:362][  0]LogInit: CPU Page size=4096, Cores=4
[2017.10.06-17.47.06:362][  0]LogInit: High frequency timer resolution =3.320361 MHz
[2017.10.06-17.47.06:363][  0]LogMemory: Memory total: Physical=11.9GB (12GB approx)
[2017.10.06-17.47.06:363][  0]LogMemory: Platform Memory Stats for Windows
[2017.10.06-17.47.06:363][  0]LogMemory: Process Physical Memory: 284.38 MB used, 284.38 MB peak
[2017.10.06-17.47.06:363][  0]LogMemory: Process Virtual Memory: 294.81 MB used, 294.81 MB peak
[2017.10.06-17.47.06:363][  0]LogMemory: Physical Memory: 4577.04 MB used,  7649.94 MB free, 12226.98 MB total
[2017.10.06-17.47.06:363][  0]LogMemory: Virtual Memory: 692.98 MB used,  7649.94 MB free, 8388608.00 MB total
[2017.10.06-17.47.06:527][  0]LogInit: Using OS detected language (en-US).
[2017.10.06-17.47.06:527][  0]LogInit: Using OS detected locale (en-US).
[2017.10.06-17.47.06:569][  0]LogTextLocalizationManager: No specific localization for 'en-US' exists, so the 'en' localization will be used.
[2017.10.06-17.47.07:521][  0]LogD3D11RHI: D3D11 adapters:
[2017.10.06-17.47.07:549][  0]LogD3D11RHI:    0. 'NVIDIA GeForce GTX 1070' (Feature Level 11_0)
[2017.10.06-17.47.07:549][  0]LogD3D11RHI:       8070/0/5857 MB DedicatedVideo/DedicatedSystem/SharedSystem, Outputs:1, VendorId:0x10de
[2017.10.06-17.47.07:549][  0]LogD3D11RHI: Chosen D3D11 Adapter: 0
[2017.10.06-17.47.07:554][  0]LogD3D11RHI: Creating new Direct3DDevice
[2017.10.06-17.47.07:554][  0]LogD3D11RHI:     GPU DeviceId: 0x1b81 (for the marketing name, search the web for "GPU Device Id")
[2017.10.06-17.47.07:554][  0]LogWindows: EnumDisplayDevices:
[2017.10.06-17.47.07:554][  0]LogWindows:    0. 'NVIDIA GeForce GTX 1070' (P:1 D:1)
[2017.10.06-17.47.07:554][  0]LogWindows:    1. 'NVIDIA GeForce GTX 1070' (P:0 D:0)
[2017.10.06-17.47.07:554][  0]LogWindows:    2. 'NVIDIA GeForce GTX 1070' (P:0 D:0)
[2017.10.06-17.47.07:555][  0]LogWindows:    3. 'NVIDIA GeForce GTX 1070' (P:0 D:0)
[2017.10.06-17.47.07:555][  0]LogWindows:    4. 'NVIDIA GeForce GTX 1070' (P:0 D:0)
[2017.10.06-17.47.07:555][  0]LogWindows:    5. 'NVIDIA GeForce GTX 1070' (P:0 D:0)
[2017.10.06-17.47.07:555][  0]LogWindows:    6. 'NVIDIA GeForce GTX 1070' (P:0 D:0)
[2017.10.06-17.47.07:555][  0]LogWindows:    7. 'NVIDIA GeForce GTX 1070' (P:0 D:0)
[2017.10.06-17.47.07:555][  0]LogWindows:    8. 'NVIDIA GeForce GTX 1070' (P:0 D:0)
[2017.10.06-17.47.07:556][  0]LogWindows:    9. 'NVIDIA GeForce GTX 1070' (P:0 D:0)
[2017.10.06-17.47.07:556][  0]LogWindows:    10. 'RDPDD Chained DD' (P:0 D:0)
[2017.10.06-17.47.07:556][  0]LogWindows:    11. 'RDP Encoder Mirror Driver' (P:0 D:0)
[2017.10.06-17.47.07:556][  0]LogWindows:    12. 'RDP Reflector Display Driver' (P:0 D:0)
[2017.10.06-17.47.07:556][  0]LogWindows: DebugString: GetVideoDriverDetailsInvalid PrimaryIsNotTheChoosenAdapter GetVideoDriverDetailsInvalid PrimaryIsNotTheChoosenAdapter GetVideoDriverDetailsInvalid PrimaryIsNotTheChoosenAdapter FoundDriverCount:10 
[2017.10.06-17.47.07:556][  0]LogD3D11RHI:     Adapter Name: NVIDIA GeForce GTX 1070
[2017.10.06-17.47.07:556][  0]LogD3D11RHI:   Driver Version: 385.28 (internal:22.21.13.8528, unified:385.28)
[2017.10.06-17.47.07:556][  0]LogD3D11RHI:      Driver Date: 8-9-2017
[2017.10.06-17.47.07:556][  0]LogRHI: Texture pool is 1361 MB (70% of 1945 MB)
[2017.10.06-17.47.07:569][  0]LogD3D11RHI: Async texture creation enabled
[2017.10.06-17.47.07:585][  0]LogD3D11RHI: GPU Timing Frequency: 1000.000000 (Debug: 2 2)
[2017.10.06-17.47.07:587][  0]LogShaderCompilers: Guid format shader working directory is -34 characters bigger than the processId version (../../../../../../Users/christopher.reilly/Desktop/KnickKnackWackyStack/KnickKnackWackyStack/Intermediate/Shaders/WorkingDirectory/10400/).
[2017.10.06-17.47.07:587][  0]LogShaderCompilers: Cleaned the shader compiler working directory 'C:/Users/christopher.reilly/AppData/Local/Temp/UnrealShaderWorkingDir/0006317143189375D8B46AA0B6DE3B65/'.
[2017.10.06-17.47.07:587][  0]LogShaderCompilers: Display: Using Local Shader Compiler.
[2017.10.06-17.47.08:462][  0]LogTemp: Display: Loaded TP AllDesktopTargetPlatform
[2017.10.06-17.47.08:515][  0]LogTemp: Display: Loaded TP MacClientTargetPlatform
[2017.10.06-17.47.08:567][  0]LogTemp: Display: Loaded TP MacNoEditorTargetPlatform
[2017.10.06-17.47.08:619][  0]LogTemp: Display: Loaded TP MacServerTargetPlatform
[2017.10.06-17.47.08:688][  0]LogTemp: Display: Loaded TP MacTargetPlatform
[2017.10.06-17.47.08:739][  0]LogTemp: Display: Loaded TP WindowsClientTargetPlatform
[2017.10.06-17.47.08:791][  0]LogTemp: Display: Loaded TP WindowsNoEditorTargetPlatform
[2017.10.06-17.47.08:843][  0]LogTemp: Display: Loaded TP WindowsServerTargetPlatform
[2017.10.06-17.47.08:888][  0]LogTemp: Display: Loaded TP WindowsTargetPlatform
[2017.10.06-17.47.08:945][  0]LogTemp: Display: Loaded TP AndroidTargetPlatform
[2017.10.06-17.47.08:995][  0]LogTemp: Display: Loaded TP Android_ASTCTargetPlatform
[2017.10.06-17.47.09:046][  0]LogTemp: Display: Loaded TP Android_ATCTargetPlatform
[2017.10.06-17.47.09:096][  0]LogTemp: Display: Loaded TP Android_DXTTargetPlatform
[2017.10.06-17.47.09:149][  0]LogTemp: Display: Loaded TP Android_ETC1TargetPlatform
[2017.10.06-17.47.09:199][  0]LogTemp: Display: Loaded TP Android_ETC2TargetPlatform
[2017.10.06-17.47.09:299][  0]LogTemp: Display: Loaded TP Android_MultiTargetPlatform
[2017.10.06-17.47.09:299][  0]LogTemp: Display: Loaded TP Android_PVRTCTargetPlatform
[2017.10.06-17.47.09:338][  0]LogTemp: Display: Loaded TP HTML5TargetPlatform
[2017.10.06-17.47.09:461][  0]LogTemp: Display: Loaded TP IOSTargetPlatform
[2017.10.06-17.47.09:492][  0]LogTemp: Display: Loaded TP TVOSTargetPlatform
[2017.10.06-17.47.09:542][  0]LogTemp: Display: Loaded TP LinuxClientTargetPlatform
[2017.10.06-17.47.09:593][  0]LogTemp: Display: Loaded TP LinuxNoEditorTargetPlatform
[2017.10.06-17.47.09:643][  0]LogTemp: Display: Loaded TP LinuxServerTargetPlatform
[2017.10.06-17.47.09:694][  0]LogTemp: Display: Loaded TP LinuxTargetPlatform
[2017.10.06-17.47.09:694][  0]LogTargetPlatformManager: Display: Building Assets For Windows
[2017.10.06-17.47.10:149][  0]LogDerivedDataCache: Display: Max Cache Size: 512 MB
[2017.10.06-17.47.10:627][  0]LogDerivedDataCache: Loaded boot cache 0.48s 106MB C:/Users/christopher.reilly/AppData/Local/UnrealEngine/4.17/DerivedDataCache/Boot.ddc.
[2017.10.06-17.47.10:627][  0]LogDerivedDataCache: Display: Loaded Boot cache: C:/Users/christopher.reilly/AppData/Local/UnrealEngine/4.17/DerivedDataCache/Boot.ddc
[2017.10.06-17.47.10:627][  0]LogDerivedDataCache: FDerivedDataBackendGraph:  Pak pak cache file ../../../../../../Users/christopher.reilly/Desktop/KnickKnackWackyStack/KnickKnackWackyStack/DerivedDataCache/DDC.ddp not found, will not use a pak cache.
[2017.10.06-17.47.10:627][  0]LogDerivedDataCache: Unable to find inner node Pak for hierarchical cache Hierarchy.
[2017.10.06-17.47.10:627][  0]LogDerivedDataCache: FDerivedDataBackendGraph:  CompressedPak pak cache file ../../../../../../Users/christopher.reilly/Desktop/KnickKnackWackyStack/KnickKnackWackyStack/DerivedDataCache/Compressed.ddp not found, will not use a pak cache.
[2017.10.06-17.47.10:627][  0]LogDerivedDataCache: Unable to find inner node CompressedPak for hierarchical cache Hierarchy.
[2017.10.06-17.47.10:647][  0]LogDerivedDataCache: Display: Pak cache opened for reading ../../../Engine/DerivedDataCache/Compressed.ddp.
[2017.10.06-17.47.10:658][  0]LogDerivedDataCache: Using Local data cache path C:/Users/christopher.reilly/AppData/Local/UnrealEngine/Common/DerivedDataCache: Writable
[2017.10.06-17.47.10:669][  0]LogMaterial: Verifying Global Shaders for PCD3D_SM5
[2017.10.06-17.47.10:670][  0]LogSlate: Using Freetype 2.6.0
[2017.10.06-17.47.10:681][  0]LogSlate: SlateFontCache - WITH_FREETYPE: 1, WITH_HARFBUZZ: 1
[2017.10.06-17.47.10:681][  0]LogSlate: SlateFontCache - WITH_FREETYPE: 1, WITH_HARFBUZZ: 1
[2017.10.06-17.47.11:382][  0]LogAssetRegistry: FAssetRegistry took 0.0250 seconds to start up
[2017.10.06-17.47.11:563][  0]LogInit: Selected Device Profile: [Windows]
[2017.10.06-17.47.11:568][  0]LogContentStreaming: Texture pool size is 0.00 MB
[2017.10.06-17.47.11:946][  0]LogSimplygon: Simplygon DLL not present - disabling.
[2017.10.06-17.47.11:981][  0]LogMeshReduction: Using SimplygonSwarm for distributed automatic mesh merging
[2017.10.06-17.47.11:981][  0]LogMeshReduction: Using QuadricMeshReduction for automatic static mesh reduction
[2017.10.06-17.47.11:981][  0]LogMeshReduction: No automatic skeletal mesh reduction module available
[2017.10.06-17.47.11:981][  0]LogMeshReduction: No automatic mesh merging module available
[2017.10.06-17.47.11:981][  0]LogMeshMerging: No automatic mesh merging module available
[2017.10.06-17.47.12:352][  0]LogNetVersion: KnickKnackWackyStack , NetCL: 3573198, EngineNetVer: 2, GameNetVer: 0 (Checksum: 3432637998)
[2017.10.06-17.47.12:545][  0]LogPackageLocalizationCache: Processed 5 localized package path(s) for 2 prioritized culture(s) in 0.032207 seconds
[2017.10.06-17.47.12:551][  0]LogUObjectArray: 35825 objects as part of root set at end of initial load.
[2017.10.06-17.47.12:551][  0]LogUObjectAllocator: 7529112 out of 0 bytes used by permanent object pool.
[2017.10.06-17.47.12:551][  0]LogUObjectArray: CloseDisregardForGC: 0/0 objects in disregard for GC pool
[2017.10.06-17.47.12:602][  0]LogInit: WinSock: version 1.1 (2.2), MaxSocks=32767, MaxUdp=65467
[2017.10.06-17.47.19:879][  0]LogTcpMessaging: Initializing TcpMessaging bridge
[2017.10.06-17.47.19:913][  0]LogUdpMessaging: Initializing bridge on interface 0.0.0.0:0 to multicast group 230.0.0.1:6666.
[2017.10.06-17.47.20:520][  0]LogMaterial: Uniform references updated for custom material expression Custom.
[2017.10.06-17.47.20:901][  0]SourceControl: Source control is disabled
[2017.10.06-17.47.20:901][  0]SourceControl: Source control is disabled
[2017.10.06-17.47.20:943][  0]SourceControl: Source control is disabled
[2017.10.06-17.47.20:983][  0]SourceControl: Source control is disabled
[2017.10.06-17.47.21:545][  0]LogAndroidPermission: UAndroidPermissionCallbackProxy::GetInstance
[2017.10.06-17.47.21:753][  0]LogOcInput: OculusInput pre-init called
[2017.10.06-17.47.21:999][  0]LogEngine: Initializing Engine...
[2017.10.06-17.47.24:151][  0]LogHMD: SteamVR initialized.  Driver: lighthouse  Display: LHR-354F154B
[2017.10.06-17.47.24:415][  0]LogStats: UGameplayTagsManager::ConstructGameplayTagTree: Construct from data asset -  0.000 s
[2017.10.06-17.47.24:416][  0]LogStats: UGameplayTagsManager::ConstructGameplayTagTree: GameplayTagTreeChangedEvent.Broadcast -  0.000 s
[2017.10.06-17.47.24:538][  0]LogAIModule: Creating AISystem for world Untitled
[2017.10.06-17.47.24:551][  0]LogInit: XAudio2 using 'Speakers (4- USB Audio Device)' : 2 channels at 44.1 kHz using 16 bits per sample (channel mask 0x3)
[2017.10.06-17.47.24:595][  0]LogInit: FAudioDevice initialized.
[2017.10.06-17.47.24:868][  0]LogDerivedDataCache: Saved boot cache 0.27s 93MB C:/Users/christopher.reilly/AppData/Local/UnrealEngine/4.17/DerivedDataCache/Boot.ddc.
[2017.10.06-17.47.24:888][  0]LogInit: Texture streaming: Enabled
[2017.10.06-17.47.25:029][  0]LogEngineSessionManager: EngineSessionManager initialized
[2017.10.06-17.47.25:309][  0]LogInit: Transaction tracking system initialized
[2017.10.06-17.47.25:607][  0]BlueprintLog: New page: Editor Load
[2017.10.06-17.47.26:433][  0]LocalizationService: Localization service is disabled
[2017.10.06-17.47.27:246][  0]LogConsoleResponse: Display: 
[2017.10.06-17.47.27:573][  0]LogCook: Display: Max memory allowance for cook 16384mb min free memory 0mb
[2017.10.06-17.47.27:574][  0]LogCook: Display: Mobile HDR setting 1
[2017.10.06-17.47.27:574][  0]LogGameplayTags: Display: UGameplayTagsManager::DoneAddingNativeTags. DelegateIsBound: 0
[2017.10.06-17.47.28:620][  0]SourceControl: Source control is disabled
[2017.10.06-17.47.28:620][  0]Cmd: MAP LOAD FILE="../../../../../../Users/christopher.reilly/Desktop/KnickKnackWackyStack/KnickKnackWackyStack/Content/VirtualRealityBP/Maps/StartupMap.umap" TEMPLATE=0 SHOWPROGRESS=1 FEATURELEVEL=3
[2017.10.06-17.47.28:620][  0]LightingResults: New page: Lighting Build
[2017.10.06-17.47.28:657][  0]MapCheck: New page: Map Check
[2017.10.06-17.47.28:657][  0]LightingResults: New page: Lighting Build
[2017.10.06-17.47.28:786][  0]LogAIModule: Creating AISystem for world StartupMap
[2017.10.06-17.47.28:793][  0]LogEditorServer: Finished looking for orphan Actors (0.000 secs)
[2017.10.06-17.47.28:804][  0]Cmd: MAP CHECKDEP NOCLEARLOG
[2017.10.06-17.47.28:845][  0]MapCheck: Map check complete: 0 Error(s), 0 Warning(s), took 41.202ms to complete.
[2017.10.06-17.47.28:845][  0]LogFileHelpers: Loading map 'StartupMap' took 0.226
[2017.10.06-17.47.29:025][  0]LogCollectionManager: Loaded 0 collections in 0.001529 seconds
[2017.10.06-17.47.29:097][  0]LogFileCache: Scanning file cache for directory 'C:/Users/christopher.reilly/Desktop/KnickKnackWackyStack/KnickKnackWackyStack/Saved/Collections/' took 0.01s
[2017.10.06-17.47.29:097][  0]LogFileCache: Scanning file cache for directory 'C:/Users/christopher.reilly/Desktop/KnickKnackWackyStack/KnickKnackWackyStack/Content/Developers/christopherreilly/Collections/' took 0.01s
[2017.10.06-17.47.29:097][  0]LogFileCache: Scanning file cache for directory 'C:/Users/christopher.reilly/Desktop/KnickKnackWackyStack/KnickKnackWackyStack/Content/Collections/' took 0.01s
[2017.10.06-17.47.29:097][  0]LogCollectionManager: Rebuilt the GUID cache for 0 collections in 0.000001 seconds
[2017.10.06-17.47.29:107][  0]LogContentBrowser: Native class hierarchy populated in 0.0096 seconds. Added 2386 classes and 500 folders.
[2017.10.06-17.47.29:165][  0]LogContentBrowser: Native class hierarchy updated for 'WidgetCarousel' in 0.0007 seconds. Added 0 classes and 0 folders.
[2017.10.06-17.47.29:732][  0]LogContentBrowser: Native class hierarchy updated for 'AddContentDialog' in 0.0006 seconds. Added 0 classes and 0 folders.
[2017.10.06-17.47.29:772][  0]LogContentBrowser: Native class hierarchy updated for 'SceneOutliner' in 0.0007 seconds. Added 1 classes and 2 folders.
[2017.10.06-17.47.29:856][  0]LogContentBrowser: Native class hierarchy updated for 'HierarchicalLODOutliner' in 0.0008 seconds. Added 1 classes and 2 folders.
[2017.10.06-17.47.29:856][  0]LogLoad: (Engine Initialization) Total time: 26.17 seconds
[2017.10.06-17.47.29:856][  0]LogLoad: (Engine Initialization) Total Blueprint compile time: 0.00 seconds
[2017.10.06-17.47.29:857][  0]LogExternalProfiler: Found external profiler: VSPerf
[2017.10.06-17.47.29:857][  0]LogExternalProfiler: Using external profiler: VSPerf
[2017.10.06-17.47.29:885][  0]LogContentStreaming: Texture pool size now 1000 MB
[2017.10.06-17.47.29:906][  0]LogSlate: Took 0.020154 seconds to synchronously load lazily loaded font '../../../Engine/Content/Slate/Fonts/Roboto-Regular.ttf' (155K)
[2017.10.06-17.47.29:915][  0]LogSlate: Took 0.006903 seconds to synchronously load lazily loaded font '../../../Engine/Content/Slate/Fonts/Roboto-Bold.ttf' (160K)
[2017.10.06-17.47.29:935][  0]LogSlate: Took 0.014010 seconds to synchronously load lazily loaded font '../../../Engine/Content/Editor/Slate/Fonts/FontAwesome.ttf' (139K)
[2017.10.06-17.47.30:079][  1]LogAssetRegistry: Asset discovery search completed in 18.7163 seconds
[2017.10.06-17.47.30:081][  1]LogCollectionManager: Rebuilt the object cache for 0 collections in 0.000001 seconds (found 0 objects)
[2017.10.06-17.47.30:081][  1]LogCollectionManager: Fixed up redirectors for 0 collections in 0.000039 seconds (updated 0 objects)
[2017.10.06-17.47.30:114][  2]LogRenderer: Reallocating scene render targets to support 1032x496 Format 26 NumSamples 1 (Frame:1).
[2017.10.06-17.47.30:904][ 79]LogSlate: Took 0.014213 seconds to synchronously load lazily loaded font '../../../Engine/Content/Slate/Fonts/Roboto-Light.ttf' (159K)
[2017.10.06-17.47.34:052][437]LogSlate: Took 0.000156 seconds to synchronously load lazily loaded font '../../../Engine/Content/Slate/Fonts/Roboto-Light.ttf' (159K)
[2017.10.06-17.49.07:673][639]LogSlate: Took 0.000133 seconds to synchronously load lazily loaded font '../../../Engine/Content/Slate/Fonts/Roboto-Light.ttf' (159K)
[2017.10.06-17.49.10:457][639]LogSlate: Took 0.000126 seconds to synchronously load lazily loaded font '../../../Engine/Content/Slate/Fonts/Roboto-Regular.ttf' (155K)
[2017.10.06-17.49.10:785][639]LogAIModule: Creating AISystem for world DemoLevel
[2017.10.06-17.49.10:812][639]Cmd: MAP LOAD FILE="../../../../../../Users/christopher.reilly/Desktop/KnickKnackWackyStack/KnickKnackWackyStack/Content/VirtualRealityBP/Maps/DemoLevel.umap" TEMPLATE=0 SHOWPROGRESS=1 FEATURELEVEL=3
[2017.10.06-17.49.10:812][639]LightingResults: New page: Lighting Build
[2017.10.06-17.49.10:813][639]LoadErrors: New page: Loading map: DemoLevel.umap
[2017.10.06-17.49.10:813][639]MapCheck: New page: Map Check
[2017.10.06-17.49.10:813][639]LightingResults: New page: Lighting Build
[2017.10.06-17.49.10:826][639]PIE: Warning: Trying to simulate physics on ''/Game/VirtualRealityBP/Maps/DemoLevel.DemoLevel:PersistentLevel.ToyBox_10.StaticMeshComponent0'' but it has ComplexAsSimple collision.
[2017.10.06-17.49.10:830][639]LogEditorServer: Finished looking for orphan Actors (0.000 secs)
[2017.10.06-17.49.10:928][639]Cmd: MAP CHECKDEP NOCLEARLOG
[2017.10.06-17.49.10:985][639]MapCheck: Map check complete: 0 Error(s), 0 Warning(s), took 56.646ms to complete.
[2017.10.06-17.49.10:985][639]LogFileHelpers: Loading map 'DemoLevel' took 0.174
[2017.10.06-17.49.16:696][311]LogRenderer: Reallocating scene render targets to support 1076x564 Format 26 NumSamples 1 (Frame:667).
[2017.10.06-17.49.18:880][530]LogEditorViewport: Clicking on Actor (LMB): TableTriggerZone_BP_C (TableTriggerZone_BP)
[2017.10.06-17.49.19:479][585]Cmd: CAMERA ALIGN ACTIVEVIEWPORTONLY
[2017.10.06-17.49.24:547][ 91]LogEditorViewport: Clicking on Actor (LMB): TableTriggerZone_BP_C (TableTriggerZone_BP)
[2017.10.06-17.49.26:425][283]LogEditorViewport: Clicking on Actor (LMB): SteeringWheel_BP_C (SteeringWheel_BP)
[2017.10.06-17.49.29:518][600]LogEditorViewport: Clicking on Actor (LMB): Dollo_BP_C (Dollo_BP)
[2017.10.06-17.49.38:951][492]LogEditorViewport: Clicking on Actor (LMB): Table_BP_C (Table_BP)
[2017.10.06-17.49.42:335][838]LogEditorViewport: Clicking on Actor (LMB): StaticMeshActor (Plane2)
[2017.10.06-17.49.42:786][879]LogEditorViewport: Clicking on Actor (LMB): Train_BP_C (Train_BP)
[2017.10.06-17.49.45:046][105]LogEditorViewport: Clicking on Actor (LMB): Table_BP_C (Table_BP)
[2017.10.06-17.49.48:061][414]LogEditorViewport: Clicking on Actor (LMB): StaticMeshActor (Plane)
[2017.10.06-17.49.48:486][453]LogEditorViewport: Clicking on Actor (LMB): Table_BP_C (Table_BP)
[2017.10.06-17.49.49:320][537]LogEditorViewport: Clicking on Actor (LMB): StaticMeshActor (Plane2)
[2017.10.06-17.49.50:897][693]LogTemp: Repeating last play command: Selected Viewport
[2017.10.06-17.49.50:925][693]LogBlueprintUserMessages: Early PlayInEditor Detection: Level '/Game/VirtualRealityBP/Maps/DemoLevel.DemoLevel:PersistentLevel' has LevelScriptBlueprint '/Game/VirtualRealityBP/Maps/DemoLevel.DemoLevel:PersistentLevel.DemoLevel' with GeneratedClass '/Game/VirtualRealityBP/Maps/DemoLevel.DemoLevel_C' with ClassGeneratedBy '/Game/VirtualRealityBP/Maps/DemoLevel.DemoLevel:PersistentLevel.DemoLevel'
[2017.10.06-17.49.50:925][693]LogPlayLevel: PlayLevel: No blueprints needed recompiling
[2017.10.06-17.49.50:925][693]PIE: New page: PIE session: DemoLevel (Oct 6, 2017, 3:49:50 AM)
[2017.10.06-17.49.50:925][693]LogPlayLevel: Creating play world package: /Game/VirtualRealityBP/Maps/UEDPIE_0_DemoLevel
[2017.10.06-17.49.50:929][693]LogPlayLevel: PIE: StaticDuplicateObject took: (0.003495s)
[2017.10.06-17.49.50:930][693]LogAIModule: Creating AISystem for world DemoLevel
[2017.10.06-17.49.50:930][693]LogPlayLevel: PIE: World Init took: (0.000947s)
[2017.10.06-17.49.50:930][693]LogPlayLevel: PIE: Created PIE world by copying editor world from /Game/VirtualRealityBP/Maps/DemoLevel.DemoLevel to /Game/VirtualRealityBP/Maps/UEDPIE_0_DemoLevel.DemoLevel (0.004701s)
[2017.10.06-17.49.50:947][693]LogInit: XAudio2 using 'Speakers (4- USB Audio Device)' : 2 channels at 44.1 kHz using 16 bits per sample (channel mask 0x3)
[2017.10.06-17.49.50:953][693]LogInit: FAudioDevice initialized.
[2017.10.06-17.49.50:995][693]LogUObjectGlobals: Warning: Failed to find object 'Class None.'
[2017.10.06-17.49.50:995][693]LogLoad: Game class is 'GameModeBase'
[2017.10.06-17.49.50:997][693]PIE: Warning: Trying to simulate physics on ''/Game/VirtualRealityBP/Maps/UEDPIE_0_DemoLevel.DemoLevel:PersistentLevel.ToyBox_10.StaticMeshComponent0'' but it has ComplexAsSimple collision.
[2017.10.06-17.49.50:999][693]LogWorld: Bringing World /Game/VirtualRealityBP/Maps/UEDPIE_0_DemoLevel.DemoLevel up for play (max tick rate 0) at 2017.10.06-10.49.50
[2017.10.06-17.49.50:999][693]LogWorld: Bringing up level for play took: 0.002662
[2017.10.06-17.49.51:038][693]LogContentBrowser: Native class hierarchy updated for 'MovieSceneCapture' in 0.0009 seconds. Added 11 classes and 0 folders.
[2017.10.06-17.49.51:041][693]LogBlueprintUserMessages: [SteeringWheel_BP_2] X=-19.164 Y=-19.164 Z=-3.300
[2017.10.06-17.49.51:041][693]LogBlueprintUserMessages: [SteeringWheel_BP_2]  SteeringWheel to 
[2017.10.06-17.49.51:041][693]LogBlueprintUserMessages: [SteeringWheel_BP_2] X=19.164 Y=19.164 Z=4.965
[2017.10.06-17.49.51:043][693]LogBlueprintUserMessages: [TableTriggerZone_BP_93] BP_MotionController_C_0TableTriggerZone_BP_93
[2017.10.06-17.49.51:044][693]LogBlueprintUserMessages: [TableTriggerZone_BP_93] BP_MotionController_C_1TableTriggerZone_BP_93
[2017.10.06-17.49.51:044][693]PIE: Play in editor start time for /Game/VirtualRealityBP/Maps/UEDPIE_0_DemoLevel 0.553
[2017.10.06-17.49.51:044][693]LogBlueprintUserMessages: Late PlayInEditor Detection: Level '/Game/VirtualRealityBP/Maps/DemoLevel.DemoLevel:PersistentLevel' has LevelScriptBlueprint '/Game/VirtualRealityBP/Maps/DemoLevel.DemoLevel:PersistentLevel.DemoLevel' with GeneratedClass '/Game/VirtualRealityBP/Maps/DemoLevel.DemoLevel_C' with ClassGeneratedBy '/Game/VirtualRealityBP/Maps/DemoLevel.DemoLevel:PersistentLevel.DemoLevel'
[2017.10.06-17.49.51:116][694]LogRenderer: Reallocating scene render targets to support 1508x792 Format 26 NumSamples 1 (Frame:1).
[2017.10.06-17.49.59:239][598]LogRenderer: Reallocating scene render targets to support 1508x800 Format 26 NumSamples 1 (Frame:923).
[2017.10.06-17.49.59:278][599]LogRenderer: Reallocating scene render targets to support 1508x808 Format 26 NumSamples 1 (Frame:925).
[2017.10.06-17.49.59:316][600]LogRenderer: Reallocating scene render targets to support 1508x812 Format 26 NumSamples 1 (Frame:927).
[2017.10.06-17.50.03:055][850]LogEditorViewport: Clicking on Actor (LMB): StaticMeshActor (Plane)
[2017.10.06-17.50.08:604][241]LogEditorViewport: Clicking on Actor (LMB): StaticMeshActor (Plane)
[2017.10.06-17.50.09:079][266]LogEditorViewport: Clicking on Actor (LMB): StaticMeshActor (Plane3)
[2017.10.06-17.50.10:404][367]LogSlate: Took 0.000204 seconds to synchronously load lazily loaded font '../../../Engine/Content/Editor/Slate/Fonts/Roboto-Italic.ttf' (157K)
[2017.10.06-17.50.12:548][543]LogEditorViewport: Clicking on Actor (LMB): BP_MotionController_C (BP_MotionController)
[2017.10.06-17.51.35:444][624]LogBlueprintUserMessages: Early EndPlayMap Detection: Level '/Game/VirtualRealityBP/Maps/DemoLevel.DemoLevel:PersistentLevel' has LevelScriptBlueprint '/Game/VirtualRealityBP/Maps/DemoLevel.DemoLevel:PersistentLevel.DemoLevel' with GeneratedClass '/Game/VirtualRealityBP/Maps/DemoLevel.DemoLevel_C' with ClassGeneratedBy '/Game/VirtualRealityBP/Maps/DemoLevel.DemoLevel:PersistentLevel.DemoLevel'
[2017.10.06-17.51.35:477][624]LogBlueprintUserMessages: Late EndPlayMap Detection: Level '/Game/VirtualRealityBP/Maps/DemoLevel.DemoLevel:PersistentLevel' has LevelScriptBlueprint '/Game/VirtualRealityBP/Maps/DemoLevel.DemoLevel:PersistentLevel.DemoLevel' with GeneratedClass '/Game/VirtualRealityBP/Maps/DemoLevel.DemoLevel_C' with ClassGeneratedBy '/Game/VirtualRealityBP/Maps/DemoLevel.DemoLevel:PersistentLevel.DemoLevel'
[2017.10.06-17.51.36:547][731]LogTemp: Repeating last play command: Selected Viewport
[2017.10.06-17.51.36:564][731]LogBlueprintUserMessages: Early PlayInEditor Detection: Level '/Game/VirtualRealityBP/Maps/DemoLevel.DemoLevel:PersistentLevel' has LevelScriptBlueprint '/Game/VirtualRealityBP/Maps/DemoLevel.DemoLevel:PersistentLevel.DemoLevel' with GeneratedClass '/Game/VirtualRealityBP/Maps/DemoLevel.DemoLevel_C' with ClassGeneratedBy '/Game/VirtualRealityBP/Maps/DemoLevel.DemoLevel:PersistentLevel.DemoLevel'
[2017.10.06-17.51.36:564][731]LogPlayLevel: PlayLevel: No blueprints needed recompiling
[2017.10.06-17.51.36:564][731]PIE: New page: PIE session: DemoLevel (Oct 6, 2017, 3:51:36 AM)
[2017.10.06-17.51.36:564][731]LogPlayLevel: Creating play world package: /Game/VirtualRealityBP/Maps/UEDPIE_0_DemoLevel
[2017.10.06-17.51.36:567][731]LogPlayLevel: PIE: StaticDuplicateObject took: (0.003337s)
[2017.10.06-17.51.36:568][731]LogAIModule: Creating AISystem for world DemoLevel
[2017.10.06-17.51.36:568][731]LogPlayLevel: PIE: World Init took: (0.000798s)
[2017.10.06-17.51.36:568][731]LogPlayLevel: PIE: Created PIE world by copying editor world from /Game/VirtualRealityBP/Maps/DemoLevel.DemoLevel to /Game/VirtualRealityBP/Maps/UEDPIE_0_DemoLevel.DemoLevel (0.004418s)
[2017.10.06-17.51.36:589][731]LogInit: XAudio2 using 'Speakers (4- USB Audio Device)' : 2 channels at 44.1 kHz using 16 bits per sample (channel mask 0x3)
[2017.10.06-17.51.36:596][731]LogInit: FAudioDevice initialized.
[2017.10.06-17.51.36:625][731]LogUObjectGlobals: Warning: Failed to find object 'Class None.'
[2017.10.06-17.51.36:625][731]LogLoad: Game class is 'GameModeBase'
[2017.10.06-17.51.36:627][731]PIE: Warning: Trying to simulate physics on ''/Game/VirtualRealityBP/Maps/UEDPIE_0_DemoLevel.DemoLevel:PersistentLevel.ToyBox_10.StaticMeshComponent0'' but it has ComplexAsSimple collision.
[2017.10.06-17.51.36:628][731]LogWorld: Bringing World /Game/VirtualRealityBP/Maps/UEDPIE_0_DemoLevel.DemoLevel up for play (max tick rate 0) at 2017.10.06-10.51.36
[2017.10.06-17.51.36:628][731]LogWorld: Bringing up level for play took: 0.002434
[2017.10.06-17.51.36:631][731]LogBlueprintUserMessages: [SteeringWheel_BP_2] X=-19.164 Y=-19.164 Z=-3.300
[2017.10.06-17.51.36:631][731]LogBlueprintUserMessages: [SteeringWheel_BP_2]  SteeringWheel to 
[2017.10.06-17.51.36:631][731]LogBlueprintUserMessages: [SteeringWheel_BP_2] X=19.164 Y=19.164 Z=4.965
[2017.10.06-17.51.36:632][731]LogBlueprintUserMessages: [TableTriggerZone_BP_93] BP_MotionController_C_0TableTriggerZone_BP_93
[2017.10.06-17.51.36:633][731]LogBlueprintUserMessages: [TableTriggerZone_BP_93] BP_MotionController_C_1TableTriggerZone_BP_93
[2017.10.06-17.51.36:634][731]PIE: Play in editor start time for /Game/VirtualRealityBP/Maps/UEDPIE_0_DemoLevel 0.339
[2017.10.06-17.51.36:634][731]LogBlueprintUserMessages: Late PlayInEditor Detection: Level '/Game/VirtualRealityBP/Maps/DemoLevel.DemoLevel:PersistentLevel' has LevelScriptBlueprint '/Game/VirtualRealityBP/Maps/DemoLevel.DemoLevel:PersistentLevel.DemoLevel' with GeneratedClass '/Game/VirtualRealityBP/Maps/DemoLevel.DemoLevel_C' with ClassGeneratedBy '/Game/VirtualRealityBP/Maps/DemoLevel.DemoLevel:PersistentLevel.DemoLevel'
[2017.10.06-17.51.36:684][732]LogRenderer: Reallocating scene render targets to support 1756x1136 Format 26 NumSamples 1 (Frame:1).
[2017.10.06-17.51.42:706][398]LogBlueprintUserMessages: Early EndPlayMap Detection: Level '/Game/VirtualRealityBP/Maps/DemoLevel.DemoLevel:PersistentLevel' has LevelScriptBlueprint '/Game/VirtualRealityBP/Maps/DemoLevel.DemoLevel:PersistentLevel.DemoLevel' with GeneratedClass '/Game/VirtualRealityBP/Maps/DemoLevel.DemoLevel_C' with ClassGeneratedBy '/Game/VirtualRealityBP/Maps/DemoLevel.DemoLevel:PersistentLevel.DemoLevel'
[2017.10.06-17.51.42:737][398]LogBlueprintUserMessages: Late EndPlayMap Detection: Level '/Game/VirtualRealityBP/Maps/DemoLevel.DemoLevel:PersistentLevel' has LevelScriptBlueprint '/Game/VirtualRealityBP/Maps/DemoLevel.DemoLevel:PersistentLevel.DemoLevel' with GeneratedClass '/Game/VirtualRealityBP/Maps/DemoLevel.DemoLevel_C' with ClassGeneratedBy '/Game/VirtualRealityBP/Maps/DemoLevel.DemoLevel:PersistentLevel.DemoLevel'
[2017.10.06-17.51.43:226][435]LogTemp: Repeating last play command: Selected Viewport
[2017.10.06-17.51.43:242][435]LogBlueprintUserMessages: Early PlayInEditor Detection: Level '/Game/VirtualRealityBP/Maps/DemoLevel.DemoLevel:PersistentLevel' has LevelScriptBlueprint '/Game/VirtualRealityBP/Maps/DemoLevel.DemoLevel:PersistentLevel.DemoLevel' with GeneratedClass '/Game/VirtualRealityBP/Maps/DemoLevel.DemoLevel_C' with ClassGeneratedBy '/Game/VirtualRealityBP/Maps/DemoLevel.DemoLevel:PersistentLevel.DemoLevel'
[2017.10.06-17.51.43:242][435]LogPlayLevel: PlayLevel: No blueprints needed recompiling
[2017.10.06-17.51.43:242][435]PIE: New page: PIE session: DemoLevel (Oct 6, 2017, 3:51:43 AM)
[2017.10.06-17.51.43:242][435]LogPlayLevel: Creating play world package: /Game/VirtualRealityBP/Maps/UEDPIE_0_DemoLevel
[2017.10.06-17.51.43:246][435]LogPlayLevel: PIE: StaticDuplicateObject took: (0.003192s)
[2017.10.06-17.51.43:246][435]LogAIModule: Creating AISystem for world DemoLevel
[2017.10.06-17.51.43:246][435]LogPlayLevel: PIE: World Init took: (0.000699s)
[2017.10.06-17.51.43:247][435]LogPlayLevel: PIE: Created PIE world by copying editor world from /Game/VirtualRealityBP/Maps/DemoLevel.DemoLevel to /Game/VirtualRealityBP/Maps/UEDPIE_0_DemoLevel.DemoLevel (0.004136s)
[2017.10.06-17.51.43:263][435]LogInit: XAudio2 using 'Speakers (4- USB Audio Device)' : 2 channels at 44.1 kHz using 16 bits per sample (channel mask 0x3)
[2017.10.06-17.51.43:269][435]LogInit: FAudioDevice initialized.
[2017.10.06-17.51.43:298][435]LogUObjectGlobals: Warning: Failed to find object 'Class None.'
[2017.10.06-17.51.43:298][435]LogLoad: Game class is 'GameModeBase'
[2017.10.06-17.51.43:300][435]PIE: Warning: Trying to simulate physics on ''/Game/VirtualRealityBP/Maps/UEDPIE_0_DemoLevel.DemoLevel:PersistentLevel.ToyBox_10.StaticMeshComponent0'' but it has ComplexAsSimple collision.
[2017.10.06-17.51.43:301][435]LogWorld: Bringing World /Game/VirtualRealityBP/Maps/UEDPIE_0_DemoLevel.DemoLevel up for play (max tick rate 0) at 2017.10.06-10.51.43
[2017.10.06-17.51.43:301][435]LogWorld: Bringing up level for play took: 0.002320
[2017.10.06-17.51.43:303][435]LogBlueprintUserMessages: [SteeringWheel_BP_2] X=-19.164 Y=-19.164 Z=-3.300
[2017.10.06-17.51.43:303][435]LogBlueprintUserMessages: [SteeringWheel_BP_2]  SteeringWheel to 
[2017.10.06-17.51.43:303][435]LogBlueprintUserMessages: [SteeringWheel_BP_2] X=19.164 Y=19.164 Z=4.965
[2017.10.06-17.51.43:305][435]LogBlueprintUserMessages: [TableTriggerZone_BP_93] BP_MotionController_C_0TableTriggerZone_BP_93
[2017.10.06-17.51.43:306][435]LogBlueprintUserMessages: [TableTriggerZone_BP_93] BP_MotionController_C_1TableTriggerZone_BP_93
[2017.10.06-17.51.43:306][435]PIE: Play in editor start time for /Game/VirtualRealityBP/Maps/UEDPIE_0_DemoLevel 1.024
[2017.10.06-17.51.43:307][435]LogBlueprintUserMessages: Late PlayInEditor Detection: Level '/Game/VirtualRealityBP/Maps/DemoLevel.DemoLevel:PersistentLevel' has LevelScriptBlueprint '/Game/VirtualRealityBP/Maps/DemoLevel.DemoLevel:PersistentLevel.DemoLevel' with GeneratedClass '/Game/VirtualRealityBP/Maps/DemoLevel.DemoLevel_C' with ClassGeneratedBy '/Game/VirtualRealityBP/Maps/DemoLevel.DemoLevel:PersistentLevel.DemoLevel'
[2017.10.06-17.51.44:565][581]LogBlueprintUserMessages: Early EndPlayMap Detection: Level '/Game/VirtualRealityBP/Maps/DemoLevel.DemoLevel:PersistentLevel' has LevelScriptBlueprint '/Game/VirtualRealityBP/Maps/DemoLevel.DemoLevel:PersistentLevel.DemoLevel' with GeneratedClass '/Game/VirtualRealityBP/Maps/DemoLevel.DemoLevel_C' with ClassGeneratedBy '/Game/VirtualRealityBP/Maps/DemoLevel.DemoLevel:PersistentLevel.DemoLevel'
[2017.10.06-17.51.44:595][581]LogBlueprintUserMessages: Late EndPlayMap Detection: Level '/Game/VirtualRealityBP/Maps/DemoLevel.DemoLevel:PersistentLevel' has LevelScriptBlueprint '/Game/VirtualRealityBP/Maps/DemoLevel.DemoLevel:PersistentLevel.DemoLevel' with GeneratedClass '/Game/VirtualRealityBP/Maps/DemoLevel.DemoLevel_C' with ClassGeneratedBy '/Game/VirtualRealityBP/Maps/DemoLevel.DemoLevel:PersistentLevel.DemoLevel'
[2017.10.06-17.51.45:091][616]LogTemp: Repeating last play command: Selected Viewport
[2017.10.06-17.51.45:107][616]LogBlueprintUserMessages: Early PlayInEditor Detection: Level '/Game/VirtualRealityBP/Maps/DemoLevel.DemoLevel:PersistentLevel' has LevelScriptBlueprint '/Game/VirtualRealityBP/Maps/DemoLevel.DemoLevel:PersistentLevel.DemoLevel' with GeneratedClass '/Game/VirtualRealityBP/Maps/DemoLevel.DemoLevel_C' with ClassGeneratedBy '/Game/VirtualRealityBP/Maps/DemoLevel.DemoLevel:PersistentLevel.DemoLevel'
[2017.10.06-17.51.45:107][616]LogPlayLevel: PlayLevel: No blueprints needed recompiling
[2017.10.06-17.51.45:107][616]PIE: New page: PIE session: DemoLevel (Oct 6, 2017, 3:51:45 AM)
[2017.10.06-17.51.45:107][616]LogPlayLevel: Creating play world package: /Game/VirtualRealityBP/Maps/UEDPIE_0_DemoLevel
[2017.10.06-17.51.45:110][616]LogPlayLevel: PIE: StaticDuplicateObject took: (0.003162s)
[2017.10.06-17.51.45:111][616]LogAIModule: Creating AISystem for world DemoLevel
[2017.10.06-17.51.45:111][616]LogPlayLevel: PIE: World Init took: (0.000830s)
[2017.10.06-17.51.45:111][616]LogPlayLevel: PIE: Created PIE world by copying editor world from /Game/VirtualRealityBP/Maps/DemoLevel.DemoLevel to /Game/VirtualRealityBP/Maps/UEDPIE_0_DemoLevel.DemoLevel (0.004242s)
[2017.10.06-17.51.45:130][616]LogInit: XAudio2 using 'Speakers (4- USB Audio Device)' : 2 channels at 44.1 kHz using 16 bits per sample (channel mask 0x3)
[2017.10.06-17.51.45:136][616]LogInit: FAudioDevice initialized.
[2017.10.06-17.51.45:168][616]LogUObjectGlobals: Warning: Failed to find object 'Class None.'
[2017.10.06-17.51.45:168][616]LogLoad: Game class is 'GameModeBase'
[2017.10.06-17.51.45:170][616]PIE: Warning: Trying to simulate physics on ''/Game/VirtualRealityBP/Maps/UEDPIE_0_DemoLevel.DemoLevel:PersistentLevel.ToyBox_10.StaticMeshComponent0'' but it has ComplexAsSimple collision.
[2017.10.06-17.51.45:171][616]LogWorld: Bringing World /Game/VirtualRealityBP/Maps/UEDPIE_0_DemoLevel.DemoLevel up for play (max tick rate 0) at 2017.10.06-10.51.45
[2017.10.06-17.51.45:171][616]LogWorld: Bringing up level for play took: 0.002192
[2017.10.06-17.51.45:173][616]LogBlueprintUserMessages: [SteeringWheel_BP_2] X=-19.164 Y=-19.164 Z=-3.300
[2017.10.06-17.51.45:173][616]LogBlueprintUserMessages: [SteeringWheel_BP_2]  SteeringWheel to 
[2017.10.06-17.51.45:173][616]LogBlueprintUserMessages: [SteeringWheel_BP_2] X=19.164 Y=19.164 Z=4.965
[2017.10.06-17.51.45:175][616]LogBlueprintUserMessages: [TableTriggerZone_BP_93] BP_MotionController_C_0TableTriggerZone_BP_93
[2017.10.06-17.51.45:176][616]LogBlueprintUserMessages: [TableTriggerZone_BP_93] BP_MotionController_C_1TableTriggerZone_BP_93
[2017.10.06-17.51.45:177][616]PIE: Play in editor start time for /Game/VirtualRealityBP/Maps/UEDPIE_0_DemoLevel 0.897
[2017.10.06-17.51.45:177][616]LogBlueprintUserMessages: Late PlayInEditor Detection: Level '/Game/VirtualRealityBP/Maps/DemoLevel.DemoLevel:PersistentLevel' has LevelScriptBlueprint '/Game/VirtualRealityBP/Maps/DemoLevel.DemoLevel:PersistentLevel.DemoLevel' with GeneratedClass '/Game/VirtualRealityBP/Maps/DemoLevel.DemoLevel_C' with ClassGeneratedBy '/Game/VirtualRealityBP/Maps/DemoLevel.DemoLevel:PersistentLevel.DemoLevel'
[2017.10.06-17.53.04:054][154]LogBlueprintUserMessages: Early EndPlayMap Detection: Level '/Game/VirtualRealityBP/Maps/DemoLevel.DemoLevel:PersistentLevel' has LevelScriptBlueprint '/Game/VirtualRealityBP/Maps/DemoLevel.DemoLevel:PersistentLevel.DemoLevel' with GeneratedClass '/Game/VirtualRealityBP/Maps/DemoLevel.DemoLevel_C' with ClassGeneratedBy '/Game/VirtualRealityBP/Maps/DemoLevel.DemoLevel:PersistentLevel.DemoLevel'
[2017.10.06-17.53.04:085][154]LogBlueprintUserMessages: Late EndPlayMap Detection: Level '/Game/VirtualRealityBP/Maps/DemoLevel.DemoLevel:PersistentLevel' has LevelScriptBlueprint '/Game/VirtualRealityBP/Maps/DemoLevel.DemoLevel:PersistentLevel.DemoLevel' with GeneratedClass '/Game/VirtualRealityBP/Maps/DemoLevel.DemoLevel_C' with ClassGeneratedBy '/Game/VirtualRealityBP/Maps/DemoLevel.DemoLevel:PersistentLevel.DemoLevel'
[2017.10.06-17.53.20:100][610]LogEditorViewport: Clicking on Actor (LMB): Etch_BP_C (Etch_BP)
[2017.10.06-17.53.29:504][629]LogEditorViewport: Clicking on Actor (LMB): Brick_BP_C (Brick_BP2)
[2017.10.06-17.53.32:307][926]LogEditorViewport: Clicking on Actor (LMB): StaticMeshActor (Plane)
[2017.10.06-17.53.32:988][996]LogEditorViewport: Clicking on Actor (LMB): Brick_BP_C (Brick_BP4)
[2017.10.06-17.53.35:946][300]Cmd: CAMERA ALIGN ACTIVEVIEWPORTONLY
[2017.10.06-17.53.37:637][473]LogEditorViewport: Clicking on Actor (LMB): StaticMeshActor (Plane)
[2017.10.06-17.53.37:932][496]LogEditorViewport: Clicking on Actor (LMB): StaticMeshActor (Plane)
[2017.10.06-17.53.38:318][536]LogEditorViewport: Clicking on Actor (LMB): SteeringWheel_BP_C (SteeringWheel_BP)
[2017.10.06-17.53.40:669][785]LogEditorViewport: Clicking on Actor (LMB): StaticMeshActor (Plane)
[2017.10.06-17.53.41:059][819]LogEditorViewport: Clicking on Actor (LMB): Brick_BP_C (Brick_BP4)
[2017.10.06-17.53.54:581][254]LogEditorViewport: Clicking on Actor (LMB): StaticMeshActor (ToyBox)
[2017.10.06-17.53.55:123][296]LogEditorViewport: Clicking on Actor (LMB): Brick_BP_C (Brick_BP)
[2017.10.06-17.53.59:204][724]LogEditorViewport: Clicking on Actor (LMB): Train_BP_C (Train_BP2)
[2017.10.06-17.54.02:049][ 17]LogEditorViewport: Clicking on Actor (LMB): StaticMeshActor (ToyBox)
[2017.10.06-17.54.02:582][ 60]LogEditorViewport: Clicking on Actor (LMB): Dollo_BP_C (Dollo_BP)
[2017.10.06-17.54.05:078][327]LogEditorViewport: Clicking on Actor (LMB): StaticMeshActor (Plane3)
[2017.10.06-17.54.06:230][440]LogEditorViewport: Clicking on Actor (LMB): Brick_BP_C (Brick_BP3)
[2017.10.06-17.54.11:384][975]LogEditorViewport: Clicking on Actor (LMB): StaticMeshActor (Plane)
[2017.10.06-17.54.11:870][ 21]LogEditorViewport: Clicking on Actor (LMB): Train_BP_C (Train_BP2)
[2017.10.06-17.54.15:748][430]LogEditorViewport: Clicking on Actor (LMB): StaticMeshActor (Plane)
[2017.10.06-17.54.35:249][541]LogEditorViewport: Clicking on Actor (LMB): Table_BP_C (Table_BP)
[2017.10.06-17.54.36:307][643]LogEditorViewport: Clicking on Actor (LMB): Brick_BP_C (Brick_BP)
[2017.10.06-17.54.39:477][963]LogTemp: Repeating last play command: Selected Viewport
[2017.10.06-17.54.39:493][963]LogBlueprintUserMessages: Early PlayInEditor Detection: Level '/Game/VirtualRealityBP/Maps/DemoLevel.DemoLevel:PersistentLevel' has LevelScriptBlueprint '/Game/VirtualRealityBP/Maps/DemoLevel.DemoLevel:PersistentLevel.DemoLevel' with GeneratedClass '/Game/VirtualRealityBP/Maps/DemoLevel.DemoLevel_C' with ClassGeneratedBy '/Game/VirtualRealityBP/Maps/DemoLevel.DemoLevel:PersistentLevel.DemoLevel'
[2017.10.06-17.54.39:494][963]LogPlayLevel: PlayLevel: No blueprints needed recompiling
[2017.10.06-17.54.39:494][963]PIE: New page: PIE session: DemoLevel (Oct 6, 2017, 3:54:39 AM)
[2017.10.06-17.54.39:494][963]LogPlayLevel: Creating play world package: /Game/VirtualRealityBP/Maps/UEDPIE_0_DemoLevel
[2017.10.06-17.54.39:497][963]LogPlayLevel: PIE: StaticDuplicateObject took: (0.003406s)
[2017.10.06-17.54.39:498][963]LogAIModule: Creating AISystem for world DemoLevel
[2017.10.06-17.54.39:498][963]LogPlayLevel: PIE: World Init took: (0.000978s)
[2017.10.06-17.54.39:499][963]LogPlayLevel: PIE: Created PIE world by copying editor world from /Game/VirtualRealityBP/Maps/DemoLevel.DemoLevel to /Game/VirtualRealityBP/Maps/UEDPIE_0_DemoLevel.DemoLevel (0.004711s)
[2017.10.06-17.54.39:518][963]LogInit: XAudio2 using 'Speakers (4- USB Audio Device)' : 2 channels at 44.1 kHz using 16 bits per sample (channel mask 0x3)
[2017.10.06-17.54.39:525][963]LogInit: FAudioDevice initialized.
[2017.10.06-17.54.39:559][963]LogUObjectGlobals: Warning: Failed to find object 'Class None.'
[2017.10.06-17.54.39:559][963]LogLoad: Game class is 'GameModeBase'
[2017.10.06-17.54.39:561][963]PIE: Warning: Trying to simulate physics on ''/Game/VirtualRealityBP/Maps/UEDPIE_0_DemoLevel.DemoLevel:PersistentLevel.ToyBox_10.StaticMeshComponent0'' but it has ComplexAsSimple collision.
[2017.10.06-17.54.39:562][963]LogWorld: Bringing World /Game/VirtualRealityBP/Maps/UEDPIE_0_DemoLevel.DemoLevel up for play (max tick rate 0) at 2017.10.06-10.54.39
[2017.10.06-17.54.39:563][963]LogWorld: Bringing up level for play took: 0.002714
[2017.10.06-17.54.39:564][963]LogBlueprintUserMessages: [ToyZoneGood_BP_C_0] Brick_BP2ToyZoneGood_BP_C_0
[2017.10.06-17.54.39:565][963]LogBlueprintUserMessages: [ToyZoneGood_BP_C_1] Brick_BP2ToyZoneGood_BP_C_1
[2017.10.06-17.54.39:565][963]LogBlueprintUserMessages: [ToyZoneGood_BP_C_2] Brick_BP2ToyZoneGood_BP_C_2
[2017.10.06-17.54.39:566][963]LogBlueprintUserMessages: [ToyZoneGood_BP_C_3] Brick_BP2ToyZoneGood_BP_C_3
[2017.10.06-17.54.39:566][963]LogBlueprintUserMessages: [SteeringWheel_BP_2] X=-19.164 Y=-19.164 Z=-3.300
[2017.10.06-17.54.39:566][963]LogBlueprintUserMessages: [SteeringWheel_BP_2]  SteeringWheel to 
[2017.10.06-17.54.39:566][963]LogBlueprintUserMessages: [SteeringWheel_BP_2] X=19.164 Y=19.164 Z=4.965
[2017.10.06-17.54.39:568][963]LogBlueprintUserMessages: [TableTriggerZone_BP_93] BP_MotionController_C_0TableTriggerZone_BP_93
[2017.10.06-17.54.39:569][963]LogBlueprintUserMessages: [TableTriggerZone_BP_93] BP_MotionController_C_1TableTriggerZone_BP_93
[2017.10.06-17.54.39:569][963]PIE: Play in editor start time for /Game/VirtualRealityBP/Maps/UEDPIE_0_DemoLevel -0.463
[2017.10.06-17.54.39:570][963]LogBlueprintUserMessages: Late PlayInEditor Detection: Level '/Game/VirtualRealityBP/Maps/DemoLevel.DemoLevel:PersistentLevel' has LevelScriptBlueprint '/Game/VirtualRealityBP/Maps/DemoLevel.DemoLevel:PersistentLevel.DemoLevel' with GeneratedClass '/Game/VirtualRealityBP/Maps/DemoLevel.DemoLevel_C' with ClassGeneratedBy '/Game/VirtualRealityBP/Maps/DemoLevel.DemoLevel:PersistentLevel.DemoLevel'
[2017.10.06-17.54.43:699][448]LogBlueprintUserMessages: Early EndPlayMap Detection: Level '/Game/VirtualRealityBP/Maps/DemoLevel.DemoLevel:PersistentLevel' has LevelScriptBlueprint '/Game/VirtualRealityBP/Maps/DemoLevel.DemoLevel:PersistentLevel.DemoLevel' with GeneratedClass '/Game/VirtualRealityBP/Maps/DemoLevel.DemoLevel_C' with ClassGeneratedBy '/Game/VirtualRealityBP/Maps/DemoLevel.DemoLevel:PersistentLevel.DemoLevel'
[2017.10.06-17.54.43:751][448]LogBlueprintUserMessages: Late EndPlayMap Detection: Level '/Game/VirtualRealityBP/Maps/DemoLevel.DemoLevel:PersistentLevel' has LevelScriptBlueprint '/Game/VirtualRealityBP/Maps/DemoLevel.DemoLevel:PersistentLevel.DemoLevel' with GeneratedClass '/Game/VirtualRealityBP/Maps/DemoLevel.DemoLevel_C' with ClassGeneratedBy '/Game/VirtualRealityBP/Maps/DemoLevel.DemoLevel:PersistentLevel.DemoLevel'
[2017.10.06-17.54.48:788][973]LogTemp: Repeating last play command: Selected Viewport
[2017.10.06-17.54.48:804][973]LogBlueprintUserMessages: Early PlayInEditor Detection: Level '/Game/VirtualRealityBP/Maps/DemoLevel.DemoLevel:PersistentLevel' has LevelScriptBlueprint '/Game/VirtualRealityBP/Maps/DemoLevel.DemoLevel:PersistentLevel.DemoLevel' with GeneratedClass '/Game/VirtualRealityBP/Maps/DemoLevel.DemoLevel_C' with ClassGeneratedBy '/Game/VirtualRealityBP/Maps/DemoLevel.DemoLevel:PersistentLevel.DemoLevel'
[2017.10.06-17.54.48:804][973]LogPlayLevel: PlayLevel: No blueprints needed recompiling
[2017.10.06-17.54.48:804][973]PIE: New page: PIE session: DemoLevel (Oct 6, 2017, 3:54:48 AM)
[2017.10.06-17.54.48:804][973]LogPlayLevel: Creating play world package: /Game/VirtualRealityBP/Maps/UEDPIE_0_DemoLevel
[2017.10.06-17.54.48:807][973]LogPlayLevel: PIE: StaticDuplicateObject took: (0.003372s)
[2017.10.06-17.54.48:808][973]LogAIModule: Creating AISystem for world DemoLevel
[2017.10.06-17.54.48:808][973]LogPlayLevel: PIE: World Init took: (0.000771s)
[2017.10.06-17.54.48:808][973]LogPlayLevel: PIE: Created PIE world by copying editor world from /Game/VirtualRealityBP/Maps/DemoLevel.DemoLevel to /Game/VirtualRealityBP/Maps/UEDPIE_0_DemoLevel.DemoLevel (0.004397s)
[2017.10.06-17.54.48:827][973]LogInit: XAudio2 using 'Speakers (4- USB Audio Device)' : 2 channels at 44.1 kHz using 16 bits per sample (channel mask 0x3)
[2017.10.06-17.54.48:832][973]LogInit: FAudioDevice initialized.
[2017.10.06-17.54.48:865][973]LogUObjectGlobals: Warning: Failed to find object 'Class None.'
[2017.10.06-17.54.48:865][973]LogLoad: Game class is 'GameModeBase'
[2017.10.06-17.54.48:866][973]PIE: Warning: Trying to simulate physics on ''/Game/VirtualRealityBP/Maps/UEDPIE_0_DemoLevel.DemoLevel:PersistentLevel.ToyBox_10.StaticMeshComponent0'' but it has ComplexAsSimple collision.
[2017.10.06-17.54.48:868][973]LogWorld: Bringing World /Game/VirtualRealityBP/Maps/UEDPIE_0_DemoLevel.DemoLevel up for play (max tick rate 0) at 2017.10.06-10.54.48
[2017.10.06-17.54.48:868][973]LogWorld: Bringing up level for play took: 0.002262
[2017.10.06-17.54.48:869][973]LogBlueprintUserMessages: [ToyZoneGood_BP_C_0] Brick_BP2ToyZoneGood_BP_C_0
[2017.10.06-17.54.48:870][973]LogBlueprintUserMessages: [ToyZoneGood_BP_C_1] Brick_BP2ToyZoneGood_BP_C_1
[2017.10.06-17.54.48:870][973]LogBlueprintUserMessages: [ToyZoneGood_BP_C_2] Brick_BP2ToyZoneGood_BP_C_2
[2017.10.06-17.54.48:870][973]LogBlueprintUserMessages: [ToyZoneGood_BP_C_2] Brick_BP4ToyZoneGood_BP_C_2
[2017.10.06-17.54.48:870][973]LogBlueprintUserMessages: [ToyZoneGood_BP_C_2] Train_BP2_5ToyZoneGood_BP_C_2
[2017.10.06-17.54.48:871][973]LogBlueprintUserMessages: [ToyZoneGood_BP_C_3] Brick_BP2ToyZoneGood_BP_C_3
[2017.10.06-17.54.48:871][973]LogBlueprintUserMessages: [ToyZoneGood_BP_C_3] ToyZoneGood_BP_C_0ToyZoneGood_BP_C_3
[2017.10.06-17.54.48:871][973]LogBlueprintUserMessages: [ToyZoneGood_BP_C_0] ToyZoneGood_BP_C_3ToyZoneGood_BP_C_0
[2017.10.06-17.54.48:871][973]LogBlueprintUserMessages: [SteeringWheel_BP_2] X=-19.164 Y=-19.164 Z=-3.300
[2017.10.06-17.54.48:871][973]LogBlueprintUserMessages: [SteeringWheel_BP_2]  SteeringWheel to 
[2017.10.06-17.54.48:871][973]LogBlueprintUserMessages: [SteeringWheel_BP_2] X=19.164 Y=19.164 Z=4.965
[2017.10.06-17.54.48:873][973]LogBlueprintUserMessages: [TableTriggerZone_BP_93] BP_MotionController_C_0TableTriggerZone_BP_93
[2017.10.06-17.54.48:874][973]LogBlueprintUserMessages: [TableTriggerZone_BP_93] BP_MotionController_C_1TableTriggerZone_BP_93
[2017.10.06-17.54.48:874][973]PIE: Play in editor start time for /Game/VirtualRealityBP/Maps/UEDPIE_0_DemoLevel 0.849
[2017.10.06-17.54.48:874][973]LogBlueprintUserMessages: Late PlayInEditor Detection: Level '/Game/VirtualRealityBP/Maps/DemoLevel.DemoLevel:PersistentLevel' has LevelScriptBlueprint '/Game/VirtualRealityBP/Maps/DemoLevel.DemoLevel:PersistentLevel.DemoLevel' with GeneratedClass '/Game/VirtualRealityBP/Maps/DemoLevel.DemoLevel_C' with ClassGeneratedBy '/Game/VirtualRealityBP/Maps/DemoLevel.DemoLevel:PersistentLevel.DemoLevel'
[2017.10.06-17.55.08:906][909]LogEditorViewport: Clicking on Actor (LMB): Table_BP_C (Table_BP)
[2017.10.06-17.55.11:411][ 52]LogEditorViewport: Clicking on Actor (LMB): StaticMeshActor (Plane)
[2017.10.06-17.55.11:839][ 73]LogEditorViewport: Clicking on Actor (LMB): StaticMeshActor (Plane3)
[2017.10.06-17.55.13:767][215]LogEditorViewport: Clicking on Actor (LMB): Train_BP_C (Train_BP2)
[2017.10.06-17.55.16:809][396]LogEditorViewport: Clicking on Actor (LMB): StaticMeshActor (Plane3)
[2017.10.06-17.55.18:960][559]LogEditorViewport: Clicking on Actor (LMB): Dollo_BP_C (Dollo_BP)
[2017.10.06-17.55.20:307][655]LogEditorViewport: Clicking on Actor (LMB): StaticMeshActor (Plane3)
[2017.10.06-17.55.20:886][682]LogEditorViewport: Clicking on Actor (LMB): JudgeBase_C (JudgeBase)
[2017.10.06-17.55.21:804][725]LogEditorViewport: Clicking on Actor (LMB): StaticMeshActor (Plane3)
[2017.10.06-19.05.14:302][270]LogEditorViewport: Clicking on Actor (LMB): Table_BP_C (Table_BP)
[2017.10.06-19.05.15:464][339]LogEditorViewport: Clicking on Actor (LMB): StaticMeshActor (ToyBox)
[2017.10.06-19.05.15:864][358]Cmd: CAMERA ALIGN ACTIVEVIEWPORTONLY
[2017.10.06-19.05.16:832][415]LogEditorViewport: Clicking on Actor (LMB): StaticMeshActor (Plane3)
[2017.10.06-19.05.21:265][633]LogEditorViewport: Clicking on Actor (LMB): StaticMeshActor (ToyBox)
[2017.10.06-19.05.27:888][160]LogEditorViewport: Clicking on Actor (LMB): StaticMeshActor (ToyBox)
[2017.10.06-19.05.29:090][269]LogEditorViewport: Clicking on Actor (context menu): StaticMeshActor (ToyBox)
[2017.10.06-19.05.43:342][597]LogUObjectGlobals: Warning: Failed to find object 'Object None.'
[2017.10.06-19.05.43:342][597]LogUObjectGlobals: Warning: Failed to find object 'Object None.'
[2017.10.06-19.05.56:727][895]PIE: Warning: Trying to simulate physics on ''/Game/VirtualRealityBP/Maps/UEDPIE_0_DemoLevel.DemoLevel:PersistentLevel.ToyBox_BP_C_0.StaticMeshComponent0'' but it has ComplexAsSimple collision.
[2017.10.06-19.05.57:150][895]LogContentBrowser: Native class hierarchy updated for 'BlueprintGraph' in 0.0011 seconds. Added 113 classes and 0 folders.
[2017.10.06-19.05.58:127][895]PIE: Warning: Trying to simulate physics on ''/Game/VirtualRealityBP/Maps/UEDPIE_0_DemoLevel.DemoLevel:PersistentLevel.ToyBox_BP.StaticMeshComponent0'' but it has ComplexAsSimple collision.
[2017.10.06-19.05.58:130][895]PIE: Warning: Trying to simulate physics on ''/Engine/Transient.World_13:PersistentLevel.ToyBox_BP_C_0.StaticMeshComponent0'' but it has ComplexAsSimple collision.
[2017.10.06-19.05.58:240][895]PIE: Warning: Trying to simulate physics on ''/Engine/Transient.World_13:PersistentLevel.ToyBox_BP_C_0.StaticMeshComponent0'' but it has ComplexAsSimple collision.
[2017.10.06-19.06.27:337][ 99]LogEditorViewport: Clicking on Actor (LMB): ToyBox_BP_C (ToyBox_BP)
[2017.10.06-19.06.28:349][159]Cmd: CAMERA ALIGN ACTIVEVIEWPORTONLY
[2017.10.06-19.06.33:695][419]LogEditorViewport: Clicking on Actor (LMB): SteeringWheel_BP_C (SteeringWheel_BP)
[2017.10.06-19.06.35:893][518]LogBlueprintUserMessages: [ToyZoneGood_BP_C_2] SteeringWheel_BP_2ToyZoneGood_BP_C_2
[2017.10.06-19.06.38:149][628]LogBlueprintUserMessages: Early EndPlayMap Detection: Level '/Game/VirtualRealityBP/Maps/DemoLevel.DemoLevel:PersistentLevel' has LevelScriptBlueprint '/Game/VirtualRealityBP/Maps/DemoLevel.DemoLevel:PersistentLevel.DemoLevel' with GeneratedClass '/Game/VirtualRealityBP/Maps/DemoLevel.DemoLevel_C' with ClassGeneratedBy '/Game/VirtualRealityBP/Maps/DemoLevel.DemoLevel:PersistentLevel.DemoLevel'
[2017.10.06-19.06.38:204][628]LogBlueprintUserMessages: Late EndPlayMap Detection: Level '/Game/VirtualRealityBP/Maps/DemoLevel.DemoLevel:PersistentLevel' has LevelScriptBlueprint '/Game/VirtualRealityBP/Maps/DemoLevel.DemoLevel:PersistentLevel.DemoLevel' with GeneratedClass '/Game/VirtualRealityBP/Maps/DemoLevel.DemoLevel_C' with ClassGeneratedBy '/Game/VirtualRealityBP/Maps/DemoLevel.DemoLevel:PersistentLevel.DemoLevel'
[2017.10.06-19.06.38:280][628]PIE: Warning: Trying to simulate physics on ''/Engine/Transient.World_13:PersistentLevel.ToyBox_BP_C_0.StaticMeshComponent0'' but it has ComplexAsSimple collision.
[2017.10.06-19.06.40:442][781]LogEditorViewport: Clicking on Actor (LMB): Train_BP_C (Train_BP2)
[2017.10.06-19.06.44:227][ 56]LogEditorViewport: Clicking on Actor (LMB): SteeringWheel_BP_C (SteeringWheel_BP)
[2017.10.06-19.06.56:807][988]LogEditorViewport: Clicking on Actor (LMB): Brick_BP_C (Brick_BP4)
[2017.10.06-19.06.59:846][203]LogEditorViewport: Clicking on Actor (LMB): JudgeBase_C (JudgeBase)
[2017.10.06-19.07.01:323][306]LogEditorViewport: Clicking on Actor (LMB): StaticMeshActor (Plane2)
[2017.10.06-19.07.01:841][337]LogEditorViewport: Clicking on Actor (LMB): Dollo_BP_C (Dollo_BP)
[2017.10.06-19.07.07:418][750]LogEditorViewport: Clicking on Actor (LMB): StaticMeshActor (Plane)
[2017.10.06-19.07.08:569][832]LogEditorViewport: Clicking on Actor (LMB): Etch_BP_C (Etch_BP)
[2017.10.06-19.07.16:268][410]LogEditorViewport: Clicking on Actor (LMB): SteeringWheel_BP_C (SteeringWheel_BP)
[2017.10.06-19.07.21:529][805]LogEditorViewport: Clicking on Actor (LMB): Train_BP_C (Train_BP2)
[2017.10.06-19.07.27:663][258]LogEditorViewport: Clicking on Actor (LMB): Brick_BP_C (Brick_BP4)
[2017.10.06-19.07.33:138][648]LogEditorViewport: Clicking on Actor (LMB): Etch_BP_C (Etch_BP)
[2017.10.06-19.07.35:690][838]LogEditorViewport: Clicking on Actor (LMB): Dollo_BP_C (Dollo_BP)
[2017.10.06-19.07.47:326][691]LogEditorViewport: Clicking on Actor (LMB): StaticMeshActor (Plane2)
[2017.10.06-19.07.52:879][108]LogEditorViewport: Clicking on Actor (LMB): Table_BP_C (Table_BP)
[2017.10.06-19.07.53:738][167]LogEditorViewport: Clicking on Actor (LMB): StaticMeshActor (ToyBox)
[2017.10.06-19.07.54:337][202]LogEditorViewport: Clicking on Actor (LMB): Etch_BP_C (Etch_BP)
[2017.10.06-19.07.56:564][362]LogEditorViewport: Clicking on Actor (LMB): StaticMeshActor (Plane3)
[2017.10.06-19.07.57:501][426]LogEditorViewport: Clicking on Actor (LMB): StaticMeshActor (Plane3)
[2017.10.06-19.14.12:787][863]LogSavePackage: Save=239.50ms
[2017.10.06-19.14.12:787][863]LogSavePackage: Moving '../../../../../../Users/christopher.reilly/Desktop/KnickKnackWackyStack/KnickKnackWackyStack/Saved/DemoLevel_Auto190E2F0C04F27C2F7296C098CF69846EF.tmp' to '../../../../../../Users/christopher.reilly/Desktop/KnickKnackWackyStack/KnickKnackWackyStack/Saved/Autosaves/Game/VirtualRealityBP/Maps/DemoLevel_Auto1.umap'
[2017.10.06-19.14.12:789][863]LogSavePackage: Display: Finished SavePackage ../../../../../../Users/christopher.reilly/Desktop/KnickKnackWackyStack/KnickKnackWackyStack/Saved/Autosaves/Game/VirtualRealityBP/Maps/DemoLevel_Auto1.umap
[2017.10.06-19.14.12:791][863]LogFileHelpers: Editor autosave (incl. sublevels) for '/Game/VirtualRealityBP/Maps/DemoLevel' took 0.284
[2017.10.06-19.14.12:791][863]LogFileHelpers: Editor autosave (incl. sublevels) for all levels took 0.284
[2017.10.06-19.14.12:793][863]OBJ SavePackage: Generating thumbnails for [1] asset(s) in package [/Game/VirtualRealityBP/Blueprints/ToyBox_BP] ([1] browsable assets)...
[2017.10.06-19.14.12:810][863]OBJ SavePackage:     Rendered thumbnail for [Blueprint /Game/VirtualRealityBP/Blueprints/ToyBox_BP.ToyBox_BP]
[2017.10.06-19.14.12:810][863]OBJ SavePackage: Finished generating thumbnails for package [/Game/VirtualRealityBP/Blueprints/ToyBox_BP]
[2017.10.06-19.14.12:832][863]LogSavePackage: Save=21.33ms
[2017.10.06-19.14.12:832][863]LogSavePackage: Moving '../../../../../../Users/christopher.reilly/Desktop/KnickKnackWackyStack/KnickKnackWackyStack/Saved/ToyBox_BP_Auto19CA0E77A43AFBB8C360592B6BCC96E7B.tmp' to '../../../../../../Users/christopher.reilly/Desktop/KnickKnackWackyStack/KnickKnackWackyStack/Saved/Autosaves/Game/VirtualRealityBP/Blueprints/ToyBox_BP_Auto1.uasset'
[2017.10.06-19.14.12:833][863]LogSavePackage: Display: Finished SavePackage ../../../../../../Users/christopher.reilly/Desktop/KnickKnackWackyStack/KnickKnackWackyStack/Saved/Autosaves/Game/VirtualRealityBP/Blueprints/ToyBox_BP_Auto1.uasset
[2017.10.06-19.14.12:833][863]LogFileHelpers: Auto-saving content packages took 0.041
